[ 2015-10-08T11:09:46+08:00 ] 127.0.0.1 /CookingGod/index.php/Home/user/userdetail?userid=1
INFO: [ app_init ] --START--
INFO: Run Behavior\BuildLiteBehavior [ RunTime:0.000030s ]
INFO: [ app_init ] --END-- [ RunTime:0.001897s ]
INFO: [ app_begin ] --START--
INFO: Run Behavior\ReadHtmlCacheBehavior [ RunTime:0.002307s ]
INFO: [ app_begin ] --END-- [ RunTime:0.002446s ]
SQL: SHOW COLUMNS FROM `t_user` [ RunTime:0.0018s ]
SQL: SELECT * FROM `t_user` WHERE ( user_id=1 )  [ RunTime:0.0003s ]

[ 2015-10-08T11:42:16+08:00 ] ::1 /CookingGod/index.php/home/user/userdetail?userid=1
INFO: [ app_init ] --START--
INFO: Run Behavior\BuildLiteBehavior [ RunTime:0.000027s ]
INFO: [ app_init ] --END-- [ RunTime:0.000765s ]
INFO: [ app_begin ] --START--
INFO: Run Behavior\ReadHtmlCacheBehavior [ RunTime:0.002365s ]
INFO: [ app_begin ] --END-- [ RunTime:0.002553s ]
SQL: SHOW COLUMNS FROM `t_user` [ RunTime:0.0038s ]
SQL: SELECT * FROM `t_user` WHERE ( user_id=1 )  [ RunTime:0.0004s ]

[ 2015-10-08T11:47:16+08:00 ] ::1 /CookingGod/index.php/home/user/userdetail?userid=1
INFO: [ app_init ] --START--
INFO: Run Behavior\BuildLiteBehavior [ RunTime:0.000021s ]
INFO: [ app_init ] --END-- [ RunTime:0.001670s ]
INFO: [ app_begin ] --START--
INFO: Run Behavior\ReadHtmlCacheBehavior [ RunTime:0.002755s ]
INFO: [ app_begin ] --END-- [ RunTime:0.002953s ]
SQL: SHOW COLUMNS FROM `t_user` [ RunTime:0.0028s ]
SQL: SELECT * FROM `t_user` WHERE ( user_id=1 )  [ RunTime:0.0004s ]

[ 2015-10-08T11:50:40+08:00 ] ::1 /CookingGod/index.php/home/user/userdetail?userid=1
INFO: [ app_init ] --START--
INFO: Run Behavior\BuildLiteBehavior [ RunTime:0.000022s ]
INFO: [ app_init ] --END-- [ RunTime:0.000546s ]
INFO: [ app_begin ] --START--
INFO: Run Behavior\ReadHtmlCacheBehavior [ RunTime:0.000563s ]
INFO: [ app_begin ] --END-- [ RunTime:0.000644s ]
SQL: SHOW COLUMNS FROM `t_user` [ RunTime:0.0019s ]
SQL: SELECT * FROM `t_user` WHERE ( user_id=1 )  [ RunTime:0.0004s ]

[ 2015-10-08T13:34:07+08:00 ] ::1 /CookingGod/index.php/Home/user/userdetail?userid=1
INFO: [ app_init ] --START--
INFO: Run Behavior\BuildLiteBehavior [ RunTime:0.000025s ]
INFO: [ app_init ] --END-- [ RunTime:0.001066s ]
INFO: [ app_begin ] --START--
INFO: Run Behavior\ReadHtmlCacheBehavior [ RunTime:0.001984s ]
INFO: [ app_begin ] --END-- [ RunTime:0.002094s ]
SQL: SHOW COLUMNS FROM `t_user` [ RunTime:0.0023s ]
SQL: SELECT * FROM `t_user` WHERE ( user_id=1 )  [ RunTime:0.0003s ]

[ 2015-10-08T13:34:32+08:00 ] ::1 /CookingGod/index.php/Home/user/userdetail?userid=1
INFO: [ app_init ] --START--
INFO: Run Behavior\BuildLiteBehavior [ RunTime:0.000025s ]
INFO: [ app_init ] --END-- [ RunTime:0.000469s ]
INFO: [ app_begin ] --START--
INFO: Run Behavior\ReadHtmlCacheBehavior [ RunTime:0.000744s ]
INFO: [ app_begin ] --END-- [ RunTime:0.000842s ]
SQL: SHOW COLUMNS FROM `t_user` [ RunTime:0.0042s ]
SQL: SELECT * FROM `t_user` WHERE ( user_id=1 )  [ RunTime:0.0004s ]

[ 2015-10-08T13:36:02+08:00 ] ::1 /CookingGod/index.php/Home/user/userdetail?userid=1
INFO: [ app_init ] --START--
INFO: Run Behavior\BuildLiteBehavior [ RunTime:0.000014s ]
INFO: [ app_init ] --END-- [ RunTime:0.000323s ]
INFO: [ app_begin ] --START--
INFO: Run Behavior\ReadHtmlCacheBehavior [ RunTime:0.000418s ]
INFO: [ app_begin ] --END-- [ RunTime:0.000469s ]
SQL: SHOW COLUMNS FROM `t_user` [ RunTime:0.0022s ]
SQL: SELECT * FROM `t_user` WHERE ( user_id=1 )  [ RunTime:0.0003s ]

[ 2015-10-08T13:36:03+08:00 ] ::1 /CookingGod/index.php/Home/user/userdetail?userid=1
INFO: [ app_init ] --START--
INFO: Run Behavior\BuildLiteBehavior [ RunTime:0.000014s ]
INFO: [ app_init ] --END-- [ RunTime:0.000405s ]
INFO: [ app_begin ] --START--
INFO: Run Behavior\ReadHtmlCacheBehavior [ RunTime:0.000527s ]
INFO: [ app_begin ] --END-- [ RunTime:0.000599s ]
SQL: SHOW COLUMNS FROM `t_user` [ RunTime:0.0023s ]
SQL: SELECT * FROM `t_user` WHERE ( user_id=1 )  [ RunTime:0.0005s ]

[ 2015-10-08T14:02:33+08:00 ] ::1 /CookingGod/index.php/Home/user/userdetail
INFO: [ app_init ] --START--
INFO: Run Behavior\BuildLiteBehavior [ RunTime:0.000017s ]
INFO: [ app_init ] --END-- [ RunTime:0.000617s ]
INFO: [ app_begin ] --START--
INFO: Run Behavior\ReadHtmlCacheBehavior [ RunTime:0.002175s ]
INFO: [ app_begin ] --END-- [ RunTime:0.002274s ]
ERR: 参数错误或者未定义:userid

[ 2015-10-08T14:02:47+08:00 ] ::1 /CookingGod/index.php/Home/user/userdetail?userid=1
INFO: [ app_init ] --START--
INFO: Run Behavior\BuildLiteBehavior [ RunTime:0.000013s ]
INFO: [ app_init ] --END-- [ RunTime:0.000307s ]
INFO: [ app_begin ] --START--
INFO: Run Behavior\ReadHtmlCacheBehavior [ RunTime:0.000419s ]
INFO: [ app_begin ] --END-- [ RunTime:0.000473s ]
SQL: SHOW COLUMNS FROM `t_user` [ RunTime:0.0027s ]
SQL: SELECT * FROM `t_user` WHERE ( user_id=1 )  [ RunTime:0.0003s ]

[ 2015-10-08T14:02:55+08:00 ] ::1 /CookingGod/index.php/Home/user/userdetail?userid=1
INFO: [ app_init ] --START--
INFO: Run Behavior\BuildLiteBehavior [ RunTime:0.000013s ]
INFO: [ app_init ] --END-- [ RunTime:0.000306s ]
INFO: [ app_begin ] --START--
INFO: Run Behavior\ReadHtmlCacheBehavior [ RunTime:0.000438s ]
INFO: [ app_begin ] --END-- [ RunTime:0.000504s ]
SQL: SHOW COLUMNS FROM `t_user` [ RunTime:0.0022s ]
SQL: SELECT * FROM `t_user` WHERE ( user_id=1 )  [ RunTime:0.0003s ]

[ 2015-10-08T14:04:29+08:00 ] ::1 /CookingGod/index.php/Home/user/userdetail
INFO: [ app_init ] --START--
INFO: Run Behavior\BuildLiteBehavior [ RunTime:0.000018s ]
INFO: [ app_init ] --END-- [ RunTime:0.000591s ]
INFO: [ app_begin ] --START--
INFO: Run Behavior\ReadHtmlCacheBehavior [ RunTime:0.001735s ]
INFO: [ app_begin ] --END-- [ RunTime:0.001828s ]
ERR: 参数错误或者未定义:userid

[ 2015-10-08T14:07:33+08:00 ] 127.0.0.1 /CookingGod/index.php/Home/user/userdetail?userid=1
INFO: [ app_init ] --START--
INFO: Run Behavior\BuildLiteBehavior [ RunTime:0.000016s ]
INFO: [ app_init ] --END-- [ RunTime:0.000343s ]
INFO: [ app_begin ] --START--
INFO: Run Behavior\ReadHtmlCacheBehavior [ RunTime:0.000775s ]
INFO: [ app_begin ] --END-- [ RunTime:0.000901s ]
SQL: SHOW COLUMNS FROM `t_user` [ RunTime:0.0020s ]
SQL: SELECT * FROM `t_user` WHERE ( user_id=1 )  [ RunTime:0.0004s ]

[ 2015-10-08T14:08:36+08:00 ] ::1 /CookingGod/index.php/Home/user/userdetail
INFO: [ app_init ] --START--
INFO: Run Behavior\BuildLiteBehavior [ RunTime:0.000018s ]
INFO: [ app_init ] --END-- [ RunTime:0.000394s ]
INFO: [ app_begin ] --START--
INFO: Run Behavior\ReadHtmlCacheBehavior [ RunTime:0.000520s ]
INFO: [ app_begin ] --END-- [ RunTime:0.000646s ]
SQL: SHOW COLUMNS FROM `t_user` [ RunTime:0.0025s ]
SQL: SELECT * FROM `t_user` WHERE ( user_id=1 )  [ RunTime:0.0004s ]

[ 2015-10-08T14:09:12+08:00 ] ::1 /CookingGod/index.php/Home/user/userdetail
INFO: [ app_init ] --START--
INFO: Run Behavior\BuildLiteBehavior [ RunTime:0.000063s ]
INFO: [ app_init ] --END-- [ RunTime:0.000775s ]
INFO: [ app_begin ] --START--
INFO: Run Behavior\ReadHtmlCacheBehavior [ RunTime:0.000595s ]
INFO: [ app_begin ] --END-- [ RunTime:0.000685s ]
SQL: SHOW COLUMNS FROM `t_user` [ RunTime:0.0027s ]
SQL: SELECT * FROM `t_user` WHERE ( user_id=1 )  [ RunTime:0.0004s ]

[ 2015-10-08T14:10:31+08:00 ] ::1 /CookingGod/index.php/Home/user/userdetail?userid=1
INFO: [ app_init ] --START--
INFO: Run Behavior\BuildLiteBehavior [ RunTime:0.000018s ]
INFO: [ app_init ] --END-- [ RunTime:0.000405s ]
INFO: [ app_begin ] --START--
INFO: Run Behavior\ReadHtmlCacheBehavior [ RunTime:0.000452s ]
INFO: [ app_begin ] --END-- [ RunTime:0.000510s ]
SQL: SHOW COLUMNS FROM `t_user` [ RunTime:0.0021s ]
SQL: SELECT * FROM `t_user` WHERE ( user_id=1 )  [ RunTime:0.0003s ]

[ 2015-10-08T14:14:36+08:00 ] ::1 /CookingGod/index.php/Home/user/userdetail?userid%20=%201
INFO: [ app_init ] --START--
INFO: Run Behavior\BuildLiteBehavior [ RunTime:0.000014s ]
INFO: [ app_init ] --END-- [ RunTime:0.000341s ]
INFO: [ app_begin ] --START--
INFO: Run Behavior\ReadHtmlCacheBehavior [ RunTime:0.000444s ]
INFO: [ app_begin ] --END-- [ RunTime:0.000496s ]
ERR: 参数错误或者未定义:userid

[ 2015-10-08T14:15:07+08:00 ] ::1 /CookingGod/index.php/Home/user/userdetail?userid=1
INFO: [ app_init ] --START--
INFO: Run Behavior\BuildLiteBehavior [ RunTime:0.000013s ]
INFO: [ app_init ] --END-- [ RunTime:0.000300s ]
INFO: [ app_begin ] --START--
INFO: Run Behavior\ReadHtmlCacheBehavior [ RunTime:0.000404s ]
INFO: [ app_begin ] --END-- [ RunTime:0.000455s ]
SQL: SHOW COLUMNS FROM `t_user` [ RunTime:0.0021s ]
SQL: SELECT * FROM `t_user` WHERE ( user_id=1 )  [ RunTime:0.0003s ]

[ 2015-10-08T14:15:08+08:00 ] ::1 /CookingGod/index.php/Home/user/userdetail?userid=1
INFO: [ app_init ] --START--
INFO: Run Behavior\BuildLiteBehavior [ RunTime:0.000017s ]
INFO: [ app_init ] --END-- [ RunTime:0.000426s ]
INFO: [ app_begin ] --START--
INFO: Run Behavior\ReadHtmlCacheBehavior [ RunTime:0.000456s ]
INFO: [ app_begin ] --END-- [ RunTime:0.000511s ]
SQL: SHOW COLUMNS FROM `t_user` [ RunTime:0.0021s ]
SQL: SELECT * FROM `t_user` WHERE ( user_id=1 )  [ RunTime:0.0004s ]

[ 2015-10-08T14:15:39+08:00 ] ::1 /CookingGod/index.php/Home/user/userdetail?userid=1
INFO: [ app_init ] --START--
INFO: Run Behavior\BuildLiteBehavior [ RunTime:0.000013s ]
INFO: [ app_init ] --END-- [ RunTime:0.000307s ]
INFO: [ app_begin ] --START--
INFO: Run Behavior\ReadHtmlCacheBehavior [ RunTime:0.000419s ]
INFO: [ app_begin ] --END-- [ RunTime:0.000472s ]
SQL: SHOW COLUMNS FROM `t_user` [ RunTime:0.0025s ]
SQL: SELECT * FROM `t_user` WHERE ( user_id=1 )  [ RunTime:0.0003s ]

[ 2015-10-08T14:16:18+08:00 ] ::1 /CookingGod/index.php/Home/user/userdetail?userid=1
INFO: [ app_init ] --START--
INFO: Run Behavior\BuildLiteBehavior [ RunTime:0.000017s ]
INFO: [ app_init ] --END-- [ RunTime:0.000536s ]
INFO: [ app_begin ] --START--
INFO: Run Behavior\ReadHtmlCacheBehavior [ RunTime:0.000714s ]
INFO: [ app_begin ] --END-- [ RunTime:0.000778s ]
SQL: SHOW COLUMNS FROM `t_user` [ RunTime:0.0019s ]
SQL: SELECT * FROM `t_user` WHERE ( user_id=1 )  [ RunTime:0.0003s ]

[ 2015-10-08T14:24:09+08:00 ] ::1 /CookingGod/index.php/Home/user/userdetail?userid=1
INFO: [ app_init ] --START--
INFO: Run Behavior\BuildLiteBehavior [ RunTime:0.000041s ]
INFO: [ app_init ] --END-- [ RunTime:0.000630s ]
INFO: [ app_begin ] --START--
INFO: Run Behavior\ReadHtmlCacheBehavior [ RunTime:0.001820s ]
INFO: [ app_begin ] --END-- [ RunTime:0.001993s ]
SQL: SHOW COLUMNS FROM `t_user` [ RunTime:0.0041s ]
SQL: SELECT * FROM `t_user` WHERE ( user_id=1 )  [ RunTime:0.0003s ]

[ 2015-10-08T14:24:24+08:00 ] ::1 /CookingGod/index.php/Home/user/userdetail?userid=1
INFO: [ app_init ] --START--
INFO: Run Behavior\BuildLiteBehavior [ RunTime:0.000040s ]
INFO: [ app_init ] --END-- [ RunTime:0.000482s ]
INFO: [ app_begin ] --START--
INFO: Run Behavior\ReadHtmlCacheBehavior [ RunTime:0.000672s ]
INFO: [ app_begin ] --END-- [ RunTime:0.000794s ]
SQL: SHOW COLUMNS FROM `t_user` [ RunTime:0.0021s ]
SQL: SELECT * FROM `t_user` WHERE ( user_id=1 )  [ RunTime:0.0003s ]

[ 2015-10-08T14:24:24+08:00 ] ::1 /CookingGod/index.php/Home/user/userdetail?userid=1
INFO: [ app_init ] --START--
INFO: Run Behavior\BuildLiteBehavior [ RunTime:0.000014s ]
INFO: [ app_init ] --END-- [ RunTime:0.000329s ]
INFO: [ app_begin ] --START--
INFO: Run Behavior\ReadHtmlCacheBehavior [ RunTime:0.000494s ]
INFO: [ app_begin ] --END-- [ RunTime:0.000554s ]
SQL: SHOW COLUMNS FROM `t_user` [ RunTime:0.0019s ]
SQL: SELECT * FROM `t_user` WHERE ( user_id=1 )  [ RunTime:0.0003s ]

[ 2015-10-08T14:29:18+08:00 ] 127.0.0.1 /CookingGod/index.php/Home/user/userdetail?userid=1
INFO: [ app_init ] --START--
INFO: Run Behavior\BuildLiteBehavior [ RunTime:0.000018s ]
INFO: [ app_init ] --END-- [ RunTime:0.000691s ]
INFO: [ app_begin ] --START--
INFO: Run Behavior\ReadHtmlCacheBehavior [ RunTime:0.001644s ]
INFO: [ app_begin ] --END-- [ RunTime:0.001715s ]
SQL: SHOW COLUMNS FROM `t_user` [ RunTime:0.0024s ]
SQL: SELECT * FROM `t_user` WHERE ( user_id=1 )  [ RunTime:0.0003s ]

[ 2015-10-08T14:29:27+08:00 ] ::1 /CookingGod/index.php/Home/user/userdetail?userid=1
INFO: [ app_init ] --START--
INFO: Run Behavior\BuildLiteBehavior [ RunTime:0.000015s ]
INFO: [ app_init ] --END-- [ RunTime:0.000334s ]
INFO: [ app_begin ] --START--
INFO: Run Behavior\ReadHtmlCacheBehavior [ RunTime:0.000569s ]
INFO: [ app_begin ] --END-- [ RunTime:0.000648s ]
SQL: SHOW COLUMNS FROM `t_user` [ RunTime:0.0029s ]
SQL: SELECT * FROM `t_user` WHERE ( user_id=1 )  [ RunTime:0.0004s ]

[ 2015-10-08T14:33:35+08:00 ] ::1 /CookingGod/index.php/Home/user/userdetail?userid=1
INFO: [ app_init ] --START--
INFO: Run Behavior\BuildLiteBehavior [ RunTime:0.000023s ]
INFO: [ app_init ] --END-- [ RunTime:0.000668s ]
INFO: [ app_begin ] --START--
INFO: Run Behavior\ReadHtmlCacheBehavior [ RunTime:0.003024s ]
INFO: [ app_begin ] --END-- [ RunTime:0.003109s ]
SQL: SHOW COLUMNS FROM `t_user` [ RunTime:0.0024s ]
SQL: SELECT * FROM `t_user` WHERE ( user_id=1 )  [ RunTime:0.0004s ]

[ 2015-10-08T14:45:35+08:00 ] ::1 /CookingGod/index.php/Home/user/userdetail?userid=1
INFO: [ app_init ] --START--
INFO: Run Behavior\BuildLiteBehavior [ RunTime:0.000020s ]
INFO: [ app_init ] --END-- [ RunTime:0.000607s ]
INFO: [ app_begin ] --START--
INFO: Run Behavior\ReadHtmlCacheBehavior [ RunTime:0.000486s ]
INFO: [ app_begin ] --END-- [ RunTime:0.000557s ]
SQL: SHOW COLUMNS FROM `t_user` [ RunTime:0.0030s ]
SQL: SELECT * FROM `t_user` WHERE ( user_id=1 )  [ RunTime:0.0004s ]

[ 2015-10-08T14:46:29+08:00 ] ::1 /CookingGod/index.php/Home/user/userdetail?userid=1
INFO: [ app_init ] --START--
INFO: Run Behavior\BuildLiteBehavior [ RunTime:0.000018s ]
INFO: [ app_init ] --END-- [ RunTime:0.000384s ]
INFO: [ app_begin ] --START--
INFO: Run Behavior\ReadHtmlCacheBehavior [ RunTime:0.000429s ]
INFO: [ app_begin ] --END-- [ RunTime:0.000486s ]
SQL: SHOW COLUMNS FROM `t_user` [ RunTime:0.0034s ]
SQL: SELECT * FROM `t_user` WHERE ( user_id=1 )  [ RunTime:0.0004s ]

[ 2015-10-08T15:16:28+08:00 ] ::1 /CookingGod/
INFO: [ app_init ] --START--
INFO: Run Behavior\BuildLiteBehavior [ RunTime:0.000017s ]
INFO: [ app_init ] --END-- [ RunTime:0.000623s ]
INFO: [ app_begin ] --START--
INFO: Run Behavior\ReadHtmlCacheBehavior [ RunTime:0.001692s ]
INFO: [ app_begin ] --END-- [ RunTime:0.001779s ]
INFO: [ view_parse ] --START--
INFO: Run Behavior\ParseTemplateBehavior [ RunTime:0.001830s ]
INFO: [ view_parse ] --END-- [ RunTime:0.001975s ]
INFO: [ view_filter ] --START--
INFO: Run Behavior\WriteHtmlCacheBehavior [ RunTime:0.000738s ]
INFO: [ view_filter ] --END-- [ RunTime:0.000813s ]
INFO: [ app_end ] --START--
INFO: Run Behavior\ShowPageTraceBehavior [ RunTime:0.001978s ]
INFO: [ app_end ] --END-- [ RunTime:0.002053s ]

[ 2015-10-08T15:32:11+08:00 ] ::1 /CookingGod/index.php/Home/user/userdetail?userid=1
INFO: [ app_init ] --START--
INFO: Run Behavior\BuildLiteBehavior [ RunTime:0.000018s ]
INFO: [ app_init ] --END-- [ RunTime:0.001563s ]
INFO: [ app_begin ] --START--
INFO: Run Behavior\ReadHtmlCacheBehavior [ RunTime:0.002028s ]
INFO: [ app_begin ] --END-- [ RunTime:0.002157s ]
SQL: SHOW COLUMNS FROM `t_user` [ RunTime:0.0015s ]
SQL: SELECT * FROM `t_user` WHERE ( user_id=1 )  [ RunTime:0.0004s ]

[ 2015-10-08T15:33:23+08:00 ] ::1 /CookingGod/index.php/Home/user/userdetail?userid=1
INFO: [ app_init ] --START--
INFO: Run Behavior\BuildLiteBehavior [ RunTime:0.000019s ]
INFO: [ app_init ] --END-- [ RunTime:0.000931s ]
INFO: [ app_begin ] --START--
INFO: Run Behavior\ReadHtmlCacheBehavior [ RunTime:0.001165s ]
INFO: [ app_begin ] --END-- [ RunTime:0.001263s ]
SQL: SHOW COLUMNS FROM `t_user` [ RunTime:0.0022s ]
SQL: SELECT * FROM `t_user` WHERE ( user_id=1 )  [ RunTime:0.0003s ]

[ 2015-10-08T15:34:02+08:00 ] ::1 /CookingGod/index.php/Home/user/userdetail?userid=1
INFO: [ app_init ] --START--
INFO: Run Behavior\BuildLiteBehavior [ RunTime:0.000026s ]
INFO: [ app_init ] --END-- [ RunTime:0.000761s ]
INFO: [ app_begin ] --START--
INFO: Run Behavior\ReadHtmlCacheBehavior [ RunTime:0.001829s ]
INFO: [ app_begin ] --END-- [ RunTime:0.001933s ]
SQL: SHOW COLUMNS FROM `t_user` [ RunTime:0.0022s ]
SQL: SELECT * FROM `t_user` WHERE ( user_id=1 )  [ RunTime:0.0004s ]

[ 2015-10-08T15:35:19+08:00 ] ::1 /CookingGod/index.php/Home/user/userdetail?userid=1
INFO: [ app_init ] --START--
INFO: Run Behavior\BuildLiteBehavior [ RunTime:0.000022s ]
INFO: [ app_init ] --END-- [ RunTime:0.000603s ]
INFO: [ app_begin ] --START--
INFO: Run Behavior\ReadHtmlCacheBehavior [ RunTime:0.001896s ]
INFO: [ app_begin ] --END-- [ RunTime:0.002026s ]
SQL: SHOW COLUMNS FROM `t_user` [ RunTime:0.0020s ]
SQL: SELECT * FROM `t_user` WHERE ( user_id=1 )  [ RunTime:0.0003s ]

[ 2015-10-08T17:01:16+08:00 ] ::1 /CookingGod/index.php/Home/user/userdetail?userid=1
INFO: [ app_init ] --START--
INFO: Run Behavior\BuildLiteBehavior [ RunTime:0.000017s ]
INFO: [ app_init ] --END-- [ RunTime:0.000567s ]
INFO: [ app_begin ] --START--
INFO: Run Behavior\ReadHtmlCacheBehavior [ RunTime:0.001836s ]
INFO: [ app_begin ] --END-- [ RunTime:0.001955s ]
SQL: SHOW COLUMNS FROM `t_user` [ RunTime:0.0023s ]
SQL: SELECT * FROM `t_user` WHERE ( user_id=1 )  [ RunTime:0.0004s ]

[ 2015-10-08T17:34:14+08:00 ] ::1 /CookingGod/index.php/Home/user/userdetail
INFO: [ app_init ] --START--
INFO: Run Behavior\BuildLiteBehavior [ RunTime:0.000018s ]
INFO: [ app_init ] --END-- [ RunTime:0.000408s ]
INFO: [ app_begin ] --START--
INFO: Run Behavior\ReadHtmlCacheBehavior [ RunTime:0.000530s ]
INFO: [ app_begin ] --END-- [ RunTime:0.000607s ]
SQL: SHOW COLUMNS FROM `t_user` [ RunTime:0.0021s ]
SQL: SELECT * FROM `t_user` WHERE ( user_id=1 )  [ RunTime:0.0003s ]

[ 2015-10-08T17:37:38+08:00 ] ::1 /CookingGod/index.php/Home/user/userdetail
INFO: [ app_init ] --START--
INFO: Run Behavior\BuildLiteBehavior [ RunTime:0.000015s ]
INFO: [ app_init ] --END-- [ RunTime:0.000336s ]
INFO: [ app_begin ] --START--
INFO: Run Behavior\ReadHtmlCacheBehavior [ RunTime:0.000521s ]
INFO: [ app_begin ] --END-- [ RunTime:0.000581s ]
SQL: SHOW COLUMNS FROM `t_user` [ RunTime:0.0022s ]
SQL: SELECT * FROM `t_user` WHERE ( user_id=1 )  [ RunTime:0.0004s ]

[ 2015-10-08T18:00:22+08:00 ] ::1 /CookingGod/index.php/Home/user/userdetail
INFO: [ app_init ] --START--
INFO: Run Behavior\BuildLiteBehavior [ RunTime:0.000019s ]
INFO: [ app_init ] --END-- [ RunTime:0.000585s ]
INFO: [ app_begin ] --START--
INFO: Run Behavior\ReadHtmlCacheBehavior [ RunTime:0.002944s ]
INFO: [ app_begin ] --END-- [ RunTime:0.003025s ]
SQL: SHOW COLUMNS FROM `t_user` [ RunTime:0.0026s ]
SQL: SELECT * FROM `t_user` WHERE ( user_id=1 )  [ RunTime:0.0003s ]

[ 2015-10-08T18:31:29+08:00 ] ::1 /CookingGod/index.php/Home/user/registermail
INFO: [ app_init ] --START--
INFO: Run Behavior\BuildLiteBehavior [ RunTime:0.000018s ]
INFO: [ app_init ] --END-- [ RunTime:0.000602s ]
INFO: [ app_begin ] --START--
INFO: Run Behavior\ReadHtmlCacheBehavior [ RunTime:0.002036s ]
INFO: [ app_begin ] --END-- [ RunTime:0.002133s ]
ERR: Think\Controller:isExistEmail方法不存在！

[ 2015-10-08T18:32:29+08:00 ] ::1 /CookingGod/index.php/Home/user/registermail
INFO: [ app_init ] --START--
INFO: Run Behavior\BuildLiteBehavior [ RunTime:0.000014s ]
INFO: [ app_init ] --END-- [ RunTime:0.000377s ]
INFO: [ app_begin ] --START--
INFO: Run Behavior\ReadHtmlCacheBehavior [ RunTime:0.000827s ]
INFO: [ app_begin ] --END-- [ RunTime:0.000903s ]
ERR: Think\Controller:isExistEmail方法不存在！

[ 2015-10-08T18:34:37+08:00 ] ::1 /CookingGod/index.php/Home/user/registermail
INFO: [ app_init ] --START--
INFO: Run Behavior\BuildLiteBehavior [ RunTime:0.000018s ]
INFO: [ app_init ] --END-- [ RunTime:0.000450s ]
INFO: [ app_begin ] --START--
INFO: Run Behavior\ReadHtmlCacheBehavior [ RunTime:0.000552s ]
INFO: [ app_begin ] --END-- [ RunTime:0.000643s ]
ERR: Think\Controller:isExistEmail方法不存在！

[ 2015-10-08T18:36:10+08:00 ] ::1 /CookingGod/index.php/Home/user/registermail
INFO: [ app_init ] --START--
INFO: Run Behavior\BuildLiteBehavior [ RunTime:0.000016s ]
INFO: [ app_init ] --END-- [ RunTime:0.000366s ]
INFO: [ app_begin ] --START--
INFO: Run Behavior\ReadHtmlCacheBehavior [ RunTime:0.000428s ]
INFO: [ app_begin ] --END-- [ RunTime:0.000486s ]
ERR: Think\Controller:isExistEmail方法不存在！

[ 2015-10-08T18:36:35+08:00 ] ::1 /CookingGod/index.php/Home/user/registermail
INFO: [ app_init ] --START--
INFO: Run Behavior\BuildLiteBehavior [ RunTime:0.000024s ]
INFO: [ app_init ] --END-- [ RunTime:0.000601s ]
INFO: [ app_begin ] --START--
INFO: Run Behavior\ReadHtmlCacheBehavior [ RunTime:0.000452s ]
INFO: [ app_begin ] --END-- [ RunTime:0.000514s ]
ERR: Think\Controller:isExistEmail方法不存在！

[ 2015-10-08T18:37:34+08:00 ] ::1 /CookingGod/index.php/Home/user/registermail
INFO: [ app_init ] --START--
INFO: Run Behavior\BuildLiteBehavior [ RunTime:0.000013s ]
INFO: [ app_init ] --END-- [ RunTime:0.000305s ]
INFO: [ app_begin ] --START--
INFO: Run Behavior\ReadHtmlCacheBehavior [ RunTime:0.000400s ]
INFO: [ app_begin ] --END-- [ RunTime:0.000451s ]
NOTIC: [8] Undefined index: email /Applications/MAMP/htdocs/CookingGod/Application/Home/Controller/UserController.class.php 第 49 行.
NOTIC: [8] Undefined index: password /Applications/MAMP/htdocs/CookingGod/Application/Home/Controller/UserController.class.php 第 50 行.
NOTIC: [8] Undefined index: nickname /Applications/MAMP/htdocs/CookingGod/Application/Home/Controller/UserController.class.php 第 51 行.
ERR: Think\Controller:isExistEmail方法不存在！

[ 2015-10-08T18:39:07+08:00 ] ::1 /CookingGod/index.php/Home/user/registermail
INFO: [ app_init ] --START--
INFO: Run Behavior\BuildLiteBehavior [ RunTime:0.000014s ]
INFO: [ app_init ] --END-- [ RunTime:0.000309s ]
INFO: [ app_begin ] --START--
INFO: Run Behavior\ReadHtmlCacheBehavior [ RunTime:0.000399s ]
INFO: [ app_begin ] --END-- [ RunTime:0.000452s ]
ERR: Think\Controller:isExistEmail方法不存在！

[ 2015-10-08T18:40:04+08:00 ] ::1 /CookingGod/index.php/Home/user/registermail
INFO: [ app_init ] --START--
INFO: Run Behavior\BuildLiteBehavior [ RunTime:0.000015s ]
INFO: [ app_init ] --END-- [ RunTime:0.000311s ]
INFO: [ app_begin ] --START--
INFO: Run Behavior\ReadHtmlCacheBehavior [ RunTime:0.000399s ]
INFO: [ app_begin ] --END-- [ RunTime:0.000453s ]
ERR: Think\Controller:isExistEmail方法不存在！

[ 2015-10-08T18:41:38+08:00 ] ::1 /CookingGod/index.php/Home/user/registermail
INFO: [ app_init ] --START--
INFO: Run Behavior\BuildLiteBehavior [ RunTime:0.000014s ]
INFO: [ app_init ] --END-- [ RunTime:0.000328s ]
INFO: [ app_begin ] --START--
INFO: Run Behavior\ReadHtmlCacheBehavior [ RunTime:0.000640s ]
INFO: [ app_begin ] --END-- [ RunTime:0.000701s ]
SQL: SHOW COLUMNS FROM `t_user` [ RunTime:0.0045s ]
SQL: INSERT INTO `t_user` (`user_mail`,`user_name`,`user_password`,`user_nickname`) VALUES ('12','12','12','12') [ RunTime:0.0019s ]

[ 2015-10-08T18:54:30+08:00 ] ::1 /CookingGod/index.php/Home/user/login
INFO: [ app_init ] --START--
INFO: Run Behavior\BuildLiteBehavior [ RunTime:0.000034s ]
INFO: [ app_init ] --END-- [ RunTime:0.000945s ]
INFO: [ app_begin ] --START--
INFO: Run Behavior\ReadHtmlCacheBehavior [ RunTime:0.002100s ]
INFO: [ app_begin ] --END-- [ RunTime:0.002192s ]
SQL: SHOW COLUMNS FROM `t_user` [ RunTime:0.0024s ]
SQL: SELECT * FROM `t_user` WHERE `user_name` = '12' AND `user_password` = '12'  [ RunTime:0.0003s ]

