[ 2016-06-03T13:10:50+08:00 ] ::1 /cookinggod/index.php/Home/user/daren
INFO: [ app_init ] --START--
INFO: Run Behavior\BuildLiteBehavior [ RunTime:0.000023s ]
INFO: [ app_init ] --END-- [ RunTime:0.001922s ]
INFO: [ app_begin ] --START--
INFO: Run Behavior\ReadHtmlCacheBehavior [ RunTime:0.001262s ]
INFO: [ app_begin ] --END-- [ RunTime:0.001358s ]
NOTIC: [8192] mysql_connect(): The mysql extension is deprecated and will be removed in the future: use mysqli or PDO instead /Applications/MAMP/htdocs/ThinkPHP/Library/Think/Db/Driver/Mysql.class.php 第 52 行.
SQL: SHOW COLUMNS FROM `t_user` [ RunTime:0.017672s ]
SQL: SELECT * FROM `t_user` LIMIT 5   [ RunTime:0.001649s ]

[ 2016-06-03T13:10:50+08:00 ] ::1 /cookinggod/index.php/Home/cookbook/cookbytime
INFO: [ app_init ] --START--
INFO: Run Behavior\BuildLiteBehavior [ RunTime:0.000031s ]
INFO: [ app_init ] --END-- [ RunTime:0.001973s ]
INFO: [ app_begin ] --START--
INFO: Run Behavior\ReadHtmlCacheBehavior [ RunTime:0.001256s ]
INFO: [ app_begin ] --END-- [ RunTime:0.001363s ]
NOTIC: [8192] mysql_connect(): The mysql extension is deprecated and will be removed in the future: use mysqli or PDO instead /Applications/MAMP/htdocs/ThinkPHP/Library/Think/Db/Driver/Mysql.class.php 第 52 行.
SQL: SHOW COLUMNS FROM `t_cookbook` [ RunTime:0.018529s ]
SQL: SELECT * FROM `t_cookbook` WHERE ( cookbook_eattime='晚餐' )  [ RunTime:0.002096s ]
SQL: SHOW COLUMNS FROM `t_material` [ RunTime:0.004915s ]
SQL: SELECT * FROM `t_material` WHERE ( cookbook_id =10 )  [ RunTime:0.010012s ]
SQL: SHOW COLUMNS FROM `t_collectionnumber` [ RunTime:0.007336s ]
SQL: SELECT * FROM `t_collectionnumber` WHERE ( cookbook_id =10 )  [ RunTime:0.000369s ]
SQL: SHOW COLUMNS FROM `t_browsenumber` [ RunTime:0.002612s ]
SQL: SELECT * FROM `t_browsenumber` WHERE ( cookbook_id =10 )  [ RunTime:0.001251s ]
SQL: SELECT * FROM `t_material` WHERE ( cookbook_id =11 )  [ RunTime:0.000664s ]
SQL: SELECT * FROM `t_collectionnumber` WHERE ( cookbook_id =11 )  [ RunTime:0.000324s ]
SQL: SELECT * FROM `t_browsenumber` WHERE ( cookbook_id =11 )  [ RunTime:0.000458s ]
SQL: SELECT * FROM `t_material` WHERE ( cookbook_id =12 )  [ RunTime:0.000406s ]
SQL: SELECT * FROM `t_collectionnumber` WHERE ( cookbook_id =12 )  [ RunTime:0.000411s ]
SQL: SELECT * FROM `t_browsenumber` WHERE ( cookbook_id =12 )  [ RunTime:0.001161s ]

[ 2016-06-03T13:10:50+08:00 ] ::1 /cookinggod/index.php/Home/cookbook/type
INFO: [ app_init ] --START--
INFO: Run Behavior\BuildLiteBehavior [ RunTime:0.000032s ]
INFO: [ app_init ] --END-- [ RunTime:0.002070s ]
INFO: [ app_begin ] --START--
INFO: Run Behavior\ReadHtmlCacheBehavior [ RunTime:0.001820s ]
INFO: [ app_begin ] --END-- [ RunTime:0.001916s ]
NOTIC: [8192] mysql_connect(): The mysql extension is deprecated and will be removed in the future: use mysqli or PDO instead /Applications/MAMP/htdocs/ThinkPHP/Library/Think/Db/Driver/Mysql.class.php 第 52 行.
SQL: SHOW COLUMNS FROM t_browsenumber,t_cookbook [ RunTime:0.000891s ]
ERR: 1064:You have an error in your SQL syntax; check the manual that corresponds to your MySQL server version for the right syntax to use near 't_cookbook' at line 1
 [ SQL语句 ] : SHOW COLUMNS FROM t_browsenumber,t_cookbook
SQL: SELECT t_cookbook.* FROM `t_browsenumber`,`t_cookbook` WHERE ( t_browsenumber.cookbook_id=t_cookbook.cookbook_id ) ORDER BY t_browsenumber.browsenumber_number desc  [ RunTime:0.017516s ]
SQL: SHOW COLUMNS FROM `t_material` [ RunTime:0.005429s ]
SQL: SELECT * FROM `t_material` WHERE ( cookbook_id =5 )  [ RunTime:0.007972s ]
SQL: SHOW COLUMNS FROM `t_collectionnumber` [ RunTime:0.005721s ]
SQL: SELECT * FROM `t_collectionnumber` WHERE ( cookbook_id =5 )  [ RunTime:0.000493s ]
SQL: SHOW COLUMNS FROM `t_browsenumber` [ RunTime:0.005229s ]
SQL: SELECT * FROM `t_browsenumber` WHERE ( cookbook_id =5 )  [ RunTime:0.000990s ]
SQL: SELECT * FROM `t_material` WHERE ( cookbook_id =6 )  [ RunTime:0.001066s ]
SQL: SELECT * FROM `t_collectionnumber` WHERE ( cookbook_id =6 )  [ RunTime:0.000320s ]
SQL: SELECT * FROM `t_browsenumber` WHERE ( cookbook_id =6 )  [ RunTime:0.000381s ]
SQL: SELECT * FROM `t_material` WHERE ( cookbook_id =11 )  [ RunTime:0.000690s ]
SQL: SELECT * FROM `t_collectionnumber` WHERE ( cookbook_id =11 )  [ RunTime:0.000259s ]
SQL: SELECT * FROM `t_browsenumber` WHERE ( cookbook_id =11 )  [ RunTime:0.000255s ]
SQL: SELECT * FROM `t_material` WHERE ( cookbook_id =7 )  [ RunTime:0.001148s ]
SQL: SELECT * FROM `t_collectionnumber` WHERE ( cookbook_id =7 )  [ RunTime:0.000833s ]
SQL: SELECT * FROM `t_browsenumber` WHERE ( cookbook_id =7 )  [ RunTime:0.000210s ]
SQL: SELECT * FROM `t_material` WHERE ( cookbook_id =3 )  [ RunTime:0.000699s ]
SQL: SELECT * FROM `t_collectionnumber` WHERE ( cookbook_id =3 )  [ RunTime:0.000762s ]
SQL: SELECT * FROM `t_browsenumber` WHERE ( cookbook_id =3 )  [ RunTime:0.000583s ]
SQL: SELECT * FROM `t_material` WHERE ( cookbook_id =12 )  [ RunTime:0.000434s ]
SQL: SELECT * FROM `t_collectionnumber` WHERE ( cookbook_id =12 )  [ RunTime:0.000458s ]
SQL: SELECT * FROM `t_browsenumber` WHERE ( cookbook_id =12 )  [ RunTime:0.000392s ]
SQL: SELECT * FROM `t_material` WHERE ( cookbook_id =4 )  [ RunTime:0.000779s ]
SQL: SELECT * FROM `t_collectionnumber` WHERE ( cookbook_id =4 )  [ RunTime:0.000821s ]
SQL: SELECT * FROM `t_browsenumber` WHERE ( cookbook_id =4 )  [ RunTime:0.002296s ]
SQL: SELECT * FROM `t_material` WHERE ( cookbook_id =9 )  [ RunTime:0.003720s ]
SQL: SELECT * FROM `t_collectionnumber` WHERE ( cookbook_id =9 )  [ RunTime:0.001133s ]
SQL: SELECT * FROM `t_browsenumber` WHERE ( cookbook_id =9 )  [ RunTime:0.001392s ]
SQL: SELECT * FROM `t_material` WHERE ( cookbook_id =10 )  [ RunTime:0.000385s ]
SQL: SELECT * FROM `t_collectionnumber` WHERE ( cookbook_id =10 )  [ RunTime:0.000432s ]
SQL: SELECT * FROM `t_browsenumber` WHERE ( cookbook_id =10 )  [ RunTime:0.000274s ]
SQL: SELECT * FROM `t_material` WHERE ( cookbook_id =13 )  [ RunTime:0.001908s ]
SQL: SELECT * FROM `t_collectionnumber` WHERE ( cookbook_id =13 )  [ RunTime:0.000554s ]
SQL: SELECT * FROM `t_browsenumber` WHERE ( cookbook_id =13 )  [ RunTime:0.000571s ]
SQL: SELECT * FROM `t_material` WHERE ( cookbook_id =8 )  [ RunTime:0.000562s ]
SQL: SELECT * FROM `t_collectionnumber` WHERE ( cookbook_id =8 )  [ RunTime:0.000750s ]
SQL: SELECT * FROM `t_browsenumber` WHERE ( cookbook_id =8 )  [ RunTime:0.001544s ]

[ 2016-06-03T13:10:51+08:00 ] ::1 /cookinggod/index.php/Home/cookbook/type?type=14
INFO: [ app_init ] --START--
INFO: Run Behavior\BuildLiteBehavior [ RunTime:0.000031s ]
INFO: [ app_init ] --END-- [ RunTime:0.001975s ]
INFO: [ app_begin ] --START--
INFO: Run Behavior\ReadHtmlCacheBehavior [ RunTime:0.001269s ]
INFO: [ app_begin ] --END-- [ RunTime:0.001377s ]
NOTIC: [8192] mysql_connect(): The mysql extension is deprecated and will be removed in the future: use mysqli or PDO instead /Applications/MAMP/htdocs/ThinkPHP/Library/Think/Db/Driver/Mysql.class.php 第 52 行.
SQL: SHOW COLUMNS FROM t_collectionnumber,t_cookbook [ RunTime:0.000777s ]
ERR: 1064:You have an error in your SQL syntax; check the manual that corresponds to your MySQL server version for the right syntax to use near 't_cookbook' at line 1
 [ SQL语句 ] : SHOW COLUMNS FROM t_collectionnumber,t_cookbook
SQL: SELECT t_cookbook.* FROM `t_collectionnumber`,`t_cookbook` WHERE ( t_collectionnumber.cookbook_id ) ORDER BY t_collectionnumber.collectionnumber_number desc  [ RunTime:0.018070s ]
SQL: SHOW COLUMNS FROM `t_material` [ RunTime:0.004038s ]
SQL: SELECT * FROM `t_material` WHERE ( cookbook_id =13 )  [ RunTime:0.008011s ]
SQL: SHOW COLUMNS FROM `t_collectionnumber` [ RunTime:0.008648s ]
SQL: SELECT * FROM `t_collectionnumber` WHERE ( cookbook_id =13 )  [ RunTime:0.000324s ]
SQL: SHOW COLUMNS FROM `t_browsenumber` [ RunTime:0.002684s ]
SQL: SELECT * FROM `t_browsenumber` WHERE ( cookbook_id =13 )  [ RunTime:0.000891s ]
SQL: SELECT * FROM `t_material` WHERE ( cookbook_id =6 )  [ RunTime:0.000820s ]
SQL: SELECT * FROM `t_collectionnumber` WHERE ( cookbook_id =6 )  [ RunTime:0.000272s ]
SQL: SELECT * FROM `t_browsenumber` WHERE ( cookbook_id =6 )  [ RunTime:0.000324s ]
SQL: SELECT * FROM `t_material` WHERE ( cookbook_id =10 )  [ RunTime:0.000424s ]
SQL: SELECT * FROM `t_collectionnumber` WHERE ( cookbook_id =10 )  [ RunTime:0.000904s ]
SQL: SELECT * FROM `t_browsenumber` WHERE ( cookbook_id =10 )  [ RunTime:0.000404s ]
SQL: SELECT * FROM `t_material` WHERE ( cookbook_id =3 )  [ RunTime:0.000420s ]
SQL: SELECT * FROM `t_collectionnumber` WHERE ( cookbook_id =3 )  [ RunTime:0.000383s ]
SQL: SELECT * FROM `t_browsenumber` WHERE ( cookbook_id =3 )  [ RunTime:0.000348s ]
SQL: SELECT * FROM `t_material` WHERE ( cookbook_id =7 )  [ RunTime:0.000843s ]
SQL: SELECT * FROM `t_collectionnumber` WHERE ( cookbook_id =7 )  [ RunTime:0.000802s ]
SQL: SELECT * FROM `t_browsenumber` WHERE ( cookbook_id =7 )  [ RunTime:0.000552s ]
SQL: SELECT * FROM `t_material` WHERE ( cookbook_id =11 )  [ RunTime:0.000558s ]
SQL: SELECT * FROM `t_collectionnumber` WHERE ( cookbook_id =11 )  [ RunTime:0.000399s ]
SQL: SELECT * FROM `t_browsenumber` WHERE ( cookbook_id =11 )  [ RunTime:0.000779s ]
SQL: SELECT * FROM `t_material` WHERE ( cookbook_id =4 )  [ RunTime:0.000733s ]
SQL: SELECT * FROM `t_collectionnumber` WHERE ( cookbook_id =4 )  [ RunTime:0.001825s ]
SQL: SELECT * FROM `t_browsenumber` WHERE ( cookbook_id =4 )  [ RunTime:0.003343s ]
SQL: SELECT * FROM `t_material` WHERE ( cookbook_id =8 )  [ RunTime:0.001601s ]
SQL: SELECT * FROM `t_collectionnumber` WHERE ( cookbook_id =8 )  [ RunTime:0.000624s ]
SQL: SELECT * FROM `t_browsenumber` WHERE ( cookbook_id =8 )  [ RunTime:0.000310s ]
SQL: SELECT * FROM `t_material` WHERE ( cookbook_id =12 )  [ RunTime:0.002937s ]
SQL: SELECT * FROM `t_collectionnumber` WHERE ( cookbook_id =12 )  [ RunTime:0.000812s ]
SQL: SELECT * FROM `t_browsenumber` WHERE ( cookbook_id =12 )  [ RunTime:0.000578s ]
SQL: SELECT * FROM `t_material` WHERE ( cookbook_id =5 )  [ RunTime:0.000239s ]
SQL: SELECT * FROM `t_collectionnumber` WHERE ( cookbook_id =5 )  [ RunTime:0.000415s ]
SQL: SELECT * FROM `t_browsenumber` WHERE ( cookbook_id =5 )  [ RunTime:0.001499s ]
SQL: SELECT * FROM `t_material` WHERE ( cookbook_id =9 )  [ RunTime:0.002804s ]
SQL: SELECT * FROM `t_collectionnumber` WHERE ( cookbook_id =9 )  [ RunTime:0.000460s ]
SQL: SELECT * FROM `t_browsenumber` WHERE ( cookbook_id =9 )  [ RunTime:0.000581s ]
SQL: SELECT * FROM `t_material` WHERE ( cookbook_id =5 )  [ RunTime:0.000583s ]
SQL: SELECT * FROM `t_collectionnumber` WHERE ( cookbook_id =5 )  [ RunTime:0.000975s ]
SQL: SELECT * FROM `t_browsenumber` WHERE ( cookbook_id =5 )  [ RunTime:0.000333s ]
SQL: SELECT * FROM `t_material` WHERE ( cookbook_id =9 )  [ RunTime:0.000302s ]
SQL: SELECT * FROM `t_collectionnumber` WHERE ( cookbook_id =9 )  [ RunTime:0.000295s ]
SQL: SELECT * FROM `t_browsenumber` WHERE ( cookbook_id =9 )  [ RunTime:0.000217s ]
SQL: SELECT * FROM `t_material` WHERE ( cookbook_id =13 )  [ RunTime:0.000330s ]
SQL: SELECT * FROM `t_collectionnumber` WHERE ( cookbook_id =13 )  [ RunTime:0.000393s ]
SQL: SELECT * FROM `t_browsenumber` WHERE ( cookbook_id =13 )  [ RunTime:0.003634s ]
SQL: SELECT * FROM `t_material` WHERE ( cookbook_id =6 )  [ RunTime:0.000686s ]
SQL: SELECT * FROM `t_collectionnumber` WHERE ( cookbook_id =6 )  [ RunTime:0.001189s ]
SQL: SELECT * FROM `t_browsenumber` WHERE ( cookbook_id =6 )  [ RunTime:0.000656s ]
SQL: SELECT * FROM `t_material` WHERE ( cookbook_id =10 )  [ RunTime:0.000405s ]
SQL: SELECT * FROM `t_collectionnumber` WHERE ( cookbook_id =10 )  [ RunTime:0.000438s ]
SQL: SELECT * FROM `t_browsenumber` WHERE ( cookbook_id =10 )  [ RunTime:0.000381s ]
SQL: SELECT * FROM `t_material` WHERE ( cookbook_id =3 )  [ RunTime:0.000380s ]
SQL: SELECT * FROM `t_collectionnumber` WHERE ( cookbook_id =3 )  [ RunTime:0.000346s ]
SQL: SELECT * FROM `t_browsenumber` WHERE ( cookbook_id =3 )  [ RunTime:0.000347s ]
SQL: SELECT * FROM `t_material` WHERE ( cookbook_id =7 )  [ RunTime:0.000355s ]
SQL: SELECT * FROM `t_collectionnumber` WHERE ( cookbook_id =7 )  [ RunTime:0.000374s ]
SQL: SELECT * FROM `t_browsenumber` WHERE ( cookbook_id =7 )  [ RunTime:0.000885s ]
SQL: SELECT * FROM `t_material` WHERE ( cookbook_id =11 )  [ RunTime:0.000821s ]
SQL: SELECT * FROM `t_collectionnumber` WHERE ( cookbook_id =11 )  [ RunTime:0.000943s ]
SQL: SELECT * FROM `t_browsenumber` WHERE ( cookbook_id =11 )  [ RunTime:0.000390s ]
SQL: SELECT * FROM `t_material` WHERE ( cookbook_id =4 )  [ RunTime:0.000412s ]
SQL: SELECT * FROM `t_collectionnumber` WHERE ( cookbook_id =4 )  [ RunTime:0.000290s ]
SQL: SELECT * FROM `t_browsenumber` WHERE ( cookbook_id =4 )  [ RunTime:0.000464s ]
SQL: SELECT * FROM `t_material` WHERE ( cookbook_id =8 )  [ RunTime:0.000314s ]
SQL: SELECT * FROM `t_collectionnumber` WHERE ( cookbook_id =8 )  [ RunTime:0.000317s ]
SQL: SELECT * FROM `t_browsenumber` WHERE ( cookbook_id =8 )  [ RunTime:0.000293s ]
SQL: SELECT * FROM `t_material` WHERE ( cookbook_id =12 )  [ RunTime:0.000261s ]
SQL: SELECT * FROM `t_collectionnumber` WHERE ( cookbook_id =12 )  [ RunTime:0.000286s ]
SQL: SELECT * FROM `t_browsenumber` WHERE ( cookbook_id =12 )  [ RunTime:0.000304s ]
SQL: SELECT * FROM `t_material` WHERE ( cookbook_id =5 )  [ RunTime:0.000666s ]
SQL: SELECT * FROM `t_collectionnumber` WHERE ( cookbook_id =5 )  [ RunTime:0.003065s ]
SQL: SELECT * FROM `t_browsenumber` WHERE ( cookbook_id =5 )  [ RunTime:0.000716s ]
SQL: SELECT * FROM `t_material` WHERE ( cookbook_id =9 )  [ RunTime:0.000456s ]
SQL: SELECT * FROM `t_collectionnumber` WHERE ( cookbook_id =9 )  [ RunTime:0.000365s ]
SQL: SELECT * FROM `t_browsenumber` WHERE ( cookbook_id =9 )  [ RunTime:0.000494s ]
SQL: SELECT * FROM `t_material` WHERE ( cookbook_id =13 )  [ RunTime:0.000510s ]
SQL: SELECT * FROM `t_collectionnumber` WHERE ( cookbook_id =13 )  [ RunTime:0.000361s ]
SQL: SELECT * FROM `t_browsenumber` WHERE ( cookbook_id =13 )  [ RunTime:0.000950s ]
SQL: SELECT * FROM `t_material` WHERE ( cookbook_id =6 )  [ RunTime:0.000460s ]
SQL: SELECT * FROM `t_collectionnumber` WHERE ( cookbook_id =6 )  [ RunTime:0.000297s ]
SQL: SELECT * FROM `t_browsenumber` WHERE ( cookbook_id =6 )  [ RunTime:0.000379s ]
SQL: SELECT * FROM `t_material` WHERE ( cookbook_id =10 )  [ RunTime:0.000319s ]
SQL: SELECT * FROM `t_collectionnumber` WHERE ( cookbook_id =10 )  [ RunTime:0.000436s ]
SQL: SELECT * FROM `t_browsenumber` WHERE ( cookbook_id =10 )  [ RunTime:0.000393s ]
SQL: SELECT * FROM `t_material` WHERE ( cookbook_id =3 )  [ RunTime:0.000430s ]
SQL: SELECT * FROM `t_collectionnumber` WHERE ( cookbook_id =3 )  [ RunTime:0.000329s ]
SQL: SELECT * FROM `t_browsenumber` WHERE ( cookbook_id =3 )  [ RunTime:0.000459s ]
SQL: SELECT * FROM `t_material` WHERE ( cookbook_id =7 )  [ RunTime:0.000403s ]
SQL: SELECT * FROM `t_collectionnumber` WHERE ( cookbook_id =7 )  [ RunTime:0.000643s ]
SQL: SELECT * FROM `t_browsenumber` WHERE ( cookbook_id =7 )  [ RunTime:0.000365s ]
SQL: SELECT * FROM `t_material` WHERE ( cookbook_id =11 )  [ RunTime:0.000814s ]
SQL: SELECT * FROM `t_collectionnumber` WHERE ( cookbook_id =11 )  [ RunTime:0.000358s ]
SQL: SELECT * FROM `t_browsenumber` WHERE ( cookbook_id =11 )  [ RunTime:0.000247s ]
SQL: SELECT * FROM `t_material` WHERE ( cookbook_id =4 )  [ RunTime:0.000255s ]
SQL: SELECT * FROM `t_collectionnumber` WHERE ( cookbook_id =4 )  [ RunTime:0.001323s ]
SQL: SELECT * FROM `t_browsenumber` WHERE ( cookbook_id =4 )  [ RunTime:0.000417s ]
SQL: SELECT * FROM `t_material` WHERE ( cookbook_id =8 )  [ RunTime:0.000351s ]
SQL: SELECT * FROM `t_collectionnumber` WHERE ( cookbook_id =8 )  [ RunTime:0.000421s ]
SQL: SELECT * FROM `t_browsenumber` WHERE ( cookbook_id =8 )  [ RunTime:0.000593s ]
SQL: SELECT * FROM `t_material` WHERE ( cookbook_id =12 )  [ RunTime:0.000574s ]
SQL: SELECT * FROM `t_collectionnumber` WHERE ( cookbook_id =12 )  [ RunTime:0.002342s ]
SQL: SELECT * FROM `t_browsenumber` WHERE ( cookbook_id =12 )  [ RunTime:0.000390s ]
SQL: SELECT * FROM `t_material` WHERE ( cookbook_id =5 )  [ RunTime:0.000422s ]
SQL: SELECT * FROM `t_collectionnumber` WHERE ( cookbook_id =5 )  [ RunTime:0.000501s ]
SQL: SELECT * FROM `t_browsenumber` WHERE ( cookbook_id =5 )  [ RunTime:0.000573s ]
SQL: SELECT * FROM `t_material` WHERE ( cookbook_id =9 )  [ RunTime:0.000588s ]
SQL: SELECT * FROM `t_collectionnumber` WHERE ( cookbook_id =9 )  [ RunTime:0.000461s ]
SQL: SELECT * FROM `t_browsenumber` WHERE ( cookbook_id =9 )  [ RunTime:0.000486s ]
SQL: SELECT * FROM `t_material` WHERE ( cookbook_id =13 )  [ RunTime:0.001219s ]
SQL: SELECT * FROM `t_collectionnumber` WHERE ( cookbook_id =13 )  [ RunTime:0.000293s ]
SQL: SELECT * FROM `t_browsenumber` WHERE ( cookbook_id =13 )  [ RunTime:0.000239s ]
SQL: SELECT * FROM `t_material` WHERE ( cookbook_id =6 )  [ RunTime:0.000453s ]
SQL: SELECT * FROM `t_collectionnumber` WHERE ( cookbook_id =6 )  [ RunTime:0.000350s ]
SQL: SELECT * FROM `t_browsenumber` WHERE ( cookbook_id =6 )  [ RunTime:0.000709s ]
SQL: SELECT * FROM `t_material` WHERE ( cookbook_id =10 )  [ RunTime:0.001049s ]
SQL: SELECT * FROM `t_collectionnumber` WHERE ( cookbook_id =10 )  [ RunTime:0.001235s ]
SQL: SELECT * FROM `t_browsenumber` WHERE ( cookbook_id =10 )  [ RunTime:0.000455s ]
SQL: SELECT * FROM `t_material` WHERE ( cookbook_id =3 )  [ RunTime:0.000736s ]
SQL: SELECT * FROM `t_collectionnumber` WHERE ( cookbook_id =3 )  [ RunTime:0.000348s ]
SQL: SELECT * FROM `t_browsenumber` WHERE ( cookbook_id =3 )  [ RunTime:0.000446s ]
SQL: SELECT * FROM `t_material` WHERE ( cookbook_id =7 )  [ RunTime:0.000557s ]
SQL: SELECT * FROM `t_collectionnumber` WHERE ( cookbook_id =7 )  [ RunTime:0.000654s ]
SQL: SELECT * FROM `t_browsenumber` WHERE ( cookbook_id =7 )  [ RunTime:0.001848s ]
SQL: SELECT * FROM `t_material` WHERE ( cookbook_id =11 )  [ RunTime:0.000466s ]
SQL: SELECT * FROM `t_collectionnumber` WHERE ( cookbook_id =11 )  [ RunTime:0.000322s ]
SQL: SELECT * FROM `t_browsenumber` WHERE ( cookbook_id =11 )  [ RunTime:0.000308s ]
SQL: SELECT * FROM `t_material` WHERE ( cookbook_id =4 )  [ RunTime:0.000299s ]
SQL: SELECT * FROM `t_collectionnumber` WHERE ( cookbook_id =4 )  [ RunTime:0.000288s ]
SQL: SELECT * FROM `t_browsenumber` WHERE ( cookbook_id =4 )  [ RunTime:0.000271s ]
SQL: SELECT * FROM `t_material` WHERE ( cookbook_id =8 )  [ RunTime:0.000347s ]
SQL: SELECT * FROM `t_collectionnumber` WHERE ( cookbook_id =8 )  [ RunTime:0.000303s ]
SQL: SELECT * FROM `t_browsenumber` WHERE ( cookbook_id =8 )  [ RunTime:0.001409s ]
SQL: SELECT * FROM `t_material` WHERE ( cookbook_id =12 )  [ RunTime:0.010581s ]
SQL: SELECT * FROM `t_collectionnumber` WHERE ( cookbook_id =12 )  [ RunTime:0.000608s ]
SQL: SELECT * FROM `t_browsenumber` WHERE ( cookbook_id =12 )  [ RunTime:0.002412s ]
SQL: SELECT * FROM `t_material` WHERE ( cookbook_id =9 )  [ RunTime:0.002426s ]
SQL: SELECT * FROM `t_collectionnumber` WHERE ( cookbook_id =9 )  [ RunTime:0.000545s ]
SQL: SELECT * FROM `t_browsenumber` WHERE ( cookbook_id =9 )  [ RunTime:0.000324s ]
SQL: SELECT * FROM `t_material` WHERE ( cookbook_id =13 )  [ RunTime:0.001308s ]
SQL: SELECT * FROM `t_collectionnumber` WHERE ( cookbook_id =13 )  [ RunTime:0.000372s ]
SQL: SELECT * FROM `t_browsenumber` WHERE ( cookbook_id =13 )  [ RunTime:0.000439s ]
SQL: SELECT * FROM `t_material` WHERE ( cookbook_id =6 )  [ RunTime:0.000483s ]
SQL: SELECT * FROM `t_collectionnumber` WHERE ( cookbook_id =6 )  [ RunTime:0.000540s ]
SQL: SELECT * FROM `t_browsenumber` WHERE ( cookbook_id =6 )  [ RunTime:0.001691s ]
SQL: SELECT * FROM `t_material` WHERE ( cookbook_id =10 )  [ RunTime:0.000395s ]
SQL: SELECT * FROM `t_collectionnumber` WHERE ( cookbook_id =10 )  [ RunTime:0.000556s ]
SQL: SELECT * FROM `t_browsenumber` WHERE ( cookbook_id =10 )  [ RunTime:0.000496s ]
SQL: SELECT * FROM `t_material` WHERE ( cookbook_id =3 )  [ RunTime:0.000826s ]
SQL: SELECT * FROM `t_collectionnumber` WHERE ( cookbook_id =3 )  [ RunTime:0.000308s ]
SQL: SELECT * FROM `t_browsenumber` WHERE ( cookbook_id =3 )  [ RunTime:0.000173s ]
SQL: SELECT * FROM `t_material` WHERE ( cookbook_id =7 )  [ RunTime:0.000203s ]
SQL: SELECT * FROM `t_collectionnumber` WHERE ( cookbook_id =7 )  [ RunTime:0.000163s ]
SQL: SELECT * FROM `t_browsenumber` WHERE ( cookbook_id =7 )  [ RunTime:0.000152s ]
SQL: SELECT * FROM `t_material` WHERE ( cookbook_id =11 )  [ RunTime:0.000333s ]
SQL: SELECT * FROM `t_collectionnumber` WHERE ( cookbook_id =11 )  [ RunTime:0.000366s ]
SQL: SELECT * FROM `t_browsenumber` WHERE ( cookbook_id =11 )  [ RunTime:0.000201s ]
SQL: SELECT * FROM `t_material` WHERE ( cookbook_id =4 )  [ RunTime:0.000280s ]
SQL: SELECT * FROM `t_collectionnumber` WHERE ( cookbook_id =4 )  [ RunTime:0.000365s ]
SQL: SELECT * FROM `t_browsenumber` WHERE ( cookbook_id =4 )  [ RunTime:0.000549s ]
SQL: SELECT * FROM `t_material` WHERE ( cookbook_id =8 )  [ RunTime:0.011851s ]
SQL: SELECT * FROM `t_collectionnumber` WHERE ( cookbook_id =8 )  [ RunTime:0.000286s ]
SQL: SELECT * FROM `t_browsenumber` WHERE ( cookbook_id =8 )  [ RunTime:0.000227s ]
SQL: SELECT * FROM `t_material` WHERE ( cookbook_id =12 )  [ RunTime:0.000271s ]
SQL: SELECT * FROM `t_collectionnumber` WHERE ( cookbook_id =12 )  [ RunTime:0.002010s ]
SQL: SELECT * FROM `t_browsenumber` WHERE ( cookbook_id =12 )  [ RunTime:0.000295s ]
SQL: SELECT * FROM `t_material` WHERE ( cookbook_id =5 )  [ RunTime:0.000258s ]
SQL: SELECT * FROM `t_collectionnumber` WHERE ( cookbook_id =5 )  [ RunTime:0.001276s ]
SQL: SELECT * FROM `t_browsenumber` WHERE ( cookbook_id =5 )  [ RunTime:0.000400s ]
SQL: SELECT * FROM `t_material` WHERE ( cookbook_id =5 )  [ RunTime:0.000551s ]
SQL: SELECT * FROM `t_collectionnumber` WHERE ( cookbook_id =5 )  [ RunTime:0.000249s ]
SQL: SELECT * FROM `t_browsenumber` WHERE ( cookbook_id =5 )  [ RunTime:0.000225s ]
SQL: SELECT * FROM `t_material` WHERE ( cookbook_id =9 )  [ RunTime:0.000366s ]
SQL: SELECT * FROM `t_collectionnumber` WHERE ( cookbook_id =9 )  [ RunTime:0.000418s ]
SQL: SELECT * FROM `t_browsenumber` WHERE ( cookbook_id =9 )  [ RunTime:0.001516s ]
SQL: SELECT * FROM `t_material` WHERE ( cookbook_id =13 )  [ RunTime:0.000502s ]
SQL: SELECT * FROM `t_collectionnumber` WHERE ( cookbook_id =13 )  [ RunTime:0.000492s ]
SQL: SELECT * FROM `t_browsenumber` WHERE ( cookbook_id =13 )  [ RunTime:0.000341s ]
SQL: SELECT * FROM `t_material` WHERE ( cookbook_id =6 )  [ RunTime:0.000918s ]
SQL: SELECT * FROM `t_collectionnumber` WHERE ( cookbook_id =6 )  [ RunTime:0.000362s ]
SQL: SELECT * FROM `t_browsenumber` WHERE ( cookbook_id =6 )  [ RunTime:0.000293s ]
SQL: SELECT * FROM `t_material` WHERE ( cookbook_id =10 )  [ RunTime:0.000225s ]
SQL: SELECT * FROM `t_collectionnumber` WHERE ( cookbook_id =10 )  [ RunTime:0.000194s ]
SQL: SELECT * FROM `t_browsenumber` WHERE ( cookbook_id =10 )  [ RunTime:0.000712s ]
SQL: SELECT * FROM `t_material` WHERE ( cookbook_id =3 )  [ RunTime:0.001083s ]
SQL: SELECT * FROM `t_collectionnumber` WHERE ( cookbook_id =3 )  [ RunTime:0.002126s ]
SQL: SELECT * FROM `t_browsenumber` WHERE ( cookbook_id =3 )  [ RunTime:0.001218s ]
SQL: SELECT * FROM `t_material` WHERE ( cookbook_id =7 )  [ RunTime:0.000689s ]
SQL: SELECT * FROM `t_collectionnumber` WHERE ( cookbook_id =7 )  [ RunTime:0.000449s ]
SQL: SELECT * FROM `t_browsenumber` WHERE ( cookbook_id =7 )  [ RunTime:0.000658s ]
SQL: SELECT * FROM `t_material` WHERE ( cookbook_id =11 )  [ RunTime:0.000426s ]
SQL: SELECT * FROM `t_collectionnumber` WHERE ( cookbook_id =11 )  [ RunTime:0.000350s ]
SQL: SELECT * FROM `t_browsenumber` WHERE ( cookbook_id =11 )  [ RunTime:0.000402s ]
SQL: SELECT * FROM `t_material` WHERE ( cookbook_id =4 )  [ RunTime:0.000346s ]
SQL: SELECT * FROM `t_collectionnumber` WHERE ( cookbook_id =4 )  [ RunTime:0.000213s ]
SQL: SELECT * FROM `t_browsenumber` WHERE ( cookbook_id =4 )  [ RunTime:0.000166s ]
SQL: SELECT * FROM `t_material` WHERE ( cookbook_id =8 )  [ RunTime:0.000206s ]
SQL: SELECT * FROM `t_collectionnumber` WHERE ( cookbook_id =8 )  [ RunTime:0.000192s ]
SQL: SELECT * FROM `t_browsenumber` WHERE ( cookbook_id =8 )  [ RunTime:0.000212s ]
SQL: SELECT * FROM `t_material` WHERE ( cookbook_id =12 )  [ RunTime:0.000252s ]
SQL: SELECT * FROM `t_collectionnumber` WHERE ( cookbook_id =12 )  [ RunTime:0.000660s ]
SQL: SELECT * FROM `t_browsenumber` WHERE ( cookbook_id =12 )  [ RunTime:0.000343s ]
SQL: SELECT * FROM `t_material` WHERE ( cookbook_id =5 )  [ RunTime:0.000263s ]
SQL: SELECT * FROM `t_collectionnumber` WHERE ( cookbook_id =5 )  [ RunTime:0.000192s ]
SQL: SELECT * FROM `t_browsenumber` WHERE ( cookbook_id =5 )  [ RunTime:0.000236s ]
SQL: SELECT * FROM `t_material` WHERE ( cookbook_id =9 )  [ RunTime:0.000307s ]
SQL: SELECT * FROM `t_collectionnumber` WHERE ( cookbook_id =9 )  [ RunTime:0.000636s ]
SQL: SELECT * FROM `t_browsenumber` WHERE ( cookbook_id =9 )  [ RunTime:0.001242s ]
SQL: SELECT * FROM `t_material` WHERE ( cookbook_id =13 )  [ RunTime:0.000388s ]
SQL: SELECT * FROM `t_collectionnumber` WHERE ( cookbook_id =13 )  [ RunTime:0.000306s ]
SQL: SELECT * FROM `t_browsenumber` WHERE ( cookbook_id =13 )  [ RunTime:0.001112s ]
SQL: SELECT * FROM `t_material` WHERE ( cookbook_id =6 )  [ RunTime:0.000323s ]
SQL: SELECT * FROM `t_collectionnumber` WHERE ( cookbook_id =6 )  [ RunTime:0.000221s ]
SQL: SELECT * FROM `t_browsenumber` WHERE ( cookbook_id =6 )  [ RunTime:0.000452s ]
SQL: SELECT * FROM `t_material` WHERE ( cookbook_id =10 )  [ RunTime:0.005545s ]
SQL: SELECT * FROM `t_collectionnumber` WHERE ( cookbook_id =10 )  [ RunTime:0.001386s ]
SQL: SELECT * FROM `t_browsenumber` WHERE ( cookbook_id =10 )  [ RunTime:0.000857s ]
SQL: SELECT * FROM `t_material` WHERE ( cookbook_id =3 )  [ RunTime:0.000970s ]
SQL: SELECT * FROM `t_collectionnumber` WHERE ( cookbook_id =3 )  [ RunTime:0.000721s ]
SQL: SELECT * FROM `t_browsenumber` WHERE ( cookbook_id =3 )  [ RunTime:0.001351s ]
SQL: SELECT * FROM `t_material` WHERE ( cookbook_id =7 )  [ RunTime:0.001001s ]
SQL: SELECT * FROM `t_collectionnumber` WHERE ( cookbook_id =7 )  [ RunTime:0.001240s ]
SQL: SELECT * FROM `t_browsenumber` WHERE ( cookbook_id =7 )  [ RunTime:0.000532s ]
SQL: SELECT * FROM `t_material` WHERE ( cookbook_id =11 )  [ RunTime:0.000398s ]
SQL: SELECT * FROM `t_collectionnumber` WHERE ( cookbook_id =11 )  [ RunTime:0.000532s ]
SQL: SELECT * FROM `t_browsenumber` WHERE ( cookbook_id =11 )  [ RunTime:0.000413s ]
SQL: SELECT * FROM `t_material` WHERE ( cookbook_id =4 )  [ RunTime:0.001492s ]
SQL: SELECT * FROM `t_collectionnumber` WHERE ( cookbook_id =4 )  [ RunTime:0.000416s ]
SQL: SELECT * FROM `t_browsenumber` WHERE ( cookbook_id =4 )  [ RunTime:0.000281s ]
SQL: SELECT * FROM `t_material` WHERE ( cookbook_id =8 )  [ RunTime:0.000322s ]
SQL: SELECT * FROM `t_collectionnumber` WHERE ( cookbook_id =8 )  [ RunTime:0.000276s ]
SQL: SELECT * FROM `t_browsenumber` WHERE ( cookbook_id =8 )  [ RunTime:0.000305s ]
SQL: SELECT * FROM `t_material` WHERE ( cookbook_id =12 )  [ RunTime:0.000406s ]
SQL: SELECT * FROM `t_collectionnumber` WHERE ( cookbook_id =12 )  [ RunTime:0.000219s ]
SQL: SELECT * FROM `t_browsenumber` WHERE ( cookbook_id =12 )  [ RunTime:0.000198s ]
SQL: SELECT * FROM `t_material` WHERE ( cookbook_id =5 )  [ RunTime:0.000208s ]
SQL: SELECT * FROM `t_collectionnumber` WHERE ( cookbook_id =5 )  [ RunTime:0.000198s ]
SQL: SELECT * FROM `t_browsenumber` WHERE ( cookbook_id =5 )  [ RunTime:0.000192s ]
SQL: SELECT * FROM `t_material` WHERE ( cookbook_id =9 )  [ RunTime:0.000228s ]
SQL: SELECT * FROM `t_collectionnumber` WHERE ( cookbook_id =9 )  [ RunTime:0.000278s ]
SQL: SELECT * FROM `t_browsenumber` WHERE ( cookbook_id =9 )  [ RunTime:0.000380s ]
SQL: SELECT * FROM `t_material` WHERE ( cookbook_id =13 )  [ RunTime:0.000521s ]
SQL: SELECT * FROM `t_collectionnumber` WHERE ( cookbook_id =13 )  [ RunTime:0.001173s ]
SQL: SELECT * FROM `t_browsenumber` WHERE ( cookbook_id =13 )  [ RunTime:0.000545s ]
SQL: SELECT * FROM `t_material` WHERE ( cookbook_id =6 )  [ RunTime:0.000289s ]
SQL: SELECT * FROM `t_collectionnumber` WHERE ( cookbook_id =6 )  [ RunTime:0.000504s ]
SQL: SELECT * FROM `t_browsenumber` WHERE ( cookbook_id =6 )  [ RunTime:0.000699s ]
SQL: SELECT * FROM `t_material` WHERE ( cookbook_id =10 )  [ RunTime:0.000409s ]
SQL: SELECT * FROM `t_collectionnumber` WHERE ( cookbook_id =10 )  [ RunTime:0.000287s ]
SQL: SELECT * FROM `t_browsenumber` WHERE ( cookbook_id =10 )  [ RunTime:0.000407s ]
SQL: SELECT * FROM `t_material` WHERE ( cookbook_id =3 )  [ RunTime:0.000771s ]
SQL: SELECT * FROM `t_collectionnumber` WHERE ( cookbook_id =3 )  [ RunTime:0.000497s ]
SQL: SELECT * FROM `t_browsenumber` WHERE ( cookbook_id =3 )  [ RunTime:0.000307s ]
SQL: SELECT * FROM `t_material` WHERE ( cookbook_id =7 )  [ RunTime:0.000255s ]
SQL: SELECT * FROM `t_collectionnumber` WHERE ( cookbook_id =7 )  [ RunTime:0.000212s ]
SQL: SELECT * FROM `t_browsenumber` WHERE ( cookbook_id =7 )  [ RunTime:0.000230s ]
SQL: SELECT * FROM `t_material` WHERE ( cookbook_id =11 )  [ RunTime:0.000290s ]
SQL: SELECT * FROM `t_collectionnumber` WHERE ( cookbook_id =11 )  [ RunTime:0.000272s ]
SQL: SELECT * FROM `t_browsenumber` WHERE ( cookbook_id =11 )  [ RunTime:0.000349s ]
SQL: SELECT * FROM `t_material` WHERE ( cookbook_id =4 )  [ RunTime:0.000365s ]
SQL: SELECT * FROM `t_collectionnumber` WHERE ( cookbook_id =4 )  [ RunTime:0.000501s ]
SQL: SELECT * FROM `t_browsenumber` WHERE ( cookbook_id =4 )  [ RunTime:0.000462s ]
SQL: SELECT * FROM `t_material` WHERE ( cookbook_id =8 )  [ RunTime:0.000273s ]
SQL: SELECT * FROM `t_collectionnumber` WHERE ( cookbook_id =8 )  [ RunTime:0.000230s ]
SQL: SELECT * FROM `t_browsenumber` WHERE ( cookbook_id =8 )  [ RunTime:0.000227s ]
SQL: SELECT * FROM `t_material` WHERE ( cookbook_id =12 )  [ RunTime:0.000230s ]
SQL: SELECT * FROM `t_collectionnumber` WHERE ( cookbook_id =12 )  [ RunTime:0.000413s ]
SQL: SELECT * FROM `t_browsenumber` WHERE ( cookbook_id =12 )  [ RunTime:0.000599s ]
SQL: SELECT * FROM `t_material` WHERE ( cookbook_id =5 )  [ RunTime:0.000286s ]
SQL: SELECT * FROM `t_collectionnumber` WHERE ( cookbook_id =5 )  [ RunTime:0.000297s ]
SQL: SELECT * FROM `t_browsenumber` WHERE ( cookbook_id =5 )  [ RunTime:0.000330s ]
SQL: SELECT * FROM `t_material` WHERE ( cookbook_id =9 )  [ RunTime:0.000517s ]
SQL: SELECT * FROM `t_collectionnumber` WHERE ( cookbook_id =9 )  [ RunTime:0.000822s ]
SQL: SELECT * FROM `t_browsenumber` WHERE ( cookbook_id =9 )  [ RunTime:0.000488s ]
SQL: SELECT * FROM `t_material` WHERE ( cookbook_id =13 )  [ RunTime:0.000392s ]
SQL: SELECT * FROM `t_collectionnumber` WHERE ( cookbook_id =13 )  [ RunTime:0.000297s ]
SQL: SELECT * FROM `t_browsenumber` WHERE ( cookbook_id =13 )  [ RunTime:0.000398s ]
SQL: SELECT * FROM `t_material` WHERE ( cookbook_id =6 )  [ RunTime:0.000579s ]
SQL: SELECT * FROM `t_collectionnumber` WHERE ( cookbook_id =6 )  [ RunTime:0.001663s ]
SQL: SELECT * FROM `t_browsenumber` WHERE ( cookbook_id =6 )  [ RunTime:0.000691s ]
SQL: SELECT * FROM `t_material` WHERE ( cookbook_id =10 )  [ RunTime:0.000421s ]
SQL: SELECT * FROM `t_collectionnumber` WHERE ( cookbook_id =10 )  [ RunTime:0.000708s ]
SQL: SELECT * FROM `t_browsenumber` WHERE ( cookbook_id =10 )  [ RunTime:0.000438s ]
SQL: SELECT * FROM `t_material` WHERE ( cookbook_id =3 )  [ RunTime:0.000319s ]
SQL: SELECT * FROM `t_collectionnumber` WHERE ( cookbook_id =3 )  [ RunTime:0.000223s ]
SQL: SELECT * FROM `t_browsenumber` WHERE ( cookbook_id =3 )  [ RunTime:0.000557s ]
SQL: SELECT * FROM `t_material` WHERE ( cookbook_id =7 )  [ RunTime:0.000280s ]
SQL: SELECT * FROM `t_collectionnumber` WHERE ( cookbook_id =7 )  [ RunTime:0.000209s ]
SQL: SELECT * FROM `t_browsenumber` WHERE ( cookbook_id =7 )  [ RunTime:0.000225s ]
SQL: SELECT * FROM `t_material` WHERE ( cookbook_id =11 )  [ RunTime:0.000221s ]
SQL: SELECT * FROM `t_collectionnumber` WHERE ( cookbook_id =11 )  [ RunTime:0.000370s ]
SQL: SELECT * FROM `t_browsenumber` WHERE ( cookbook_id =11 )  [ RunTime:0.000266s ]
SQL: SELECT * FROM `t_material` WHERE ( cookbook_id =4 )  [ RunTime:0.000214s ]
SQL: SELECT * FROM `t_collectionnumber` WHERE ( cookbook_id =4 )  [ RunTime:0.000281s ]
SQL: SELECT * FROM `t_browsenumber` WHERE ( cookbook_id =4 )  [ RunTime:0.000160s ]
SQL: SELECT * FROM `t_material` WHERE ( cookbook_id =8 )  [ RunTime:0.000156s ]
SQL: SELECT * FROM `t_collectionnumber` WHERE ( cookbook_id =8 )  [ RunTime:0.000142s ]
SQL: SELECT * FROM `t_browsenumber` WHERE ( cookbook_id =8 )  [ RunTime:0.000130s ]
SQL: SELECT * FROM `t_material` WHERE ( cookbook_id =12 )  [ RunTime:0.000287s ]
SQL: SELECT * FROM `t_collectionnumber` WHERE ( cookbook_id =12 )  [ RunTime:0.000308s ]
SQL: SELECT * FROM `t_browsenumber` WHERE ( cookbook_id =12 )  [ RunTime:0.000212s ]
SQL: SELECT * FROM `t_material` WHERE ( cookbook_id =5 )  [ RunTime:0.000377s ]
SQL: SELECT * FROM `t_collectionnumber` WHERE ( cookbook_id =5 )  [ RunTime:0.000214s ]
SQL: SELECT * FROM `t_browsenumber` WHERE ( cookbook_id =5 )  [ RunTime:0.000210s ]
SQL: SELECT * FROM `t_material` WHERE ( cookbook_id =9 )  [ RunTime:0.000183s ]
SQL: SELECT * FROM `t_collectionnumber` WHERE ( cookbook_id =9 )  [ RunTime:0.000155s ]
SQL: SELECT * FROM `t_browsenumber` WHERE ( cookbook_id =9 )  [ RunTime:0.000137s ]
SQL: SELECT * FROM `t_material` WHERE ( cookbook_id =13 )  [ RunTime:0.000176s ]
SQL: SELECT * FROM `t_collectionnumber` WHERE ( cookbook_id =13 )  [ RunTime:0.000197s ]
SQL: SELECT * FROM `t_browsenumber` WHERE ( cookbook_id =13 )  [ RunTime:0.000153s ]
SQL: SELECT * FROM `t_material` WHERE ( cookbook_id =6 )  [ RunTime:0.000223s ]
SQL: SELECT * FROM `t_collectionnumber` WHERE ( cookbook_id =6 )  [ RunTime:0.000282s ]
SQL: SELECT * FROM `t_browsenumber` WHERE ( cookbook_id =6 )  [ RunTime:0.000165s ]
SQL: SELECT * FROM `t_material` WHERE ( cookbook_id =10 )  [ RunTime:0.000167s ]
SQL: SELECT * FROM `t_collectionnumber` WHERE ( cookbook_id =10 )  [ RunTime:0.000144s ]
SQL: SELECT * FROM `t_browsenumber` WHERE ( cookbook_id =10 )  [ RunTime:0.000132s ]
SQL: SELECT * FROM `t_material` WHERE ( cookbook_id =3 )  [ RunTime:0.000149s ]
SQL: SELECT * FROM `t_collectionnumber` WHERE ( cookbook_id =3 )  [ RunTime:0.000138s ]
SQL: SELECT * FROM `t_browsenumber` WHERE ( cookbook_id =3 )  [ RunTime:0.000136s ]
SQL: SELECT * FROM `t_material` WHERE ( cookbook_id =7 )  [ RunTime:0.000142s ]
SQL: SELECT * FROM `t_collectionnumber` WHERE ( cookbook_id =7 )  [ RunTime:0.000142s ]
SQL: SELECT * FROM `t_browsenumber` WHERE ( cookbook_id =7 )  [ RunTime:0.000151s ]
SQL: SELECT * FROM `t_material` WHERE ( cookbook_id =11 )  [ RunTime:0.000159s ]
SQL: SELECT * FROM `t_collectionnumber` WHERE ( cookbook_id =11 )  [ RunTime:0.000207s ]
SQL: SELECT * FROM `t_browsenumber` WHERE ( cookbook_id =11 )  [ RunTime:0.000416s ]
SQL: SELECT * FROM `t_material` WHERE ( cookbook_id =4 )  [ RunTime:0.000646s ]
SQL: SELECT * FROM `t_collectionnumber` WHERE ( cookbook_id =4 )  [ RunTime:0.000950s ]
SQL: SELECT * FROM `t_browsenumber` WHERE ( cookbook_id =4 )  [ RunTime:0.000785s ]
SQL: SELECT * FROM `t_material` WHERE ( cookbook_id =8 )  [ RunTime:0.000268s ]
SQL: SELECT * FROM `t_collectionnumber` WHERE ( cookbook_id =8 )  [ RunTime:0.000650s ]
SQL: SELECT * FROM `t_browsenumber` WHERE ( cookbook_id =8 )  [ RunTime:0.000279s ]
SQL: SELECT * FROM `t_material` WHERE ( cookbook_id =12 )  [ RunTime:0.000336s ]
SQL: SELECT * FROM `t_collectionnumber` WHERE ( cookbook_id =12 )  [ RunTime:0.000353s ]
SQL: SELECT * FROM `t_browsenumber` WHERE ( cookbook_id =12 )  [ RunTime:0.000500s ]
SQL: SELECT * FROM `t_material` WHERE ( cookbook_id =12 )  [ RunTime:0.000787s ]
SQL: SELECT * FROM `t_collectionnumber` WHERE ( cookbook_id =12 )  [ RunTime:0.001097s ]
SQL: SELECT * FROM `t_browsenumber` WHERE ( cookbook_id =12 )  [ RunTime:0.000897s ]
SQL: SELECT * FROM `t_material` WHERE ( cookbook_id =5 )  [ RunTime:0.000889s ]
SQL: SELECT * FROM `t_collectionnumber` WHERE ( cookbook_id =5 )  [ RunTime:0.000376s ]
SQL: SELECT * FROM `t_browsenumber` WHERE ( cookbook_id =5 )  [ RunTime:0.000204s ]
SQL: SELECT * FROM `t_material` WHERE ( cookbook_id =9 )  [ RunTime:0.000306s ]
SQL: SELECT * FROM `t_collectionnumber` WHERE ( cookbook_id =9 )  [ RunTime:0.000417s ]
SQL: SELECT * FROM `t_browsenumber` WHERE ( cookbook_id =9 )  [ RunTime:0.000354s ]
SQL: SELECT * FROM `t_material` WHERE ( cookbook_id =13 )  [ RunTime:0.000309s ]
SQL: SELECT * FROM `t_collectionnumber` WHERE ( cookbook_id =13 )  [ RunTime:0.000525s ]
SQL: SELECT * FROM `t_browsenumber` WHERE ( cookbook_id =13 )  [ RunTime:0.000313s ]
SQL: SELECT * FROM `t_material` WHERE ( cookbook_id =6 )  [ RunTime:0.000187s ]
SQL: SELECT * FROM `t_collectionnumber` WHERE ( cookbook_id =6 )  [ RunTime:0.000138s ]
SQL: SELECT * FROM `t_browsenumber` WHERE ( cookbook_id =6 )  [ RunTime:0.000128s ]
SQL: SELECT * FROM `t_material` WHERE ( cookbook_id =10 )  [ RunTime:0.000200s ]
SQL: SELECT * FROM `t_collectionnumber` WHERE ( cookbook_id =10 )  [ RunTime:0.000178s ]
SQL: SELECT * FROM `t_browsenumber` WHERE ( cookbook_id =10 )  [ RunTime:0.000247s ]
SQL: SELECT * FROM `t_material` WHERE ( cookbook_id =3 )  [ RunTime:0.000281s ]
SQL: SELECT * FROM `t_collectionnumber` WHERE ( cookbook_id =3 )  [ RunTime:0.000226s ]
SQL: SELECT * FROM `t_browsenumber` WHERE ( cookbook_id =3 )  [ RunTime:0.000147s ]
SQL: SELECT * FROM `t_material` WHERE ( cookbook_id =7 )  [ RunTime:0.000154s ]
SQL: SELECT * FROM `t_collectionnumber` WHERE ( cookbook_id =7 )  [ RunTime:0.000243s ]
SQL: SELECT * FROM `t_browsenumber` WHERE ( cookbook_id =7 )  [ RunTime:0.000227s ]
SQL: SELECT * FROM `t_material` WHERE ( cookbook_id =11 )  [ RunTime:0.000163s ]
SQL: SELECT * FROM `t_collectionnumber` WHERE ( cookbook_id =11 )  [ RunTime:0.000166s ]
SQL: SELECT * FROM `t_browsenumber` WHERE ( cookbook_id =11 )  [ RunTime:0.000181s ]
SQL: SELECT * FROM `t_material` WHERE ( cookbook_id =4 )  [ RunTime:0.000196s ]
SQL: SELECT * FROM `t_collectionnumber` WHERE ( cookbook_id =4 )  [ RunTime:0.000171s ]
SQL: SELECT * FROM `t_browsenumber` WHERE ( cookbook_id =4 )  [ RunTime:0.000139s ]
SQL: SELECT * FROM `t_material` WHERE ( cookbook_id =8 )  [ RunTime:0.000285s ]
SQL: SELECT * FROM `t_collectionnumber` WHERE ( cookbook_id =8 )  [ RunTime:0.000265s ]
SQL: SELECT * FROM `t_browsenumber` WHERE ( cookbook_id =8 )  [ RunTime:0.000389s ]

[ 2016-06-03T13:10:54+08:00 ] ::1 /cookinggod/index.php/Home/cookbook/index
INFO: [ app_init ] --START--
INFO: Run Behavior\BuildLiteBehavior [ RunTime:0.000015s ]
INFO: [ app_init ] --END-- [ RunTime:0.000354s ]
INFO: [ app_begin ] --START--
INFO: Run Behavior\ReadHtmlCacheBehavior [ RunTime:0.000481s ]
INFO: [ app_begin ] --END-- [ RunTime:0.000552s ]
NOTIC: [8192] mysql_connect(): The mysql extension is deprecated and will be removed in the future: use mysqli or PDO instead /Applications/MAMP/htdocs/ThinkPHP/Library/Think/Db/Driver/Mysql.class.php 第 52 行.
SQL: SHOW COLUMNS FROM t_user,t_cookbook [ RunTime:0.000123s ]
ERR: 1064:You have an error in your SQL syntax; check the manual that corresponds to your MySQL server version for the right syntax to use near 't_cookbook' at line 1
 [ SQL语句 ] : SHOW COLUMNS FROM t_user,t_cookbook
SQL: SELECT * FROM `t_user`,`t_cookbook` WHERE ( t_user.user_id=t_cookbook.user_id AND t_cookbook.cookbook_id=5 )  [ RunTime:0.000556s ]
SQL: SHOW COLUMNS FROM `t_material` [ RunTime:0.001954s ]
SQL: SELECT * FROM `t_material` WHERE ( cookbook_id=5 )  [ RunTime:0.000363s ]
SQL: SHOW COLUMNS FROM `t_process` [ RunTime:0.004551s ]
SQL: SELECT `process_step`,`process_image`,`process_content` FROM `t_process` WHERE ( cookbook_id=5 )  [ RunTime:0.000332s ]
SQL: SHOW COLUMNS FROM t_user,t_comment [ RunTime:0.000127s ]
ERR: 1064:You have an error in your SQL syntax; check the manual that corresponds to your MySQL server version for the right syntax to use near 't_comment' at line 1
 [ SQL语句 ] : SHOW COLUMNS FROM t_user,t_comment
SQL: SELECT t_user.user_nickname,t_user.user_herderimage,t_comment.comment_time,t_comment.comment_body FROM `t_user`,`t_comment` WHERE ( t_comment.cookbook_id=5 AND t_user.user_id=t_comment.user_id ) ORDER BY comment_time desc  [ RunTime:0.002772s ]
SQL: SHOW COLUMNS FROM `t_browsenumber` [ RunTime:0.002389s ]
SQL: UPDATE `t_browsenumber` SET `browsenumber_number`=browsenumber_number+1 WHERE ( cookbook_id = 5 ) [ RunTime:0.003323s ]

[ 2016-06-03T13:11:15+08:00 ] ::1 /cookinggod/index.php/Home/cookbook/comment
INFO: [ app_init ] --START--
INFO: Run Behavior\BuildLiteBehavior [ RunTime:0.000030s ]
INFO: [ app_init ] --END-- [ RunTime:0.000619s ]
INFO: [ app_begin ] --START--
INFO: Run Behavior\ReadHtmlCacheBehavior [ RunTime:0.000679s ]
INFO: [ app_begin ] --END-- [ RunTime:0.000790s ]
NOTIC: [8192] mysql_connect(): The mysql extension is deprecated and will be removed in the future: use mysqli or PDO instead /Applications/MAMP/htdocs/ThinkPHP/Library/Think/Db/Driver/Mysql.class.php 第 52 行.
SQL: SHOW COLUMNS FROM t_user,t_comment [ RunTime:0.000142s ]
ERR: 1064:You have an error in your SQL syntax; check the manual that corresponds to your MySQL server version for the right syntax to use near 't_comment' at line 1
 [ SQL语句 ] : SHOW COLUMNS FROM t_user,t_comment
SQL: SELECT t_user.user_nickname,t_user.user_herderimage,t_comment.comment_time,t_comment.comment_body FROM `t_user`,`t_comment` WHERE ( t_comment.cookbook_id=5 AND t_user.user_id=t_comment.user_id ) ORDER BY comment_time desc  [ RunTime:0.000383s ]

[ 2016-06-03T13:11:15+08:00 ] ::1 /cookinggod/index.php/Home/cookbook/comment
INFO: [ app_init ] --START--
INFO: Run Behavior\BuildLiteBehavior [ RunTime:0.000025s ]
INFO: [ app_init ] --END-- [ RunTime:0.000587s ]
INFO: [ app_begin ] --START--
INFO: Run Behavior\ReadHtmlCacheBehavior [ RunTime:0.000571s ]
INFO: [ app_begin ] --END-- [ RunTime:0.000680s ]
NOTIC: [8192] mysql_connect(): The mysql extension is deprecated and will be removed in the future: use mysqli or PDO instead /Applications/MAMP/htdocs/ThinkPHP/Library/Think/Db/Driver/Mysql.class.php 第 52 行.
SQL: SHOW COLUMNS FROM t_user,t_comment [ RunTime:0.000246s ]
ERR: 1064:You have an error in your SQL syntax; check the manual that corresponds to your MySQL server version for the right syntax to use near 't_comment' at line 1
 [ SQL语句 ] : SHOW COLUMNS FROM t_user,t_comment
SQL: SELECT t_user.user_nickname,t_user.user_herderimage,t_comment.comment_time,t_comment.comment_body FROM `t_user`,`t_comment` WHERE ( t_comment.cookbook_id=5 AND t_user.user_id=t_comment.user_id ) ORDER BY comment_time desc  [ RunTime:0.000366s ]

[ 2016-06-03T15:29:28+08:00 ] ::1 /cookinggod/index.php/Home/user/daren
INFO: [ app_init ] --START--
INFO: Run Behavior\BuildLiteBehavior [ RunTime:0.000028s ]
INFO: [ app_init ] --END-- [ RunTime:0.004260s ]
INFO: [ app_begin ] --START--
INFO: Run Behavior\ReadHtmlCacheBehavior [ RunTime:0.001079s ]
INFO: [ app_begin ] --END-- [ RunTime:0.001183s ]
NOTIC: [8192] mysql_connect(): The mysql extension is deprecated and will be removed in the future: use mysqli or PDO instead /Applications/MAMP/htdocs/ThinkPHP/Library/Think/Db/Driver/Mysql.class.php 第 52 行.
SQL: SHOW COLUMNS FROM `t_user` [ RunTime:0.006692s ]
SQL: SELECT * FROM `t_user` LIMIT 5   [ RunTime:0.001010s ]

[ 2016-06-03T15:29:28+08:00 ] ::1 /cookinggod/index.php/Home/cookbook/cookbytime
INFO: [ app_init ] --START--
INFO: Run Behavior\BuildLiteBehavior [ RunTime:0.000023s ]
INFO: [ app_init ] --END-- [ RunTime:0.003996s ]
INFO: [ app_begin ] --START--
INFO: Run Behavior\ReadHtmlCacheBehavior [ RunTime:0.000927s ]
INFO: [ app_begin ] --END-- [ RunTime:0.001037s ]
NOTIC: [8192] mysql_connect(): The mysql extension is deprecated and will be removed in the future: use mysqli or PDO instead /Applications/MAMP/htdocs/ThinkPHP/Library/Think/Db/Driver/Mysql.class.php 第 52 行.
SQL: SHOW COLUMNS FROM `t_cookbook` [ RunTime:0.007432s ]
SQL: SELECT * FROM `t_cookbook` WHERE ( cookbook_eattime='晚餐' )  [ RunTime:0.001046s ]
SQL: SHOW COLUMNS FROM `t_material` [ RunTime:0.006122s ]
SQL: SELECT * FROM `t_material` WHERE ( cookbook_id =10 )  [ RunTime:0.003167s ]
SQL: SHOW COLUMNS FROM `t_collectionnumber` [ RunTime:0.004248s ]
SQL: SELECT * FROM `t_collectionnumber` WHERE ( cookbook_id =10 )  [ RunTime:0.000299s ]
SQL: SHOW COLUMNS FROM `t_browsenumber` [ RunTime:0.001747s ]
SQL: SELECT * FROM `t_browsenumber` WHERE ( cookbook_id =10 )  [ RunTime:0.000346s ]
SQL: SELECT * FROM `t_material` WHERE ( cookbook_id =11 )  [ RunTime:0.000315s ]
SQL: SELECT * FROM `t_collectionnumber` WHERE ( cookbook_id =11 )  [ RunTime:0.000251s ]
SQL: SELECT * FROM `t_browsenumber` WHERE ( cookbook_id =11 )  [ RunTime:0.000242s ]
SQL: SELECT * FROM `t_material` WHERE ( cookbook_id =12 )  [ RunTime:0.000292s ]
SQL: SELECT * FROM `t_collectionnumber` WHERE ( cookbook_id =12 )  [ RunTime:0.000922s ]
SQL: SELECT * FROM `t_browsenumber` WHERE ( cookbook_id =12 )  [ RunTime:0.000249s ]

[ 2016-06-03T15:29:28+08:00 ] ::1 /cookinggod/index.php/Home/cookbook/type
INFO: [ app_init ] --START--
INFO: Run Behavior\BuildLiteBehavior [ RunTime:0.000028s ]
INFO: [ app_init ] --END-- [ RunTime:0.003990s ]
INFO: [ app_begin ] --START--
INFO: Run Behavior\ReadHtmlCacheBehavior [ RunTime:0.001670s ]
INFO: [ app_begin ] --END-- [ RunTime:0.001766s ]
NOTIC: [8192] mysql_connect(): The mysql extension is deprecated and will be removed in the future: use mysqli or PDO instead /Applications/MAMP/htdocs/ThinkPHP/Library/Think/Db/Driver/Mysql.class.php 第 52 行.
SQL: SHOW COLUMNS FROM t_browsenumber,t_cookbook [ RunTime:0.000829s ]
ERR: 1064:You have an error in your SQL syntax; check the manual that corresponds to your MySQL server version for the right syntax to use near 't_cookbook' at line 1
 [ SQL语句 ] : SHOW COLUMNS FROM t_browsenumber,t_cookbook
SQL: SELECT t_cookbook.* FROM `t_browsenumber`,`t_cookbook` WHERE ( t_browsenumber.cookbook_id=t_cookbook.cookbook_id ) ORDER BY t_browsenumber.browsenumber_number desc  [ RunTime:0.006820s ]
SQL: SHOW COLUMNS FROM `t_material` [ RunTime:0.006659s ]
SQL: SELECT * FROM `t_material` WHERE ( cookbook_id =5 )  [ RunTime:0.003277s ]
SQL: SHOW COLUMNS FROM `t_collectionnumber` [ RunTime:0.002724s ]
SQL: SELECT * FROM `t_collectionnumber` WHERE ( cookbook_id =5 )  [ RunTime:0.000286s ]
SQL: SHOW COLUMNS FROM `t_browsenumber` [ RunTime:0.002409s ]
SQL: SELECT * FROM `t_browsenumber` WHERE ( cookbook_id =5 )  [ RunTime:0.000298s ]
SQL: SELECT * FROM `t_material` WHERE ( cookbook_id =6 )  [ RunTime:0.000295s ]
SQL: SELECT * FROM `t_collectionnumber` WHERE ( cookbook_id =6 )  [ RunTime:0.000241s ]
SQL: SELECT * FROM `t_browsenumber` WHERE ( cookbook_id =6 )  [ RunTime:0.000210s ]
SQL: SELECT * FROM `t_material` WHERE ( cookbook_id =11 )  [ RunTime:0.000583s ]
SQL: SELECT * FROM `t_collectionnumber` WHERE ( cookbook_id =11 )  [ RunTime:0.000467s ]
SQL: SELECT * FROM `t_browsenumber` WHERE ( cookbook_id =11 )  [ RunTime:0.000273s ]
SQL: SELECT * FROM `t_material` WHERE ( cookbook_id =7 )  [ RunTime:0.000439s ]
SQL: SELECT * FROM `t_collectionnumber` WHERE ( cookbook_id =7 )  [ RunTime:0.000864s ]
SQL: SELECT * FROM `t_browsenumber` WHERE ( cookbook_id =7 )  [ RunTime:0.000370s ]
SQL: SELECT * FROM `t_material` WHERE ( cookbook_id =3 )  [ RunTime:0.000866s ]
SQL: SELECT * FROM `t_collectionnumber` WHERE ( cookbook_id =3 )  [ RunTime:0.001549s ]
SQL: SELECT * FROM `t_browsenumber` WHERE ( cookbook_id =3 )  [ RunTime:0.000623s ]
SQL: SELECT * FROM `t_material` WHERE ( cookbook_id =12 )  [ RunTime:0.000660s ]
SQL: SELECT * FROM `t_collectionnumber` WHERE ( cookbook_id =12 )  [ RunTime:0.000462s ]
SQL: SELECT * FROM `t_browsenumber` WHERE ( cookbook_id =12 )  [ RunTime:0.001235s ]
SQL: SELECT * FROM `t_material` WHERE ( cookbook_id =4 )  [ RunTime:0.000662s ]
SQL: SELECT * FROM `t_collectionnumber` WHERE ( cookbook_id =4 )  [ RunTime:0.000527s ]
SQL: SELECT * FROM `t_browsenumber` WHERE ( cookbook_id =4 )  [ RunTime:0.000520s ]
SQL: SELECT * FROM `t_material` WHERE ( cookbook_id =9 )  [ RunTime:0.000430s ]
SQL: SELECT * FROM `t_collectionnumber` WHERE ( cookbook_id =9 )  [ RunTime:0.000492s ]
SQL: SELECT * FROM `t_browsenumber` WHERE ( cookbook_id =9 )  [ RunTime:0.000385s ]
SQL: SELECT * FROM `t_material` WHERE ( cookbook_id =10 )  [ RunTime:0.002507s ]
SQL: SELECT * FROM `t_collectionnumber` WHERE ( cookbook_id =10 )  [ RunTime:0.000463s ]
SQL: SELECT * FROM `t_browsenumber` WHERE ( cookbook_id =10 )  [ RunTime:0.002669s ]
SQL: SELECT * FROM `t_material` WHERE ( cookbook_id =13 )  [ RunTime:0.000704s ]
SQL: SELECT * FROM `t_collectionnumber` WHERE ( cookbook_id =13 )  [ RunTime:0.000293s ]
SQL: SELECT * FROM `t_browsenumber` WHERE ( cookbook_id =13 )  [ RunTime:0.000844s ]
SQL: SELECT * FROM `t_material` WHERE ( cookbook_id =8 )  [ RunTime:0.000402s ]
SQL: SELECT * FROM `t_collectionnumber` WHERE ( cookbook_id =8 )  [ RunTime:0.000281s ]
SQL: SELECT * FROM `t_browsenumber` WHERE ( cookbook_id =8 )  [ RunTime:0.000357s ]

[ 2016-06-03T15:29:28+08:00 ] ::1 /cookinggod/index.php/Home/cookbook/type?type=14
INFO: [ app_init ] --START--
INFO: Run Behavior\BuildLiteBehavior [ RunTime:0.000017s ]
INFO: [ app_init ] --END-- [ RunTime:0.003955s ]
INFO: [ app_begin ] --START--
INFO: Run Behavior\ReadHtmlCacheBehavior [ RunTime:0.001094s ]
INFO: [ app_begin ] --END-- [ RunTime:0.001207s ]
NOTIC: [8192] mysql_connect(): The mysql extension is deprecated and will be removed in the future: use mysqli or PDO instead /Applications/MAMP/htdocs/ThinkPHP/Library/Think/Db/Driver/Mysql.class.php 第 52 行.
SQL: SHOW COLUMNS FROM t_collectionnumber,t_cookbook [ RunTime:0.000828s ]
ERR: 1064:You have an error in your SQL syntax; check the manual that corresponds to your MySQL server version for the right syntax to use near 't_cookbook' at line 1
 [ SQL语句 ] : SHOW COLUMNS FROM t_collectionnumber,t_cookbook
SQL: SELECT t_cookbook.* FROM `t_collectionnumber`,`t_cookbook` WHERE ( t_collectionnumber.cookbook_id ) ORDER BY t_collectionnumber.collectionnumber_number desc  [ RunTime:0.007104s ]
SQL: SHOW COLUMNS FROM `t_material` [ RunTime:0.003914s ]
SQL: SELECT * FROM `t_material` WHERE ( cookbook_id =3 )  [ RunTime:0.002291s ]
SQL: SHOW COLUMNS FROM `t_collectionnumber` [ RunTime:0.003933s ]
SQL: SELECT * FROM `t_collectionnumber` WHERE ( cookbook_id =3 )  [ RunTime:0.000341s ]
SQL: SHOW COLUMNS FROM `t_browsenumber` [ RunTime:0.002026s ]
SQL: SELECT * FROM `t_browsenumber` WHERE ( cookbook_id =3 )  [ RunTime:0.000396s ]
SQL: SELECT * FROM `t_material` WHERE ( cookbook_id =7 )  [ RunTime:0.000302s ]
SQL: SELECT * FROM `t_collectionnumber` WHERE ( cookbook_id =7 )  [ RunTime:0.000250s ]
SQL: SELECT * FROM `t_browsenumber` WHERE ( cookbook_id =7 )  [ RunTime:0.000256s ]
SQL: SELECT * FROM `t_material` WHERE ( cookbook_id =11 )  [ RunTime:0.000299s ]
SQL: SELECT * FROM `t_collectionnumber` WHERE ( cookbook_id =11 )  [ RunTime:0.000478s ]
SQL: SELECT * FROM `t_browsenumber` WHERE ( cookbook_id =11 )  [ RunTime:0.000519s ]
SQL: SELECT * FROM `t_material` WHERE ( cookbook_id =4 )  [ RunTime:0.000326s ]
SQL: SELECT * FROM `t_collectionnumber` WHERE ( cookbook_id =4 )  [ RunTime:0.000255s ]
SQL: SELECT * FROM `t_browsenumber` WHERE ( cookbook_id =4 )  [ RunTime:0.000907s ]
SQL: SELECT * FROM `t_material` WHERE ( cookbook_id =8 )  [ RunTime:0.000400s ]
SQL: SELECT * FROM `t_collectionnumber` WHERE ( cookbook_id =8 )  [ RunTime:0.001467s ]
SQL: SELECT * FROM `t_browsenumber` WHERE ( cookbook_id =8 )  [ RunTime:0.000634s ]
SQL: SELECT * FROM `t_material` WHERE ( cookbook_id =12 )  [ RunTime:0.001345s ]
SQL: SELECT * FROM `t_collectionnumber` WHERE ( cookbook_id =12 )  [ RunTime:0.000530s ]
SQL: SELECT * FROM `t_browsenumber` WHERE ( cookbook_id =12 )  [ RunTime:0.000921s ]
SQL: SELECT * FROM `t_material` WHERE ( cookbook_id =5 )  [ RunTime:0.000913s ]
SQL: SELECT * FROM `t_collectionnumber` WHERE ( cookbook_id =5 )  [ RunTime:0.000662s ]
SQL: SELECT * FROM `t_browsenumber` WHERE ( cookbook_id =5 )  [ RunTime:0.001300s ]
SQL: SELECT * FROM `t_material` WHERE ( cookbook_id =9 )  [ RunTime:0.000513s ]
SQL: SELECT * FROM `t_collectionnumber` WHERE ( cookbook_id =9 )  [ RunTime:0.000599s ]
SQL: SELECT * FROM `t_browsenumber` WHERE ( cookbook_id =9 )  [ RunTime:0.000287s ]
SQL: SELECT * FROM `t_material` WHERE ( cookbook_id =13 )  [ RunTime:0.000273s ]
SQL: SELECT * FROM `t_collectionnumber` WHERE ( cookbook_id =13 )  [ RunTime:0.002509s ]
SQL: SELECT * FROM `t_browsenumber` WHERE ( cookbook_id =13 )  [ RunTime:0.002319s ]
SQL: SELECT * FROM `t_material` WHERE ( cookbook_id =6 )  [ RunTime:0.000623s ]
SQL: SELECT * FROM `t_collectionnumber` WHERE ( cookbook_id =6 )  [ RunTime:0.000348s ]
SQL: SELECT * FROM `t_browsenumber` WHERE ( cookbook_id =6 )  [ RunTime:0.000259s ]
SQL: SELECT * FROM `t_material` WHERE ( cookbook_id =10 )  [ RunTime:0.000393s ]
SQL: SELECT * FROM `t_collectionnumber` WHERE ( cookbook_id =10 )  [ RunTime:0.000542s ]
SQL: SELECT * FROM `t_browsenumber` WHERE ( cookbook_id =10 )  [ RunTime:0.000301s ]
SQL: SELECT * FROM `t_material` WHERE ( cookbook_id =6 )  [ RunTime:0.000466s ]
SQL: SELECT * FROM `t_collectionnumber` WHERE ( cookbook_id =6 )  [ RunTime:0.000446s ]
SQL: SELECT * FROM `t_browsenumber` WHERE ( cookbook_id =6 )  [ RunTime:0.000306s ]
SQL: SELECT * FROM `t_material` WHERE ( cookbook_id =10 )  [ RunTime:0.001716s ]
SQL: SELECT * FROM `t_collectionnumber` WHERE ( cookbook_id =10 )  [ RunTime:0.000427s ]
SQL: SELECT * FROM `t_browsenumber` WHERE ( cookbook_id =10 )  [ RunTime:0.001038s ]
SQL: SELECT * FROM `t_material` WHERE ( cookbook_id =3 )  [ RunTime:0.004415s ]
SQL: SELECT * FROM `t_collectionnumber` WHERE ( cookbook_id =3 )  [ RunTime:0.002369s ]
SQL: SELECT * FROM `t_browsenumber` WHERE ( cookbook_id =3 )  [ RunTime:0.013827s ]
SQL: SELECT * FROM `t_material` WHERE ( cookbook_id =7 )  [ RunTime:0.001334s ]
SQL: SELECT * FROM `t_collectionnumber` WHERE ( cookbook_id =7 )  [ RunTime:0.000339s ]
SQL: SELECT * FROM `t_browsenumber` WHERE ( cookbook_id =7 )  [ RunTime:0.001271s ]
SQL: SELECT * FROM `t_material` WHERE ( cookbook_id =11 )  [ RunTime:0.000268s ]
SQL: SELECT * FROM `t_collectionnumber` WHERE ( cookbook_id =11 )  [ RunTime:0.000171s ]
SQL: SELECT * FROM `t_browsenumber` WHERE ( cookbook_id =11 )  [ RunTime:0.000149s ]
SQL: SELECT * FROM `t_material` WHERE ( cookbook_id =4 )  [ RunTime:0.000311s ]
SQL: SELECT * FROM `t_collectionnumber` WHERE ( cookbook_id =4 )  [ RunTime:0.000368s ]
SQL: SELECT * FROM `t_browsenumber` WHERE ( cookbook_id =4 )  [ RunTime:0.000574s ]
SQL: SELECT * FROM `t_material` WHERE ( cookbook_id =8 )  [ RunTime:0.000978s ]
SQL: SELECT * FROM `t_collectionnumber` WHERE ( cookbook_id =8 )  [ RunTime:0.001502s ]
SQL: SELECT * FROM `t_browsenumber` WHERE ( cookbook_id =8 )  [ RunTime:0.000435s ]
SQL: SELECT * FROM `t_material` WHERE ( cookbook_id =12 )  [ RunTime:0.000306s ]
SQL: SELECT * FROM `t_collectionnumber` WHERE ( cookbook_id =12 )  [ RunTime:0.000505s ]
SQL: SELECT * FROM `t_browsenumber` WHERE ( cookbook_id =12 )  [ RunTime:0.000801s ]
SQL: SELECT * FROM `t_material` WHERE ( cookbook_id =5 )  [ RunTime:0.001612s ]
SQL: SELECT * FROM `t_collectionnumber` WHERE ( cookbook_id =5 )  [ RunTime:0.000583s ]
SQL: SELECT * FROM `t_browsenumber` WHERE ( cookbook_id =5 )  [ RunTime:0.000814s ]
SQL: SELECT * FROM `t_material` WHERE ( cookbook_id =9 )  [ RunTime:0.000606s ]
SQL: SELECT * FROM `t_collectionnumber` WHERE ( cookbook_id =9 )  [ RunTime:0.000695s ]
SQL: SELECT * FROM `t_browsenumber` WHERE ( cookbook_id =9 )  [ RunTime:0.000655s ]
SQL: SELECT * FROM `t_material` WHERE ( cookbook_id =13 )  [ RunTime:0.000840s ]
SQL: SELECT * FROM `t_collectionnumber` WHERE ( cookbook_id =13 )  [ RunTime:0.001014s ]
SQL: SELECT * FROM `t_browsenumber` WHERE ( cookbook_id =13 )  [ RunTime:0.000659s ]
SQL: SELECT * FROM `t_material` WHERE ( cookbook_id =6 )  [ RunTime:0.000876s ]
SQL: SELECT * FROM `t_collectionnumber` WHERE ( cookbook_id =6 )  [ RunTime:0.000600s ]
SQL: SELECT * FROM `t_browsenumber` WHERE ( cookbook_id =6 )  [ RunTime:0.000260s ]
SQL: SELECT * FROM `t_material` WHERE ( cookbook_id =10 )  [ RunTime:0.000466s ]
SQL: SELECT * FROM `t_collectionnumber` WHERE ( cookbook_id =10 )  [ RunTime:0.000787s ]
SQL: SELECT * FROM `t_browsenumber` WHERE ( cookbook_id =10 )  [ RunTime:0.000832s ]
SQL: SELECT * FROM `t_material` WHERE ( cookbook_id =3 )  [ RunTime:0.000576s ]
SQL: SELECT * FROM `t_collectionnumber` WHERE ( cookbook_id =3 )  [ RunTime:0.001056s ]
SQL: SELECT * FROM `t_browsenumber` WHERE ( cookbook_id =3 )  [ RunTime:0.007277s ]
SQL: SELECT * FROM `t_material` WHERE ( cookbook_id =7 )  [ RunTime:0.000450s ]
SQL: SELECT * FROM `t_collectionnumber` WHERE ( cookbook_id =7 )  [ RunTime:0.000494s ]
SQL: SELECT * FROM `t_browsenumber` WHERE ( cookbook_id =7 )  [ RunTime:0.000227s ]
SQL: SELECT * FROM `t_material` WHERE ( cookbook_id =11 )  [ RunTime:0.000224s ]
SQL: SELECT * FROM `t_collectionnumber` WHERE ( cookbook_id =11 )  [ RunTime:0.000224s ]
SQL: SELECT * FROM `t_browsenumber` WHERE ( cookbook_id =11 )  [ RunTime:0.000291s ]
SQL: SELECT * FROM `t_material` WHERE ( cookbook_id =4 )  [ RunTime:0.000953s ]
SQL: SELECT * FROM `t_collectionnumber` WHERE ( cookbook_id =4 )  [ RunTime:0.000278s ]
SQL: SELECT * FROM `t_browsenumber` WHERE ( cookbook_id =4 )  [ RunTime:0.000244s ]
SQL: SELECT * FROM `t_material` WHERE ( cookbook_id =8 )  [ RunTime:0.000514s ]
SQL: SELECT * FROM `t_collectionnumber` WHERE ( cookbook_id =8 )  [ RunTime:0.000373s ]
SQL: SELECT * FROM `t_browsenumber` WHERE ( cookbook_id =8 )  [ RunTime:0.000201s ]
SQL: SELECT * FROM `t_material` WHERE ( cookbook_id =12 )  [ RunTime:0.000219s ]
SQL: SELECT * FROM `t_collectionnumber` WHERE ( cookbook_id =12 )  [ RunTime:0.000193s ]
SQL: SELECT * FROM `t_browsenumber` WHERE ( cookbook_id =12 )  [ RunTime:0.000163s ]
SQL: SELECT * FROM `t_material` WHERE ( cookbook_id =5 )  [ RunTime:0.000408s ]
SQL: SELECT * FROM `t_collectionnumber` WHERE ( cookbook_id =5 )  [ RunTime:0.000717s ]
SQL: SELECT * FROM `t_browsenumber` WHERE ( cookbook_id =5 )  [ RunTime:0.000343s ]
SQL: SELECT * FROM `t_material` WHERE ( cookbook_id =9 )  [ RunTime:0.000963s ]
SQL: SELECT * FROM `t_collectionnumber` WHERE ( cookbook_id =9 )  [ RunTime:0.000832s ]
SQL: SELECT * FROM `t_browsenumber` WHERE ( cookbook_id =9 )  [ RunTime:0.001427s ]
SQL: SELECT * FROM `t_material` WHERE ( cookbook_id =13 )  [ RunTime:0.001101s ]
SQL: SELECT * FROM `t_collectionnumber` WHERE ( cookbook_id =13 )  [ RunTime:0.000855s ]
SQL: SELECT * FROM `t_browsenumber` WHERE ( cookbook_id =13 )  [ RunTime:0.001997s ]
SQL: SELECT * FROM `t_material` WHERE ( cookbook_id =3 )  [ RunTime:0.000443s ]
SQL: SELECT * FROM `t_collectionnumber` WHERE ( cookbook_id =3 )  [ RunTime:0.000519s ]
SQL: SELECT * FROM `t_browsenumber` WHERE ( cookbook_id =3 )  [ RunTime:0.000728s ]
SQL: SELECT * FROM `t_material` WHERE ( cookbook_id =7 )  [ RunTime:0.000716s ]
SQL: SELECT * FROM `t_collectionnumber` WHERE ( cookbook_id =7 )  [ RunTime:0.000223s ]
SQL: SELECT * FROM `t_browsenumber` WHERE ( cookbook_id =7 )  [ RunTime:0.000302s ]
SQL: SELECT * FROM `t_material` WHERE ( cookbook_id =11 )  [ RunTime:0.000470s ]
SQL: SELECT * FROM `t_collectionnumber` WHERE ( cookbook_id =11 )  [ RunTime:0.000268s ]
SQL: SELECT * FROM `t_browsenumber` WHERE ( cookbook_id =11 )  [ RunTime:0.005993s ]
SQL: SELECT * FROM `t_material` WHERE ( cookbook_id =4 )  [ RunTime:0.001078s ]
SQL: SELECT * FROM `t_collectionnumber` WHERE ( cookbook_id =4 )  [ RunTime:0.000415s ]
SQL: SELECT * FROM `t_browsenumber` WHERE ( cookbook_id =4 )  [ RunTime:0.002426s ]
SQL: SELECT * FROM `t_material` WHERE ( cookbook_id =8 )  [ RunTime:0.003960s ]
SQL: SELECT * FROM `t_collectionnumber` WHERE ( cookbook_id =8 )  [ RunTime:0.000957s ]
SQL: SELECT * FROM `t_browsenumber` WHERE ( cookbook_id =8 )  [ RunTime:0.000561s ]
SQL: SELECT * FROM `t_material` WHERE ( cookbook_id =12 )  [ RunTime:0.000876s ]
SQL: SELECT * FROM `t_collectionnumber` WHERE ( cookbook_id =12 )  [ RunTime:0.000441s ]
SQL: SELECT * FROM `t_browsenumber` WHERE ( cookbook_id =12 )  [ RunTime:0.001718s ]
SQL: SELECT * FROM `t_material` WHERE ( cookbook_id =5 )  [ RunTime:0.001139s ]
SQL: SELECT * FROM `t_collectionnumber` WHERE ( cookbook_id =5 )  [ RunTime:0.001035s ]
SQL: SELECT * FROM `t_browsenumber` WHERE ( cookbook_id =5 )  [ RunTime:0.000645s ]
SQL: SELECT * FROM `t_material` WHERE ( cookbook_id =9 )  [ RunTime:0.000819s ]
SQL: SELECT * FROM `t_collectionnumber` WHERE ( cookbook_id =9 )  [ RunTime:0.001058s ]
SQL: SELECT * FROM `t_browsenumber` WHERE ( cookbook_id =9 )  [ RunTime:0.000997s ]
SQL: SELECT * FROM `t_material` WHERE ( cookbook_id =13 )  [ RunTime:0.000489s ]
SQL: SELECT * FROM `t_collectionnumber` WHERE ( cookbook_id =13 )  [ RunTime:0.000442s ]
SQL: SELECT * FROM `t_browsenumber` WHERE ( cookbook_id =13 )  [ RunTime:0.001577s ]
SQL: SELECT * FROM `t_material` WHERE ( cookbook_id =6 )  [ RunTime:0.000438s ]
SQL: SELECT * FROM `t_collectionnumber` WHERE ( cookbook_id =6 )  [ RunTime:0.000331s ]
SQL: SELECT * FROM `t_browsenumber` WHERE ( cookbook_id =6 )  [ RunTime:0.000417s ]
SQL: SELECT * FROM `t_material` WHERE ( cookbook_id =10 )  [ RunTime:0.000313s ]
SQL: SELECT * FROM `t_collectionnumber` WHERE ( cookbook_id =10 )  [ RunTime:0.000184s ]
SQL: SELECT * FROM `t_browsenumber` WHERE ( cookbook_id =10 )  [ RunTime:0.000174s ]
SQL: SELECT * FROM `t_material` WHERE ( cookbook_id =3 )  [ RunTime:0.000217s ]
SQL: SELECT * FROM `t_collectionnumber` WHERE ( cookbook_id =3 )  [ RunTime:0.000173s ]
SQL: SELECT * FROM `t_browsenumber` WHERE ( cookbook_id =3 )  [ RunTime:0.000173s ]
SQL: SELECT * FROM `t_material` WHERE ( cookbook_id =7 )  [ RunTime:0.000196s ]
SQL: SELECT * FROM `t_collectionnumber` WHERE ( cookbook_id =7 )  [ RunTime:0.000181s ]
SQL: SELECT * FROM `t_browsenumber` WHERE ( cookbook_id =7 )  [ RunTime:0.000179s ]
SQL: SELECT * FROM `t_material` WHERE ( cookbook_id =11 )  [ RunTime:0.000253s ]
SQL: SELECT * FROM `t_collectionnumber` WHERE ( cookbook_id =11 )  [ RunTime:0.000232s ]
SQL: SELECT * FROM `t_browsenumber` WHERE ( cookbook_id =11 )  [ RunTime:0.000181s ]
SQL: SELECT * FROM `t_material` WHERE ( cookbook_id =4 )  [ RunTime:0.000192s ]
SQL: SELECT * FROM `t_collectionnumber` WHERE ( cookbook_id =4 )  [ RunTime:0.000194s ]
SQL: SELECT * FROM `t_browsenumber` WHERE ( cookbook_id =4 )  [ RunTime:0.000183s ]
SQL: SELECT * FROM `t_material` WHERE ( cookbook_id =8 )  [ RunTime:0.000293s ]
SQL: SELECT * FROM `t_collectionnumber` WHERE ( cookbook_id =8 )  [ RunTime:0.000306s ]
SQL: SELECT * FROM `t_browsenumber` WHERE ( cookbook_id =8 )  [ RunTime:0.000303s ]
SQL: SELECT * FROM `t_material` WHERE ( cookbook_id =12 )  [ RunTime:0.000319s ]
SQL: SELECT * FROM `t_collectionnumber` WHERE ( cookbook_id =12 )  [ RunTime:0.000434s ]
SQL: SELECT * FROM `t_browsenumber` WHERE ( cookbook_id =12 )  [ RunTime:0.000710s ]
SQL: SELECT * FROM `t_material` WHERE ( cookbook_id =5 )  [ RunTime:0.000548s ]
SQL: SELECT * FROM `t_collectionnumber` WHERE ( cookbook_id =5 )  [ RunTime:0.000782s ]
SQL: SELECT * FROM `t_browsenumber` WHERE ( cookbook_id =5 )  [ RunTime:0.000721s ]
SQL: SELECT * FROM `t_material` WHERE ( cookbook_id =9 )  [ RunTime:0.000395s ]
SQL: SELECT * FROM `t_collectionnumber` WHERE ( cookbook_id =9 )  [ RunTime:0.000384s ]
SQL: SELECT * FROM `t_browsenumber` WHERE ( cookbook_id =9 )  [ RunTime:0.000910s ]
SQL: SELECT * FROM `t_material` WHERE ( cookbook_id =13 )  [ RunTime:0.001242s ]
SQL: SELECT * FROM `t_collectionnumber` WHERE ( cookbook_id =13 )  [ RunTime:0.001221s ]
SQL: SELECT * FROM `t_browsenumber` WHERE ( cookbook_id =13 )  [ RunTime:0.000446s ]
SQL: SELECT * FROM `t_material` WHERE ( cookbook_id =6 )  [ RunTime:0.000982s ]
SQL: SELECT * FROM `t_collectionnumber` WHERE ( cookbook_id =6 )  [ RunTime:0.000708s ]
SQL: SELECT * FROM `t_browsenumber` WHERE ( cookbook_id =6 )  [ RunTime:0.000396s ]
SQL: SELECT * FROM `t_material` WHERE ( cookbook_id =10 )  [ RunTime:0.000394s ]
SQL: SELECT * FROM `t_collectionnumber` WHERE ( cookbook_id =10 )  [ RunTime:0.000758s ]
SQL: SELECT * FROM `t_browsenumber` WHERE ( cookbook_id =10 )  [ RunTime:0.000316s ]
SQL: SELECT * FROM `t_material` WHERE ( cookbook_id =6 )  [ RunTime:0.000391s ]
SQL: SELECT * FROM `t_collectionnumber` WHERE ( cookbook_id =6 )  [ RunTime:0.000428s ]
SQL: SELECT * FROM `t_browsenumber` WHERE ( cookbook_id =6 )  [ RunTime:0.000557s ]
SQL: SELECT * FROM `t_material` WHERE ( cookbook_id =10 )  [ RunTime:0.002317s ]
SQL: SELECT * FROM `t_collectionnumber` WHERE ( cookbook_id =10 )  [ RunTime:0.000461s ]
SQL: SELECT * FROM `t_browsenumber` WHERE ( cookbook_id =10 )  [ RunTime:0.000300s ]
SQL: SELECT * FROM `t_material` WHERE ( cookbook_id =3 )  [ RunTime:0.000311s ]
SQL: SELECT * FROM `t_collectionnumber` WHERE ( cookbook_id =3 )  [ RunTime:0.000443s ]
SQL: SELECT * FROM `t_browsenumber` WHERE ( cookbook_id =3 )  [ RunTime:0.000434s ]
SQL: SELECT * FROM `t_material` WHERE ( cookbook_id =7 )  [ RunTime:0.000783s ]
SQL: SELECT * FROM `t_collectionnumber` WHERE ( cookbook_id =7 )  [ RunTime:0.001333s ]
SQL: SELECT * FROM `t_browsenumber` WHERE ( cookbook_id =7 )  [ RunTime:0.000864s ]
SQL: SELECT * FROM `t_material` WHERE ( cookbook_id =11 )  [ RunTime:0.000832s ]
SQL: SELECT * FROM `t_collectionnumber` WHERE ( cookbook_id =11 )  [ RunTime:0.000471s ]
SQL: SELECT * FROM `t_browsenumber` WHERE ( cookbook_id =11 )  [ RunTime:0.000235s ]
SQL: SELECT * FROM `t_material` WHERE ( cookbook_id =4 )  [ RunTime:0.000256s ]
SQL: SELECT * FROM `t_collectionnumber` WHERE ( cookbook_id =4 )  [ RunTime:0.000287s ]
SQL: SELECT * FROM `t_browsenumber` WHERE ( cookbook_id =4 )  [ RunTime:0.000283s ]
SQL: SELECT * FROM `t_material` WHERE ( cookbook_id =8 )  [ RunTime:0.000287s ]
SQL: SELECT * FROM `t_collectionnumber` WHERE ( cookbook_id =8 )  [ RunTime:0.000219s ]
SQL: SELECT * FROM `t_browsenumber` WHERE ( cookbook_id =8 )  [ RunTime:0.000171s ]
SQL: SELECT * FROM `t_material` WHERE ( cookbook_id =12 )  [ RunTime:0.000242s ]
SQL: SELECT * FROM `t_collectionnumber` WHERE ( cookbook_id =12 )  [ RunTime:0.000192s ]
SQL: SELECT * FROM `t_browsenumber` WHERE ( cookbook_id =12 )  [ RunTime:0.000222s ]
SQL: SELECT * FROM `t_material` WHERE ( cookbook_id =5 )  [ RunTime:0.000325s ]
SQL: SELECT * FROM `t_collectionnumber` WHERE ( cookbook_id =5 )  [ RunTime:0.000239s ]
SQL: SELECT * FROM `t_browsenumber` WHERE ( cookbook_id =5 )  [ RunTime:0.000270s ]
SQL: SELECT * FROM `t_material` WHERE ( cookbook_id =9 )  [ RunTime:0.000266s ]
SQL: SELECT * FROM `t_collectionnumber` WHERE ( cookbook_id =9 )  [ RunTime:0.001243s ]
SQL: SELECT * FROM `t_browsenumber` WHERE ( cookbook_id =9 )  [ RunTime:0.000736s ]
SQL: SELECT * FROM `t_material` WHERE ( cookbook_id =13 )  [ RunTime:0.000538s ]
SQL: SELECT * FROM `t_collectionnumber` WHERE ( cookbook_id =13 )  [ RunTime:0.000837s ]
SQL: SELECT * FROM `t_browsenumber` WHERE ( cookbook_id =13 )  [ RunTime:0.000598s ]
SQL: SELECT * FROM `t_material` WHERE ( cookbook_id =10 )  [ RunTime:0.000344s ]
SQL: SELECT * FROM `t_collectionnumber` WHERE ( cookbook_id =10 )  [ RunTime:0.000261s ]
SQL: SELECT * FROM `t_browsenumber` WHERE ( cookbook_id =10 )  [ RunTime:0.000269s ]
SQL: SELECT * FROM `t_material` WHERE ( cookbook_id =3 )  [ RunTime:0.000443s ]
SQL: SELECT * FROM `t_collectionnumber` WHERE ( cookbook_id =3 )  [ RunTime:0.000256s ]
SQL: SELECT * FROM `t_browsenumber` WHERE ( cookbook_id =3 )  [ RunTime:0.000306s ]
SQL: SELECT * FROM `t_material` WHERE ( cookbook_id =7 )  [ RunTime:0.000322s ]
SQL: SELECT * FROM `t_collectionnumber` WHERE ( cookbook_id =7 )  [ RunTime:0.000278s ]
SQL: SELECT * FROM `t_browsenumber` WHERE ( cookbook_id =7 )  [ RunTime:0.000290s ]
SQL: SELECT * FROM `t_material` WHERE ( cookbook_id =11 )  [ RunTime:0.000390s ]
SQL: SELECT * FROM `t_collectionnumber` WHERE ( cookbook_id =11 )  [ RunTime:0.000303s ]
SQL: SELECT * FROM `t_browsenumber` WHERE ( cookbook_id =11 )  [ RunTime:0.000319s ]
SQL: SELECT * FROM `t_material` WHERE ( cookbook_id =4 )  [ RunTime:0.000337s ]
SQL: SELECT * FROM `t_collectionnumber` WHERE ( cookbook_id =4 )  [ RunTime:0.000353s ]
SQL: SELECT * FROM `t_browsenumber` WHERE ( cookbook_id =4 )  [ RunTime:0.002692s ]
SQL: SELECT * FROM `t_material` WHERE ( cookbook_id =8 )  [ RunTime:0.000513s ]
SQL: SELECT * FROM `t_collectionnumber` WHERE ( cookbook_id =8 )  [ RunTime:0.000311s ]
SQL: SELECT * FROM `t_browsenumber` WHERE ( cookbook_id =8 )  [ RunTime:0.000415s ]
SQL: SELECT * FROM `t_material` WHERE ( cookbook_id =12 )  [ RunTime:0.000341s ]
SQL: SELECT * FROM `t_collectionnumber` WHERE ( cookbook_id =12 )  [ RunTime:0.000583s ]
SQL: SELECT * FROM `t_browsenumber` WHERE ( cookbook_id =12 )  [ RunTime:0.000262s ]
SQL: SELECT * FROM `t_material` WHERE ( cookbook_id =5 )  [ RunTime:0.000810s ]
SQL: SELECT * FROM `t_collectionnumber` WHERE ( cookbook_id =5 )  [ RunTime:0.000294s ]
SQL: SELECT * FROM `t_browsenumber` WHERE ( cookbook_id =5 )  [ RunTime:0.000341s ]
SQL: SELECT * FROM `t_material` WHERE ( cookbook_id =9 )  [ RunTime:0.000471s ]
SQL: SELECT * FROM `t_collectionnumber` WHERE ( cookbook_id =9 )  [ RunTime:0.001002s ]
SQL: SELECT * FROM `t_browsenumber` WHERE ( cookbook_id =9 )  [ RunTime:0.000444s ]
SQL: SELECT * FROM `t_material` WHERE ( cookbook_id =13 )  [ RunTime:0.000516s ]
SQL: SELECT * FROM `t_collectionnumber` WHERE ( cookbook_id =13 )  [ RunTime:0.000821s ]
SQL: SELECT * FROM `t_browsenumber` WHERE ( cookbook_id =13 )  [ RunTime:0.000672s ]
SQL: SELECT * FROM `t_material` WHERE ( cookbook_id =6 )  [ RunTime:0.000480s ]
SQL: SELECT * FROM `t_collectionnumber` WHERE ( cookbook_id =6 )  [ RunTime:0.000862s ]
SQL: SELECT * FROM `t_browsenumber` WHERE ( cookbook_id =6 )  [ RunTime:0.001194s ]
SQL: SELECT * FROM `t_material` WHERE ( cookbook_id =3 )  [ RunTime:0.000748s ]
SQL: SELECT * FROM `t_collectionnumber` WHERE ( cookbook_id =3 )  [ RunTime:0.000293s ]
SQL: SELECT * FROM `t_browsenumber` WHERE ( cookbook_id =3 )  [ RunTime:0.000262s ]
SQL: SELECT * FROM `t_material` WHERE ( cookbook_id =7 )  [ RunTime:0.001167s ]
SQL: SELECT * FROM `t_collectionnumber` WHERE ( cookbook_id =7 )  [ RunTime:0.000340s ]
SQL: SELECT * FROM `t_browsenumber` WHERE ( cookbook_id =7 )  [ RunTime:0.000292s ]
SQL: SELECT * FROM `t_material` WHERE ( cookbook_id =11 )  [ RunTime:0.000669s ]
SQL: SELECT * FROM `t_collectionnumber` WHERE ( cookbook_id =11 )  [ RunTime:0.000356s ]
SQL: SELECT * FROM `t_browsenumber` WHERE ( cookbook_id =11 )  [ RunTime:0.000309s ]
SQL: SELECT * FROM `t_material` WHERE ( cookbook_id =4 )  [ RunTime:0.000297s ]
SQL: SELECT * FROM `t_collectionnumber` WHERE ( cookbook_id =4 )  [ RunTime:0.000539s ]
SQL: SELECT * FROM `t_browsenumber` WHERE ( cookbook_id =4 )  [ RunTime:0.000258s ]
SQL: SELECT * FROM `t_material` WHERE ( cookbook_id =8 )  [ RunTime:0.000604s ]
SQL: SELECT * FROM `t_collectionnumber` WHERE ( cookbook_id =8 )  [ RunTime:0.000858s ]
SQL: SELECT * FROM `t_browsenumber` WHERE ( cookbook_id =8 )  [ RunTime:0.000371s ]
SQL: SELECT * FROM `t_material` WHERE ( cookbook_id =12 )  [ RunTime:0.000430s ]
SQL: SELECT * FROM `t_collectionnumber` WHERE ( cookbook_id =12 )  [ RunTime:0.000213s ]
SQL: SELECT * FROM `t_browsenumber` WHERE ( cookbook_id =12 )  [ RunTime:0.000180s ]
SQL: SELECT * FROM `t_material` WHERE ( cookbook_id =5 )  [ RunTime:0.000168s ]
SQL: SELECT * FROM `t_collectionnumber` WHERE ( cookbook_id =5 )  [ RunTime:0.000154s ]
SQL: SELECT * FROM `t_browsenumber` WHERE ( cookbook_id =5 )  [ RunTime:0.000212s ]
SQL: SELECT * FROM `t_material` WHERE ( cookbook_id =9 )  [ RunTime:0.000282s ]
SQL: SELECT * FROM `t_collectionnumber` WHERE ( cookbook_id =9 )  [ RunTime:0.000220s ]
SQL: SELECT * FROM `t_browsenumber` WHERE ( cookbook_id =9 )  [ RunTime:0.000179s ]
SQL: SELECT * FROM `t_material` WHERE ( cookbook_id =13 )  [ RunTime:0.000221s ]
SQL: SELECT * FROM `t_collectionnumber` WHERE ( cookbook_id =13 )  [ RunTime:0.000204s ]
SQL: SELECT * FROM `t_browsenumber` WHERE ( cookbook_id =13 )  [ RunTime:0.002930s ]
SQL: SELECT * FROM `t_material` WHERE ( cookbook_id =6 )  [ RunTime:0.001010s ]
SQL: SELECT * FROM `t_collectionnumber` WHERE ( cookbook_id =6 )  [ RunTime:0.001961s ]
SQL: SELECT * FROM `t_browsenumber` WHERE ( cookbook_id =6 )  [ RunTime:0.000811s ]
SQL: SELECT * FROM `t_material` WHERE ( cookbook_id =10 )  [ RunTime:0.001075s ]
SQL: SELECT * FROM `t_collectionnumber` WHERE ( cookbook_id =10 )  [ RunTime:0.000321s ]
SQL: SELECT * FROM `t_browsenumber` WHERE ( cookbook_id =10 )  [ RunTime:0.000199s ]
SQL: SELECT * FROM `t_material` WHERE ( cookbook_id =6 )  [ RunTime:0.000259s ]
SQL: SELECT * FROM `t_collectionnumber` WHERE ( cookbook_id =6 )  [ RunTime:0.000254s ]
SQL: SELECT * FROM `t_browsenumber` WHERE ( cookbook_id =6 )  [ RunTime:0.000425s ]
SQL: SELECT * FROM `t_material` WHERE ( cookbook_id =10 )  [ RunTime:0.000377s ]
SQL: SELECT * FROM `t_collectionnumber` WHERE ( cookbook_id =10 )  [ RunTime:0.000405s ]
SQL: SELECT * FROM `t_browsenumber` WHERE ( cookbook_id =10 )  [ RunTime:0.000310s ]
SQL: SELECT * FROM `t_material` WHERE ( cookbook_id =3 )  [ RunTime:0.000324s ]
SQL: SELECT * FROM `t_collectionnumber` WHERE ( cookbook_id =3 )  [ RunTime:0.000401s ]
SQL: SELECT * FROM `t_browsenumber` WHERE ( cookbook_id =3 )  [ RunTime:0.000995s ]
SQL: SELECT * FROM `t_material` WHERE ( cookbook_id =7 )  [ RunTime:0.000568s ]
SQL: SELECT * FROM `t_collectionnumber` WHERE ( cookbook_id =7 )  [ RunTime:0.000531s ]
SQL: SELECT * FROM `t_browsenumber` WHERE ( cookbook_id =7 )  [ RunTime:0.000601s ]
SQL: SELECT * FROM `t_material` WHERE ( cookbook_id =11 )  [ RunTime:0.001433s ]
SQL: SELECT * FROM `t_collectionnumber` WHERE ( cookbook_id =11 )  [ RunTime:0.001701s ]
SQL: SELECT * FROM `t_browsenumber` WHERE ( cookbook_id =11 )  [ RunTime:0.000345s ]
SQL: SELECT * FROM `t_material` WHERE ( cookbook_id =4 )  [ RunTime:0.000335s ]
SQL: SELECT * FROM `t_collectionnumber` WHERE ( cookbook_id =4 )  [ RunTime:0.000357s ]
SQL: SELECT * FROM `t_browsenumber` WHERE ( cookbook_id =4 )  [ RunTime:0.000300s ]
SQL: SELECT * FROM `t_material` WHERE ( cookbook_id =8 )  [ RunTime:0.000472s ]
SQL: SELECT * FROM `t_collectionnumber` WHERE ( cookbook_id =8 )  [ RunTime:0.000302s ]
SQL: SELECT * FROM `t_browsenumber` WHERE ( cookbook_id =8 )  [ RunTime:0.000455s ]
SQL: SELECT * FROM `t_material` WHERE ( cookbook_id =12 )  [ RunTime:0.000511s ]
SQL: SELECT * FROM `t_collectionnumber` WHERE ( cookbook_id =12 )  [ RunTime:0.000344s ]
SQL: SELECT * FROM `t_browsenumber` WHERE ( cookbook_id =12 )  [ RunTime:0.000840s ]
SQL: SELECT * FROM `t_material` WHERE ( cookbook_id =5 )  [ RunTime:0.000672s ]
SQL: SELECT * FROM `t_collectionnumber` WHERE ( cookbook_id =5 )  [ RunTime:0.000497s ]
SQL: SELECT * FROM `t_browsenumber` WHERE ( cookbook_id =5 )  [ RunTime:0.000467s ]
SQL: SELECT * FROM `t_material` WHERE ( cookbook_id =9 )  [ RunTime:0.000472s ]
SQL: SELECT * FROM `t_collectionnumber` WHERE ( cookbook_id =9 )  [ RunTime:0.000396s ]
SQL: SELECT * FROM `t_browsenumber` WHERE ( cookbook_id =9 )  [ RunTime:0.000355s ]
SQL: SELECT * FROM `t_material` WHERE ( cookbook_id =13 )  [ RunTime:0.001175s ]
SQL: SELECT * FROM `t_collectionnumber` WHERE ( cookbook_id =13 )  [ RunTime:0.000453s ]
SQL: SELECT * FROM `t_browsenumber` WHERE ( cookbook_id =13 )  [ RunTime:0.000376s ]
SQL: SELECT * FROM `t_material` WHERE ( cookbook_id =6 )  [ RunTime:0.000341s ]
SQL: SELECT * FROM `t_collectionnumber` WHERE ( cookbook_id =6 )  [ RunTime:0.000311s ]
SQL: SELECT * FROM `t_browsenumber` WHERE ( cookbook_id =6 )  [ RunTime:0.000425s ]
SQL: SELECT * FROM `t_material` WHERE ( cookbook_id =10 )  [ RunTime:0.000901s ]
SQL: SELECT * FROM `t_collectionnumber` WHERE ( cookbook_id =10 )  [ RunTime:0.000411s ]
SQL: SELECT * FROM `t_browsenumber` WHERE ( cookbook_id =10 )  [ RunTime:0.000649s ]
SQL: SELECT * FROM `t_material` WHERE ( cookbook_id =3 )  [ RunTime:0.000408s ]
SQL: SELECT * FROM `t_collectionnumber` WHERE ( cookbook_id =3 )  [ RunTime:0.000545s ]
SQL: SELECT * FROM `t_browsenumber` WHERE ( cookbook_id =3 )  [ RunTime:0.000453s ]
SQL: SELECT * FROM `t_material` WHERE ( cookbook_id =7 )  [ RunTime:0.000740s ]
SQL: SELECT * FROM `t_collectionnumber` WHERE ( cookbook_id =7 )  [ RunTime:0.000994s ]
SQL: SELECT * FROM `t_browsenumber` WHERE ( cookbook_id =7 )  [ RunTime:0.000929s ]
SQL: SELECT * FROM `t_material` WHERE ( cookbook_id =11 )  [ RunTime:0.000718s ]
SQL: SELECT * FROM `t_collectionnumber` WHERE ( cookbook_id =11 )  [ RunTime:0.000837s ]
SQL: SELECT * FROM `t_browsenumber` WHERE ( cookbook_id =11 )  [ RunTime:0.000359s ]
SQL: SELECT * FROM `t_material` WHERE ( cookbook_id =4 )  [ RunTime:0.000778s ]
SQL: SELECT * FROM `t_collectionnumber` WHERE ( cookbook_id =4 )  [ RunTime:0.000561s ]
SQL: SELECT * FROM `t_browsenumber` WHERE ( cookbook_id =4 )  [ RunTime:0.000318s ]
SQL: SELECT * FROM `t_material` WHERE ( cookbook_id =8 )  [ RunTime:0.000256s ]
SQL: SELECT * FROM `t_collectionnumber` WHERE ( cookbook_id =8 )  [ RunTime:0.000202s ]
SQL: SELECT * FROM `t_browsenumber` WHERE ( cookbook_id =8 )  [ RunTime:0.000217s ]
SQL: SELECT * FROM `t_material` WHERE ( cookbook_id =12 )  [ RunTime:0.000241s ]
SQL: SELECT * FROM `t_collectionnumber` WHERE ( cookbook_id =12 )  [ RunTime:0.000429s ]
SQL: SELECT * FROM `t_browsenumber` WHERE ( cookbook_id =12 )  [ RunTime:0.000273s ]
SQL: SELECT * FROM `t_material` WHERE ( cookbook_id =5 )  [ RunTime:0.000663s ]
SQL: SELECT * FROM `t_collectionnumber` WHERE ( cookbook_id =5 )  [ RunTime:0.000512s ]
SQL: SELECT * FROM `t_browsenumber` WHERE ( cookbook_id =5 )  [ RunTime:0.000524s ]
SQL: SELECT * FROM `t_material` WHERE ( cookbook_id =9 )  [ RunTime:0.000639s ]
SQL: SELECT * FROM `t_collectionnumber` WHERE ( cookbook_id =9 )  [ RunTime:0.000681s ]
SQL: SELECT * FROM `t_browsenumber` WHERE ( cookbook_id =9 )  [ RunTime:0.001161s ]
SQL: SELECT * FROM `t_material` WHERE ( cookbook_id =13 )  [ RunTime:0.001142s ]
SQL: SELECT * FROM `t_collectionnumber` WHERE ( cookbook_id =13 )  [ RunTime:0.000673s ]
SQL: SELECT * FROM `t_browsenumber` WHERE ( cookbook_id =13 )  [ RunTime:0.000328s ]
SQL: SELECT * FROM `t_material` WHERE ( cookbook_id =6 )  [ RunTime:0.000320s ]
SQL: SELECT * FROM `t_collectionnumber` WHERE ( cookbook_id =6 )  [ RunTime:0.000229s ]
SQL: SELECT * FROM `t_browsenumber` WHERE ( cookbook_id =6 )  [ RunTime:0.000292s ]
SQL: SELECT * FROM `t_material` WHERE ( cookbook_id =10 )  [ RunTime:0.000254s ]
SQL: SELECT * FROM `t_collectionnumber` WHERE ( cookbook_id =10 )  [ RunTime:0.000433s ]
SQL: SELECT * FROM `t_browsenumber` WHERE ( cookbook_id =10 )  [ RunTime:0.000199s ]
SQL: SELECT * FROM `t_material` WHERE ( cookbook_id =3 )  [ RunTime:0.000617s ]
SQL: SELECT * FROM `t_collectionnumber` WHERE ( cookbook_id =3 )  [ RunTime:0.001039s ]
SQL: SELECT * FROM `t_browsenumber` WHERE ( cookbook_id =3 )  [ RunTime:0.002726s ]
SQL: SELECT * FROM `t_material` WHERE ( cookbook_id =7 )  [ RunTime:0.000544s ]
SQL: SELECT * FROM `t_collectionnumber` WHERE ( cookbook_id =7 )  [ RunTime:0.000286s ]
SQL: SELECT * FROM `t_browsenumber` WHERE ( cookbook_id =7 )  [ RunTime:0.000265s ]
SQL: SELECT * FROM `t_material` WHERE ( cookbook_id =11 )  [ RunTime:0.000351s ]
SQL: SELECT * FROM `t_collectionnumber` WHERE ( cookbook_id =11 )  [ RunTime:0.001106s ]
SQL: SELECT * FROM `t_browsenumber` WHERE ( cookbook_id =11 )  [ RunTime:0.000216s ]
SQL: SELECT * FROM `t_material` WHERE ( cookbook_id =4 )  [ RunTime:0.000212s ]
SQL: SELECT * FROM `t_collectionnumber` WHERE ( cookbook_id =4 )  [ RunTime:0.000230s ]
SQL: SELECT * FROM `t_browsenumber` WHERE ( cookbook_id =4 )  [ RunTime:0.000197s ]
SQL: SELECT * FROM `t_material` WHERE ( cookbook_id =8 )  [ RunTime:0.000206s ]
SQL: SELECT * FROM `t_collectionnumber` WHERE ( cookbook_id =8 )  [ RunTime:0.000197s ]
SQL: SELECT * FROM `t_browsenumber` WHERE ( cookbook_id =8 )  [ RunTime:0.000299s ]
SQL: SELECT * FROM `t_material` WHERE ( cookbook_id =12 )  [ RunTime:0.000277s ]
SQL: SELECT * FROM `t_collectionnumber` WHERE ( cookbook_id =12 )  [ RunTime:0.000487s ]
SQL: SELECT * FROM `t_browsenumber` WHERE ( cookbook_id =12 )  [ RunTime:0.000639s ]
SQL: SELECT * FROM `t_material` WHERE ( cookbook_id =5 )  [ RunTime:0.000354s ]
SQL: SELECT * FROM `t_collectionnumber` WHERE ( cookbook_id =5 )  [ RunTime:0.000334s ]
SQL: SELECT * FROM `t_browsenumber` WHERE ( cookbook_id =5 )  [ RunTime:0.001070s ]
SQL: SELECT * FROM `t_material` WHERE ( cookbook_id =9 )  [ RunTime:0.000301s ]
SQL: SELECT * FROM `t_collectionnumber` WHERE ( cookbook_id =9 )  [ RunTime:0.000375s ]
SQL: SELECT * FROM `t_browsenumber` WHERE ( cookbook_id =9 )  [ RunTime:0.000414s ]
SQL: SELECT * FROM `t_material` WHERE ( cookbook_id =13 )  [ RunTime:0.000306s ]
SQL: SELECT * FROM `t_collectionnumber` WHERE ( cookbook_id =13 )  [ RunTime:0.000793s ]
SQL: SELECT * FROM `t_browsenumber` WHERE ( cookbook_id =13 )  [ RunTime:0.000373s ]

[ 2016-06-03T15:31:33+08:00 ] ::1 /cookinggod/index.php/Home/detection/shaishouye
INFO: [ app_init ] --START--
INFO: Run Behavior\BuildLiteBehavior [ RunTime:0.000021s ]
INFO: [ app_init ] --END-- [ RunTime:0.001242s ]
INFO: [ app_begin ] --START--
INFO: Run Behavior\ReadHtmlCacheBehavior [ RunTime:0.000765s ]
INFO: [ app_begin ] --END-- [ RunTime:0.000916s ]
NOTIC: [8192] mysql_connect(): The mysql extension is deprecated and will be removed in the future: use mysqli or PDO instead /Applications/MAMP/htdocs/ThinkPHP/Library/Think/Db/Driver/Mysql.class.php 第 52 行.
SQL: SHOW COLUMNS FROM t_shai,t_user [ RunTime:0.000248s ]
ERR: 1064:You have an error in your SQL syntax; check the manual that corresponds to your MySQL server version for the right syntax to use near 't_user' at line 1
 [ SQL语句 ] : SHOW COLUMNS FROM t_shai,t_user
SQL: SELECT t_user.user_id,t_user.user_nickname,t_user.user_herderimage,t_shai.* FROM `t_shai`,`t_user` WHERE ( t_shai.user_id = t_user.user_id ) ORDER BY t_shai.shai_time desc  [ RunTime:0.002223s ]

[ 2016-06-03T15:31:33+08:00 ] ::1 /cookinggod/index.php/Home/detection/shaishouye
INFO: [ app_init ] --START--
INFO: Run Behavior\BuildLiteBehavior [ RunTime:0.000026s ]
INFO: [ app_init ] --END-- [ RunTime:0.000560s ]
INFO: [ app_begin ] --START--
INFO: Run Behavior\ReadHtmlCacheBehavior [ RunTime:0.000499s ]
INFO: [ app_begin ] --END-- [ RunTime:0.000581s ]
NOTIC: [8192] mysql_connect(): The mysql extension is deprecated and will be removed in the future: use mysqli or PDO instead /Applications/MAMP/htdocs/ThinkPHP/Library/Think/Db/Driver/Mysql.class.php 第 52 行.
SQL: SHOW COLUMNS FROM t_shai,t_user [ RunTime:0.000192s ]
ERR: 1064:You have an error in your SQL syntax; check the manual that corresponds to your MySQL server version for the right syntax to use near 't_user' at line 1
 [ SQL语句 ] : SHOW COLUMNS FROM t_shai,t_user
SQL: SELECT t_user.user_id,t_user.user_nickname,t_user.user_herderimage,t_shai.* FROM `t_shai`,`t_user` WHERE ( t_shai.user_id = t_user.user_id ) ORDER BY t_shai.shai_time desc  [ RunTime:0.001551s ]

[ 2016-06-03T15:31:33+08:00 ] ::1 /cookinggod/index.php/Home/detection/shaishouye
INFO: [ app_init ] --START--
INFO: Run Behavior\BuildLiteBehavior [ RunTime:0.000029s ]
INFO: [ app_init ] --END-- [ RunTime:0.000563s ]
INFO: [ app_begin ] --START--
INFO: Run Behavior\ReadHtmlCacheBehavior [ RunTime:0.000874s ]
INFO: [ app_begin ] --END-- [ RunTime:0.000991s ]
NOTIC: [8192] mysql_connect(): The mysql extension is deprecated and will be removed in the future: use mysqli or PDO instead /Applications/MAMP/htdocs/ThinkPHP/Library/Think/Db/Driver/Mysql.class.php 第 52 行.
SQL: SHOW COLUMNS FROM t_shai,t_user [ RunTime:0.000178s ]
ERR: 1064:You have an error in your SQL syntax; check the manual that corresponds to your MySQL server version for the right syntax to use near 't_user' at line 1
 [ SQL语句 ] : SHOW COLUMNS FROM t_shai,t_user
SQL: SELECT t_user.user_id,t_user.user_nickname,t_user.user_herderimage,t_shai.* FROM `t_shai`,`t_user` WHERE ( t_shai.user_id = t_user.user_id ) ORDER BY t_shai.shai_time desc  [ RunTime:0.000454s ]

