[ 2016-01-12T22:57:35+08:00 ] ::1 /cookinggod/index.php/Home/user/daren
INFO: [ app_init ] --START--
INFO: Run Behavior\BuildLiteBehavior [ RunTime:0.000029s ]
INFO: [ app_init ] --END-- [ RunTime:0.002257s ]
INFO: [ app_begin ] --START--
INFO: Run Behavior\ReadHtmlCacheBehavior [ RunTime:0.009873s ]
INFO: [ app_begin ] --END-- [ RunTime:0.010054s ]
NOTIC: [8192] mysql_connect(): The mysql extension is deprecated and will be removed in the future: use mysqli or PDO instead /Applications/MAMP/htdocs/ThinkPHP/Library/Think/Db/Driver/Mysql.class.php 第 52 行.
SQL: SHOW COLUMNS FROM `t_user` [ RunTime:0.008475s ]
SQL: SELECT * FROM `t_user` LIMIT 5   [ RunTime:0.001673s ]

[ 2016-01-12T22:57:35+08:00 ] ::1 /cookinggod/index.php/Home/cookbook/cookbytime
INFO: [ app_init ] --START--
INFO: Run Behavior\BuildLiteBehavior [ RunTime:0.000029s ]
INFO: [ app_init ] --END-- [ RunTime:0.002441s ]
INFO: [ app_begin ] --START--
INFO: Run Behavior\ReadHtmlCacheBehavior [ RunTime:0.003241s ]
INFO: [ app_begin ] --END-- [ RunTime:0.003917s ]
NOTIC: [8192] mysql_connect(): The mysql extension is deprecated and will be removed in the future: use mysqli or PDO instead /Applications/MAMP/htdocs/ThinkPHP/Library/Think/Db/Driver/Mysql.class.php 第 52 行.
SQL: SHOW COLUMNS FROM `t_cookbook` [ RunTime:0.004758s ]
SQL: SELECT * FROM `t_cookbook` WHERE ( cookbook_eattime='晚餐' )  [ RunTime:0.002914s ]
SQL: SHOW COLUMNS FROM `t_material` [ RunTime:0.001821s ]
SQL: SELECT * FROM `t_material` WHERE ( cookbook_id =10 )  [ RunTime:0.000360s ]
SQL: SHOW COLUMNS FROM `t_collectionnumber` [ RunTime:0.004066s ]
SQL: SELECT * FROM `t_collectionnumber` WHERE ( cookbook_id =10 )  [ RunTime:0.000294s ]
SQL: SHOW COLUMNS FROM `t_browsenumber` [ RunTime:0.002328s ]
SQL: SELECT * FROM `t_browsenumber` WHERE ( cookbook_id =10 )  [ RunTime:0.000316s ]
SQL: SELECT * FROM `t_material` WHERE ( cookbook_id =11 )  [ RunTime:0.000373s ]
SQL: SELECT * FROM `t_collectionnumber` WHERE ( cookbook_id =11 )  [ RunTime:0.000304s ]
SQL: SELECT * FROM `t_browsenumber` WHERE ( cookbook_id =11 )  [ RunTime:0.000731s ]
SQL: SELECT * FROM `t_material` WHERE ( cookbook_id =12 )  [ RunTime:0.000360s ]
SQL: SELECT * FROM `t_collectionnumber` WHERE ( cookbook_id =12 )  [ RunTime:0.000266s ]
SQL: SELECT * FROM `t_browsenumber` WHERE ( cookbook_id =12 )  [ RunTime:0.000212s ]

[ 2016-01-12T22:57:35+08:00 ] ::1 /cookinggod/index.php/Home/cookbook/type
INFO: [ app_init ] --START--
INFO: Run Behavior\BuildLiteBehavior [ RunTime:0.000029s ]
INFO: [ app_init ] --END-- [ RunTime:0.002561s ]
INFO: [ app_begin ] --START--
INFO: Run Behavior\ReadHtmlCacheBehavior [ RunTime:0.008635s ]
INFO: [ app_begin ] --END-- [ RunTime:0.008766s ]
NOTIC: [8192] mysql_connect(): The mysql extension is deprecated and will be removed in the future: use mysqli or PDO instead /Applications/MAMP/htdocs/ThinkPHP/Library/Think/Db/Driver/Mysql.class.php 第 52 行.
SQL: SHOW COLUMNS FROM t_browsenumber,t_cookbook [ RunTime:0.000640s ]
ERR: 1064:You have an error in your SQL syntax; check the manual that corresponds to your MySQL server version for the right syntax to use near 't_cookbook' at line 1
 [ SQL语句 ] : SHOW COLUMNS FROM t_browsenumber,t_cookbook
SQL: SELECT t_cookbook.* FROM `t_browsenumber`,`t_cookbook` WHERE ( t_browsenumber.cookbook_id=t_cookbook.cookbook_id ) ORDER BY t_browsenumber.browsenumber_number desc  [ RunTime:0.007982s ]
SQL: SHOW COLUMNS FROM `t_material` [ RunTime:0.007930s ]
SQL: SELECT * FROM `t_material` WHERE ( cookbook_id =5 )  [ RunTime:0.001265s ]
SQL: SHOW COLUMNS FROM `t_collectionnumber` [ RunTime:0.004359s ]
SQL: SELECT * FROM `t_collectionnumber` WHERE ( cookbook_id =5 )  [ RunTime:0.000335s ]
SQL: SHOW COLUMNS FROM `t_browsenumber` [ RunTime:0.003809s ]
SQL: SELECT * FROM `t_browsenumber` WHERE ( cookbook_id =5 )  [ RunTime:0.000484s ]
SQL: SELECT * FROM `t_material` WHERE ( cookbook_id =6 )  [ RunTime:0.000679s ]
SQL: SELECT * FROM `t_collectionnumber` WHERE ( cookbook_id =6 )  [ RunTime:0.000443s ]
SQL: SELECT * FROM `t_browsenumber` WHERE ( cookbook_id =6 )  [ RunTime:0.000523s ]
SQL: SELECT * FROM `t_material` WHERE ( cookbook_id =11 )  [ RunTime:0.005097s ]
SQL: SELECT * FROM `t_collectionnumber` WHERE ( cookbook_id =11 )  [ RunTime:0.001610s ]
SQL: SELECT * FROM `t_browsenumber` WHERE ( cookbook_id =11 )  [ RunTime:0.000587s ]
SQL: SELECT * FROM `t_material` WHERE ( cookbook_id =7 )  [ RunTime:0.000911s ]
SQL: SELECT * FROM `t_collectionnumber` WHERE ( cookbook_id =7 )  [ RunTime:0.000668s ]
SQL: SELECT * FROM `t_browsenumber` WHERE ( cookbook_id =7 )  [ RunTime:0.000352s ]
SQL: SELECT * FROM `t_material` WHERE ( cookbook_id =3 )  [ RunTime:0.001128s ]
SQL: SELECT * FROM `t_collectionnumber` WHERE ( cookbook_id =3 )  [ RunTime:0.000750s ]
SQL: SELECT * FROM `t_browsenumber` WHERE ( cookbook_id =3 )  [ RunTime:0.000547s ]
SQL: SELECT * FROM `t_material` WHERE ( cookbook_id =12 )  [ RunTime:0.000697s ]
SQL: SELECT * FROM `t_collectionnumber` WHERE ( cookbook_id =12 )  [ RunTime:0.001001s ]
SQL: SELECT * FROM `t_browsenumber` WHERE ( cookbook_id =12 )  [ RunTime:0.000349s ]
SQL: SELECT * FROM `t_material` WHERE ( cookbook_id =4 )  [ RunTime:0.000615s ]
SQL: SELECT * FROM `t_collectionnumber` WHERE ( cookbook_id =4 )  [ RunTime:0.000357s ]
SQL: SELECT * FROM `t_browsenumber` WHERE ( cookbook_id =4 )  [ RunTime:0.000283s ]
SQL: SELECT * FROM `t_material` WHERE ( cookbook_id =9 )  [ RunTime:0.000607s ]
SQL: SELECT * FROM `t_collectionnumber` WHERE ( cookbook_id =9 )  [ RunTime:0.001970s ]
SQL: SELECT * FROM `t_browsenumber` WHERE ( cookbook_id =9 )  [ RunTime:0.000314s ]
SQL: SELECT * FROM `t_material` WHERE ( cookbook_id =10 )  [ RunTime:0.000305s ]
SQL: SELECT * FROM `t_collectionnumber` WHERE ( cookbook_id =10 )  [ RunTime:0.000482s ]
SQL: SELECT * FROM `t_browsenumber` WHERE ( cookbook_id =10 )  [ RunTime:0.000764s ]
SQL: SELECT * FROM `t_material` WHERE ( cookbook_id =13 )  [ RunTime:0.000599s ]
SQL: SELECT * FROM `t_collectionnumber` WHERE ( cookbook_id =13 )  [ RunTime:0.003083s ]
SQL: SELECT * FROM `t_browsenumber` WHERE ( cookbook_id =13 )  [ RunTime:0.001742s ]
SQL: SELECT * FROM `t_material` WHERE ( cookbook_id =8 )  [ RunTime:0.001652s ]
SQL: SELECT * FROM `t_collectionnumber` WHERE ( cookbook_id =8 )  [ RunTime:0.000663s ]
SQL: SELECT * FROM `t_browsenumber` WHERE ( cookbook_id =8 )  [ RunTime:0.000521s ]

[ 2016-01-12T22:57:35+08:00 ] ::1 /cookinggod/index.php/Home/cookbook/type?type=14
INFO: [ app_init ] --START--
INFO: Run Behavior\BuildLiteBehavior [ RunTime:0.000036s ]
INFO: [ app_init ] --END-- [ RunTime:0.002679s ]
INFO: [ app_begin ] --START--
INFO: Run Behavior\ReadHtmlCacheBehavior [ RunTime:0.006617s ]
INFO: [ app_begin ] --END-- [ RunTime:0.006827s ]
NOTIC: [8192] mysql_connect(): The mysql extension is deprecated and will be removed in the future: use mysqli or PDO instead /Applications/MAMP/htdocs/ThinkPHP/Library/Think/Db/Driver/Mysql.class.php 第 52 行.
SQL: SHOW COLUMNS FROM t_collectionnumber,t_cookbook [ RunTime:0.000184s ]
ERR: 1064:You have an error in your SQL syntax; check the manual that corresponds to your MySQL server version for the right syntax to use near 't_cookbook' at line 1
 [ SQL语句 ] : SHOW COLUMNS FROM t_collectionnumber,t_cookbook
SQL: SELECT t_cookbook.* FROM `t_collectionnumber`,`t_cookbook` WHERE ( t_collectionnumber.cookbook_id ) ORDER BY t_collectionnumber.collectionnumber_number desc  [ RunTime:0.001704s ]
SQL: SHOW COLUMNS FROM `t_material` [ RunTime:0.006762s ]
SQL: SELECT * FROM `t_material` WHERE ( cookbook_id =3 )  [ RunTime:0.000572s ]
SQL: SHOW COLUMNS FROM `t_collectionnumber` [ RunTime:0.001763s ]
SQL: SELECT * FROM `t_collectionnumber` WHERE ( cookbook_id =3 )  [ RunTime:0.000275s ]
SQL: SHOW COLUMNS FROM `t_browsenumber` [ RunTime:0.003821s ]
SQL: SELECT * FROM `t_browsenumber` WHERE ( cookbook_id =3 )  [ RunTime:0.000248s ]
SQL: SELECT * FROM `t_material` WHERE ( cookbook_id =7 )  [ RunTime:0.000654s ]
SQL: SELECT * FROM `t_collectionnumber` WHERE ( cookbook_id =7 )  [ RunTime:0.000417s ]
SQL: SELECT * FROM `t_browsenumber` WHERE ( cookbook_id =7 )  [ RunTime:0.000352s ]
SQL: SELECT * FROM `t_material` WHERE ( cookbook_id =13 )  [ RunTime:0.000364s ]
SQL: SELECT * FROM `t_collectionnumber` WHERE ( cookbook_id =13 )  [ RunTime:0.000249s ]
SQL: SELECT * FROM `t_browsenumber` WHERE ( cookbook_id =13 )  [ RunTime:0.000294s ]
SQL: SELECT * FROM `t_material` WHERE ( cookbook_id =4 )  [ RunTime:0.000480s ]
SQL: SELECT * FROM `t_collectionnumber` WHERE ( cookbook_id =4 )  [ RunTime:0.000337s ]
SQL: SELECT * FROM `t_browsenumber` WHERE ( cookbook_id =4 )  [ RunTime:0.000591s ]
SQL: SELECT * FROM `t_material` WHERE ( cookbook_id =8 )  [ RunTime:0.000244s ]
SQL: SELECT * FROM `t_collectionnumber` WHERE ( cookbook_id =8 )  [ RunTime:0.000251s ]
SQL: SELECT * FROM `t_browsenumber` WHERE ( cookbook_id =8 )  [ RunTime:0.001018s ]
SQL: SELECT * FROM `t_material` WHERE ( cookbook_id =5 )  [ RunTime:0.000499s ]
SQL: SELECT * FROM `t_collectionnumber` WHERE ( cookbook_id =5 )  [ RunTime:0.000443s ]
SQL: SELECT * FROM `t_browsenumber` WHERE ( cookbook_id =5 )  [ RunTime:0.002057s ]
SQL: SELECT * FROM `t_material` WHERE ( cookbook_id =11 )  [ RunTime:0.000667s ]
SQL: SELECT * FROM `t_collectionnumber` WHERE ( cookbook_id =11 )  [ RunTime:0.000607s ]
SQL: SELECT * FROM `t_browsenumber` WHERE ( cookbook_id =11 )  [ RunTime:0.002107s ]
SQL: SELECT * FROM `t_material` WHERE ( cookbook_id =9 )  [ RunTime:0.000508s ]
SQL: SELECT * FROM `t_collectionnumber` WHERE ( cookbook_id =9 )  [ RunTime:0.000367s ]
SQL: SELECT * FROM `t_browsenumber` WHERE ( cookbook_id =9 )  [ RunTime:0.000267s ]
SQL: SELECT * FROM `t_material` WHERE ( cookbook_id =6 )  [ RunTime:0.000599s ]
SQL: SELECT * FROM `t_collectionnumber` WHERE ( cookbook_id =6 )  [ RunTime:0.000315s ]
SQL: SELECT * FROM `t_browsenumber` WHERE ( cookbook_id =6 )  [ RunTime:0.000384s ]
SQL: SELECT * FROM `t_material` WHERE ( cookbook_id =12 )  [ RunTime:0.001176s ]
SQL: SELECT * FROM `t_collectionnumber` WHERE ( cookbook_id =12 )  [ RunTime:0.000448s ]
SQL: SELECT * FROM `t_browsenumber` WHERE ( cookbook_id =12 )  [ RunTime:0.000413s ]
SQL: SELECT * FROM `t_material` WHERE ( cookbook_id =10 )  [ RunTime:0.000554s ]
SQL: SELECT * FROM `t_collectionnumber` WHERE ( cookbook_id =10 )  [ RunTime:0.000396s ]
SQL: SELECT * FROM `t_browsenumber` WHERE ( cookbook_id =10 )  [ RunTime:0.000384s ]
SQL: SELECT * FROM `t_material` WHERE ( cookbook_id =6 )  [ RunTime:0.000475s ]
SQL: SELECT * FROM `t_collectionnumber` WHERE ( cookbook_id =6 )  [ RunTime:0.000374s ]
SQL: SELECT * FROM `t_browsenumber` WHERE ( cookbook_id =6 )  [ RunTime:0.000382s ]
SQL: SELECT * FROM `t_material` WHERE ( cookbook_id =12 )  [ RunTime:0.000458s ]
SQL: SELECT * FROM `t_collectionnumber` WHERE ( cookbook_id =12 )  [ RunTime:0.000708s ]
SQL: SELECT * FROM `t_browsenumber` WHERE ( cookbook_id =12 )  [ RunTime:0.006854s ]
SQL: SELECT * FROM `t_material` WHERE ( cookbook_id =3 )  [ RunTime:0.000580s ]
SQL: SELECT * FROM `t_collectionnumber` WHERE ( cookbook_id =3 )  [ RunTime:0.000633s ]
SQL: SELECT * FROM `t_browsenumber` WHERE ( cookbook_id =3 )  [ RunTime:0.000418s ]
SQL: SELECT * FROM `t_material` WHERE ( cookbook_id =7 )  [ RunTime:0.003015s ]
SQL: SELECT * FROM `t_collectionnumber` WHERE ( cookbook_id =7 )  [ RunTime:0.000416s ]
SQL: SELECT * FROM `t_browsenumber` WHERE ( cookbook_id =7 )  [ RunTime:0.000643s ]
SQL: SELECT * FROM `t_material` WHERE ( cookbook_id =13 )  [ RunTime:0.000551s ]
SQL: SELECT * FROM `t_collectionnumber` WHERE ( cookbook_id =13 )  [ RunTime:0.000542s ]
SQL: SELECT * FROM `t_browsenumber` WHERE ( cookbook_id =13 )  [ RunTime:0.000774s ]
SQL: SELECT * FROM `t_material` WHERE ( cookbook_id =4 )  [ RunTime:0.000301s ]
SQL: SELECT * FROM `t_collectionnumber` WHERE ( cookbook_id =4 )  [ RunTime:0.000704s ]
SQL: SELECT * FROM `t_browsenumber` WHERE ( cookbook_id =4 )  [ RunTime:0.000306s ]
SQL: SELECT * FROM `t_material` WHERE ( cookbook_id =10 )  [ RunTime:0.000485s ]
SQL: SELECT * FROM `t_collectionnumber` WHERE ( cookbook_id =10 )  [ RunTime:0.000457s ]
SQL: SELECT * FROM `t_browsenumber` WHERE ( cookbook_id =10 )  [ RunTime:0.000590s ]
SQL: SELECT * FROM `t_material` WHERE ( cookbook_id =8 )  [ RunTime:0.000412s ]
SQL: SELECT * FROM `t_collectionnumber` WHERE ( cookbook_id =8 )  [ RunTime:0.000380s ]
SQL: SELECT * FROM `t_browsenumber` WHERE ( cookbook_id =8 )  [ RunTime:0.000369s ]
SQL: SELECT * FROM `t_material` WHERE ( cookbook_id =5 )  [ RunTime:0.000309s ]
SQL: SELECT * FROM `t_collectionnumber` WHERE ( cookbook_id =5 )  [ RunTime:0.000276s ]
SQL: SELECT * FROM `t_browsenumber` WHERE ( cookbook_id =5 )  [ RunTime:0.000317s ]
SQL: SELECT * FROM `t_material` WHERE ( cookbook_id =11 )  [ RunTime:0.000422s ]
SQL: SELECT * FROM `t_collectionnumber` WHERE ( cookbook_id =11 )  [ RunTime:0.000342s ]
SQL: SELECT * FROM `t_browsenumber` WHERE ( cookbook_id =11 )  [ RunTime:0.000296s ]
SQL: SELECT * FROM `t_material` WHERE ( cookbook_id =9 )  [ RunTime:0.000313s ]
SQL: SELECT * FROM `t_collectionnumber` WHERE ( cookbook_id =9 )  [ RunTime:0.000310s ]
SQL: SELECT * FROM `t_browsenumber` WHERE ( cookbook_id =9 )  [ RunTime:0.000391s ]
SQL: SELECT * FROM `t_material` WHERE ( cookbook_id =6 )  [ RunTime:0.000388s ]
SQL: SELECT * FROM `t_collectionnumber` WHERE ( cookbook_id =6 )  [ RunTime:0.000350s ]
SQL: SELECT * FROM `t_browsenumber` WHERE ( cookbook_id =6 )  [ RunTime:0.000384s ]
SQL: SELECT * FROM `t_material` WHERE ( cookbook_id =12 )  [ RunTime:0.000298s ]
SQL: SELECT * FROM `t_collectionnumber` WHERE ( cookbook_id =12 )  [ RunTime:0.000243s ]
SQL: SELECT * FROM `t_browsenumber` WHERE ( cookbook_id =12 )  [ RunTime:0.000207s ]
SQL: SELECT * FROM `t_material` WHERE ( cookbook_id =3 )  [ RunTime:0.000230s ]
SQL: SELECT * FROM `t_collectionnumber` WHERE ( cookbook_id =3 )  [ RunTime:0.000239s ]
SQL: SELECT * FROM `t_browsenumber` WHERE ( cookbook_id =3 )  [ RunTime:0.000454s ]
SQL: SELECT * FROM `t_material` WHERE ( cookbook_id =7 )  [ RunTime:0.000424s ]
SQL: SELECT * FROM `t_collectionnumber` WHERE ( cookbook_id =7 )  [ RunTime:0.000352s ]
SQL: SELECT * FROM `t_browsenumber` WHERE ( cookbook_id =7 )  [ RunTime:0.000452s ]
SQL: SELECT * FROM `t_material` WHERE ( cookbook_id =13 )  [ RunTime:0.000738s ]
SQL: SELECT * FROM `t_collectionnumber` WHERE ( cookbook_id =13 )  [ RunTime:0.000500s ]
SQL: SELECT * FROM `t_browsenumber` WHERE ( cookbook_id =13 )  [ RunTime:0.001099s ]
SQL: SELECT * FROM `t_material` WHERE ( cookbook_id =4 )  [ RunTime:0.000662s ]
SQL: SELECT * FROM `t_collectionnumber` WHERE ( cookbook_id =4 )  [ RunTime:0.000402s ]
SQL: SELECT * FROM `t_browsenumber` WHERE ( cookbook_id =4 )  [ RunTime:0.000327s ]
SQL: SELECT * FROM `t_material` WHERE ( cookbook_id =10 )  [ RunTime:0.000351s ]
SQL: SELECT * FROM `t_collectionnumber` WHERE ( cookbook_id =10 )  [ RunTime:0.000417s ]
SQL: SELECT * FROM `t_browsenumber` WHERE ( cookbook_id =10 )  [ RunTime:0.000489s ]
SQL: SELECT * FROM `t_material` WHERE ( cookbook_id =8 )  [ RunTime:0.000490s ]
SQL: SELECT * FROM `t_collectionnumber` WHERE ( cookbook_id =8 )  [ RunTime:0.001167s ]
SQL: SELECT * FROM `t_browsenumber` WHERE ( cookbook_id =8 )  [ RunTime:0.000602s ]
SQL: SELECT * FROM `t_material` WHERE ( cookbook_id =5 )  [ RunTime:0.000483s ]
SQL: SELECT * FROM `t_collectionnumber` WHERE ( cookbook_id =5 )  [ RunTime:0.002526s ]
SQL: SELECT * FROM `t_browsenumber` WHERE ( cookbook_id =5 )  [ RunTime:0.000426s ]
SQL: SELECT * FROM `t_material` WHERE ( cookbook_id =11 )  [ RunTime:0.000407s ]
SQL: SELECT * FROM `t_collectionnumber` WHERE ( cookbook_id =11 )  [ RunTime:0.000431s ]
SQL: SELECT * FROM `t_browsenumber` WHERE ( cookbook_id =11 )  [ RunTime:0.000690s ]
SQL: SELECT * FROM `t_material` WHERE ( cookbook_id =9 )  [ RunTime:0.000779s ]
SQL: SELECT * FROM `t_collectionnumber` WHERE ( cookbook_id =9 )  [ RunTime:0.000463s ]
SQL: SELECT * FROM `t_browsenumber` WHERE ( cookbook_id =9 )  [ RunTime:0.002119s ]
SQL: SELECT * FROM `t_material` WHERE ( cookbook_id =3 )  [ RunTime:0.000467s ]
SQL: SELECT * FROM `t_collectionnumber` WHERE ( cookbook_id =3 )  [ RunTime:0.000296s ]
SQL: SELECT * FROM `t_browsenumber` WHERE ( cookbook_id =3 )  [ RunTime:0.000234s ]
SQL: SELECT * FROM `t_material` WHERE ( cookbook_id =7 )  [ RunTime:0.000314s ]
SQL: SELECT * FROM `t_collectionnumber` WHERE ( cookbook_id =7 )  [ RunTime:0.000756s ]
SQL: SELECT * FROM `t_browsenumber` WHERE ( cookbook_id =7 )  [ RunTime:0.000764s ]
SQL: SELECT * FROM `t_material` WHERE ( cookbook_id =13 )  [ RunTime:0.000469s ]
SQL: SELECT * FROM `t_collectionnumber` WHERE ( cookbook_id =13 )  [ RunTime:0.000547s ]
SQL: SELECT * FROM `t_browsenumber` WHERE ( cookbook_id =13 )  [ RunTime:0.000528s ]
SQL: SELECT * FROM `t_material` WHERE ( cookbook_id =4 )  [ RunTime:0.000386s ]
SQL: SELECT * FROM `t_collectionnumber` WHERE ( cookbook_id =4 )  [ RunTime:0.000545s ]
SQL: SELECT * FROM `t_browsenumber` WHERE ( cookbook_id =4 )  [ RunTime:0.000337s ]
SQL: SELECT * FROM `t_material` WHERE ( cookbook_id =8 )  [ RunTime:0.000529s ]
SQL: SELECT * FROM `t_collectionnumber` WHERE ( cookbook_id =8 )  [ RunTime:0.000466s ]
SQL: SELECT * FROM `t_browsenumber` WHERE ( cookbook_id =8 )  [ RunTime:0.000321s ]
SQL: SELECT * FROM `t_material` WHERE ( cookbook_id =5 )  [ RunTime:0.001052s ]
SQL: SELECT * FROM `t_collectionnumber` WHERE ( cookbook_id =5 )  [ RunTime:0.001366s ]
SQL: SELECT * FROM `t_browsenumber` WHERE ( cookbook_id =5 )  [ RunTime:0.000528s ]
SQL: SELECT * FROM `t_material` WHERE ( cookbook_id =11 )  [ RunTime:0.001050s ]
SQL: SELECT * FROM `t_collectionnumber` WHERE ( cookbook_id =11 )  [ RunTime:0.000921s ]
SQL: SELECT * FROM `t_browsenumber` WHERE ( cookbook_id =11 )  [ RunTime:0.000588s ]
SQL: SELECT * FROM `t_material` WHERE ( cookbook_id =9 )  [ RunTime:0.001361s ]
SQL: SELECT * FROM `t_collectionnumber` WHERE ( cookbook_id =9 )  [ RunTime:0.001000s ]
SQL: SELECT * FROM `t_browsenumber` WHERE ( cookbook_id =9 )  [ RunTime:0.000459s ]
SQL: SELECT * FROM `t_material` WHERE ( cookbook_id =6 )  [ RunTime:0.000326s ]
SQL: SELECT * FROM `t_collectionnumber` WHERE ( cookbook_id =6 )  [ RunTime:0.000543s ]
SQL: SELECT * FROM `t_browsenumber` WHERE ( cookbook_id =6 )  [ RunTime:0.000718s ]
SQL: SELECT * FROM `t_material` WHERE ( cookbook_id =12 )  [ RunTime:0.000409s ]
SQL: SELECT * FROM `t_collectionnumber` WHERE ( cookbook_id =12 )  [ RunTime:0.000742s ]
SQL: SELECT * FROM `t_browsenumber` WHERE ( cookbook_id =12 )  [ RunTime:0.000656s ]
SQL: SELECT * FROM `t_material` WHERE ( cookbook_id =10 )  [ RunTime:0.001010s ]
SQL: SELECT * FROM `t_collectionnumber` WHERE ( cookbook_id =10 )  [ RunTime:0.000327s ]
SQL: SELECT * FROM `t_browsenumber` WHERE ( cookbook_id =10 )  [ RunTime:0.000706s ]
SQL: SELECT * FROM `t_material` WHERE ( cookbook_id =3 )  [ RunTime:0.000310s ]
SQL: SELECT * FROM `t_collectionnumber` WHERE ( cookbook_id =3 )  [ RunTime:0.000291s ]
SQL: SELECT * FROM `t_browsenumber` WHERE ( cookbook_id =3 )  [ RunTime:0.000613s ]
SQL: SELECT * FROM `t_material` WHERE ( cookbook_id =7 )  [ RunTime:0.000461s ]
SQL: SELECT * FROM `t_collectionnumber` WHERE ( cookbook_id =7 )  [ RunTime:0.000512s ]
SQL: SELECT * FROM `t_browsenumber` WHERE ( cookbook_id =7 )  [ RunTime:0.000220s ]
SQL: SELECT * FROM `t_material` WHERE ( cookbook_id =13 )  [ RunTime:0.000272s ]
SQL: SELECT * FROM `t_collectionnumber` WHERE ( cookbook_id =13 )  [ RunTime:0.000539s ]
SQL: SELECT * FROM `t_browsenumber` WHERE ( cookbook_id =13 )  [ RunTime:0.000381s ]
SQL: SELECT * FROM `t_material` WHERE ( cookbook_id =4 )  [ RunTime:0.000536s ]
SQL: SELECT * FROM `t_collectionnumber` WHERE ( cookbook_id =4 )  [ RunTime:0.000756s ]
SQL: SELECT * FROM `t_browsenumber` WHERE ( cookbook_id =4 )  [ RunTime:0.000991s ]
SQL: SELECT * FROM `t_material` WHERE ( cookbook_id =8 )  [ RunTime:0.004497s ]
SQL: SELECT * FROM `t_collectionnumber` WHERE ( cookbook_id =8 )  [ RunTime:0.000369s ]
SQL: SELECT * FROM `t_browsenumber` WHERE ( cookbook_id =8 )  [ RunTime:0.000347s ]
SQL: SELECT * FROM `t_material` WHERE ( cookbook_id =5 )  [ RunTime:0.000309s ]
SQL: SELECT * FROM `t_collectionnumber` WHERE ( cookbook_id =5 )  [ RunTime:0.000305s ]
SQL: SELECT * FROM `t_browsenumber` WHERE ( cookbook_id =5 )  [ RunTime:0.000349s ]
SQL: SELECT * FROM `t_material` WHERE ( cookbook_id =11 )  [ RunTime:0.000279s ]
SQL: SELECT * FROM `t_collectionnumber` WHERE ( cookbook_id =11 )  [ RunTime:0.000312s ]
SQL: SELECT * FROM `t_browsenumber` WHERE ( cookbook_id =11 )  [ RunTime:0.000581s ]
SQL: SELECT * FROM `t_material` WHERE ( cookbook_id =9 )  [ RunTime:0.000454s ]
SQL: SELECT * FROM `t_collectionnumber` WHERE ( cookbook_id =9 )  [ RunTime:0.000313s ]
SQL: SELECT * FROM `t_browsenumber` WHERE ( cookbook_id =9 )  [ RunTime:0.000232s ]
SQL: SELECT * FROM `t_material` WHERE ( cookbook_id =6 )  [ RunTime:0.000454s ]
SQL: SELECT * FROM `t_collectionnumber` WHERE ( cookbook_id =6 )  [ RunTime:0.000298s ]
SQL: SELECT * FROM `t_browsenumber` WHERE ( cookbook_id =6 )  [ RunTime:0.000258s ]
SQL: SELECT * FROM `t_material` WHERE ( cookbook_id =12 )  [ RunTime:0.000621s ]
SQL: SELECT * FROM `t_collectionnumber` WHERE ( cookbook_id =12 )  [ RunTime:0.000490s ]
SQL: SELECT * FROM `t_browsenumber` WHERE ( cookbook_id =12 )  [ RunTime:0.000347s ]
SQL: SELECT * FROM `t_material` WHERE ( cookbook_id =10 )  [ RunTime:0.000423s ]
SQL: SELECT * FROM `t_collectionnumber` WHERE ( cookbook_id =10 )  [ RunTime:0.000344s ]
SQL: SELECT * FROM `t_browsenumber` WHERE ( cookbook_id =10 )  [ RunTime:0.000537s ]
SQL: SELECT * FROM `t_material` WHERE ( cookbook_id =6 )  [ RunTime:0.000539s ]
SQL: SELECT * FROM `t_collectionnumber` WHERE ( cookbook_id =6 )  [ RunTime:0.001291s ]
SQL: SELECT * FROM `t_browsenumber` WHERE ( cookbook_id =6 )  [ RunTime:0.000402s ]
SQL: SELECT * FROM `t_material` WHERE ( cookbook_id =12 )  [ RunTime:0.000483s ]
SQL: SELECT * FROM `t_collectionnumber` WHERE ( cookbook_id =12 )  [ RunTime:0.000895s ]
SQL: SELECT * FROM `t_browsenumber` WHERE ( cookbook_id =12 )  [ RunTime:0.000404s ]
SQL: SELECT * FROM `t_material` WHERE ( cookbook_id =3 )  [ RunTime:0.000395s ]
SQL: SELECT * FROM `t_collectionnumber` WHERE ( cookbook_id =3 )  [ RunTime:0.001122s ]
SQL: SELECT * FROM `t_browsenumber` WHERE ( cookbook_id =3 )  [ RunTime:0.001562s ]
SQL: SELECT * FROM `t_material` WHERE ( cookbook_id =7 )  [ RunTime:0.001110s ]
SQL: SELECT * FROM `t_collectionnumber` WHERE ( cookbook_id =7 )  [ RunTime:0.000669s ]
SQL: SELECT * FROM `t_browsenumber` WHERE ( cookbook_id =7 )  [ RunTime:0.000950s ]
SQL: SELECT * FROM `t_material` WHERE ( cookbook_id =13 )  [ RunTime:0.001221s ]
SQL: SELECT * FROM `t_collectionnumber` WHERE ( cookbook_id =13 )  [ RunTime:0.001593s ]
SQL: SELECT * FROM `t_browsenumber` WHERE ( cookbook_id =13 )  [ RunTime:0.000653s ]
SQL: SELECT * FROM `t_material` WHERE ( cookbook_id =4 )  [ RunTime:0.000450s ]
SQL: SELECT * FROM `t_collectionnumber` WHERE ( cookbook_id =4 )  [ RunTime:0.000438s ]
SQL: SELECT * FROM `t_browsenumber` WHERE ( cookbook_id =4 )  [ RunTime:0.012072s ]
SQL: SELECT * FROM `t_material` WHERE ( cookbook_id =10 )  [ RunTime:0.001092s ]
SQL: SELECT * FROM `t_collectionnumber` WHERE ( cookbook_id =10 )  [ RunTime:0.002199s ]
SQL: SELECT * FROM `t_browsenumber` WHERE ( cookbook_id =10 )  [ RunTime:0.001284s ]
SQL: SELECT * FROM `t_material` WHERE ( cookbook_id =8 )  [ RunTime:0.002152s ]
SQL: SELECT * FROM `t_collectionnumber` WHERE ( cookbook_id =8 )  [ RunTime:0.000553s ]
SQL: SELECT * FROM `t_browsenumber` WHERE ( cookbook_id =8 )  [ RunTime:0.000385s ]
SQL: SELECT * FROM `t_material` WHERE ( cookbook_id =5 )  [ RunTime:0.000491s ]
SQL: SELECT * FROM `t_collectionnumber` WHERE ( cookbook_id =5 )  [ RunTime:0.000597s ]
SQL: SELECT * FROM `t_browsenumber` WHERE ( cookbook_id =5 )  [ RunTime:0.001064s ]
SQL: SELECT * FROM `t_material` WHERE ( cookbook_id =11 )  [ RunTime:0.000581s ]
SQL: SELECT * FROM `t_collectionnumber` WHERE ( cookbook_id =11 )  [ RunTime:0.000459s ]
SQL: SELECT * FROM `t_browsenumber` WHERE ( cookbook_id =11 )  [ RunTime:0.000403s ]
SQL: SELECT * FROM `t_material` WHERE ( cookbook_id =9 )  [ RunTime:0.000400s ]
SQL: SELECT * FROM `t_collectionnumber` WHERE ( cookbook_id =9 )  [ RunTime:0.000285s ]
SQL: SELECT * FROM `t_browsenumber` WHERE ( cookbook_id =9 )  [ RunTime:0.000370s ]
SQL: SELECT * FROM `t_material` WHERE ( cookbook_id =3 )  [ RunTime:0.000351s ]
SQL: SELECT * FROM `t_collectionnumber` WHERE ( cookbook_id =3 )  [ RunTime:0.000334s ]
SQL: SELECT * FROM `t_browsenumber` WHERE ( cookbook_id =3 )  [ RunTime:0.000560s ]
SQL: SELECT * FROM `t_material` WHERE ( cookbook_id =7 )  [ RunTime:0.000343s ]
SQL: SELECT * FROM `t_collectionnumber` WHERE ( cookbook_id =7 )  [ RunTime:0.000314s ]
SQL: SELECT * FROM `t_browsenumber` WHERE ( cookbook_id =7 )  [ RunTime:0.000312s ]
SQL: SELECT * FROM `t_material` WHERE ( cookbook_id =13 )  [ RunTime:0.000574s ]
SQL: SELECT * FROM `t_collectionnumber` WHERE ( cookbook_id =13 )  [ RunTime:0.000725s ]
SQL: SELECT * FROM `t_browsenumber` WHERE ( cookbook_id =13 )  [ RunTime:0.010484s ]
SQL: SELECT * FROM `t_material` WHERE ( cookbook_id =4 )  [ RunTime:0.000506s ]
SQL: SELECT * FROM `t_collectionnumber` WHERE ( cookbook_id =4 )  [ RunTime:0.000604s ]
SQL: SELECT * FROM `t_browsenumber` WHERE ( cookbook_id =4 )  [ RunTime:0.000395s ]
SQL: SELECT * FROM `t_material` WHERE ( cookbook_id =8 )  [ RunTime:0.000362s ]
SQL: SELECT * FROM `t_collectionnumber` WHERE ( cookbook_id =8 )  [ RunTime:0.000314s ]
SQL: SELECT * FROM `t_browsenumber` WHERE ( cookbook_id =8 )  [ RunTime:0.000289s ]
SQL: SELECT * FROM `t_material` WHERE ( cookbook_id =5 )  [ RunTime:0.000440s ]
SQL: SELECT * FROM `t_collectionnumber` WHERE ( cookbook_id =5 )  [ RunTime:0.001280s ]
SQL: SELECT * FROM `t_browsenumber` WHERE ( cookbook_id =5 )  [ RunTime:0.000530s ]
SQL: SELECT * FROM `t_material` WHERE ( cookbook_id =11 )  [ RunTime:0.001087s ]
SQL: SELECT * FROM `t_collectionnumber` WHERE ( cookbook_id =11 )  [ RunTime:0.000607s ]
SQL: SELECT * FROM `t_browsenumber` WHERE ( cookbook_id =11 )  [ RunTime:0.000337s ]
SQL: SELECT * FROM `t_material` WHERE ( cookbook_id =9 )  [ RunTime:0.000358s ]
SQL: SELECT * FROM `t_collectionnumber` WHERE ( cookbook_id =9 )  [ RunTime:0.000302s ]
SQL: SELECT * FROM `t_browsenumber` WHERE ( cookbook_id =9 )  [ RunTime:0.000332s ]
SQL: SELECT * FROM `t_material` WHERE ( cookbook_id =6 )  [ RunTime:0.000539s ]
SQL: SELECT * FROM `t_collectionnumber` WHERE ( cookbook_id =6 )  [ RunTime:0.000321s ]
SQL: SELECT * FROM `t_browsenumber` WHERE ( cookbook_id =6 )  [ RunTime:0.000334s ]
SQL: SELECT * FROM `t_material` WHERE ( cookbook_id =12 )  [ RunTime:0.000419s ]
SQL: SELECT * FROM `t_collectionnumber` WHERE ( cookbook_id =12 )  [ RunTime:0.000381s ]
SQL: SELECT * FROM `t_browsenumber` WHERE ( cookbook_id =12 )  [ RunTime:0.000388s ]
SQL: SELECT * FROM `t_material` WHERE ( cookbook_id =10 )  [ RunTime:0.000600s ]
SQL: SELECT * FROM `t_collectionnumber` WHERE ( cookbook_id =10 )  [ RunTime:0.001962s ]
SQL: SELECT * FROM `t_browsenumber` WHERE ( cookbook_id =10 )  [ RunTime:0.002397s ]
SQL: SELECT * FROM `t_material` WHERE ( cookbook_id =3 )  [ RunTime:0.002165s ]
SQL: SELECT * FROM `t_collectionnumber` WHERE ( cookbook_id =3 )  [ RunTime:0.004920s ]
SQL: SELECT * FROM `t_browsenumber` WHERE ( cookbook_id =3 )  [ RunTime:0.001526s ]
SQL: SELECT * FROM `t_material` WHERE ( cookbook_id =7 )  [ RunTime:0.000687s ]
SQL: SELECT * FROM `t_collectionnumber` WHERE ( cookbook_id =7 )  [ RunTime:0.000634s ]
SQL: SELECT * FROM `t_browsenumber` WHERE ( cookbook_id =7 )  [ RunTime:0.000745s ]
SQL: SELECT * FROM `t_material` WHERE ( cookbook_id =13 )  [ RunTime:0.000931s ]
SQL: SELECT * FROM `t_collectionnumber` WHERE ( cookbook_id =13 )  [ RunTime:0.000392s ]
SQL: SELECT * FROM `t_browsenumber` WHERE ( cookbook_id =13 )  [ RunTime:0.000408s ]
SQL: SELECT * FROM `t_material` WHERE ( cookbook_id =4 )  [ RunTime:0.000334s ]
SQL: SELECT * FROM `t_collectionnumber` WHERE ( cookbook_id =4 )  [ RunTime:0.000247s ]
SQL: SELECT * FROM `t_browsenumber` WHERE ( cookbook_id =4 )  [ RunTime:0.000293s ]
SQL: SELECT * FROM `t_material` WHERE ( cookbook_id =8 )  [ RunTime:0.000337s ]
SQL: SELECT * FROM `t_collectionnumber` WHERE ( cookbook_id =8 )  [ RunTime:0.000317s ]
SQL: SELECT * FROM `t_browsenumber` WHERE ( cookbook_id =8 )  [ RunTime:0.000240s ]
SQL: SELECT * FROM `t_material` WHERE ( cookbook_id =5 )  [ RunTime:0.000348s ]
SQL: SELECT * FROM `t_collectionnumber` WHERE ( cookbook_id =5 )  [ RunTime:0.000413s ]
SQL: SELECT * FROM `t_browsenumber` WHERE ( cookbook_id =5 )  [ RunTime:0.000477s ]
SQL: SELECT * FROM `t_material` WHERE ( cookbook_id =11 )  [ RunTime:0.001086s ]
SQL: SELECT * FROM `t_collectionnumber` WHERE ( cookbook_id =11 )  [ RunTime:0.000312s ]
SQL: SELECT * FROM `t_browsenumber` WHERE ( cookbook_id =11 )  [ RunTime:0.000287s ]
SQL: SELECT * FROM `t_material` WHERE ( cookbook_id =9 )  [ RunTime:0.000356s ]
SQL: SELECT * FROM `t_collectionnumber` WHERE ( cookbook_id =9 )  [ RunTime:0.000310s ]
SQL: SELECT * FROM `t_browsenumber` WHERE ( cookbook_id =9 )  [ RunTime:0.000557s ]
SQL: SELECT * FROM `t_material` WHERE ( cookbook_id =6 )  [ RunTime:0.000542s ]
SQL: SELECT * FROM `t_collectionnumber` WHERE ( cookbook_id =6 )  [ RunTime:0.000562s ]
SQL: SELECT * FROM `t_browsenumber` WHERE ( cookbook_id =6 )  [ RunTime:0.000353s ]
SQL: SELECT * FROM `t_material` WHERE ( cookbook_id =12 )  [ RunTime:0.000324s ]
SQL: SELECT * FROM `t_collectionnumber` WHERE ( cookbook_id =12 )  [ RunTime:0.000230s ]
SQL: SELECT * FROM `t_browsenumber` WHERE ( cookbook_id =12 )  [ RunTime:0.000225s ]
SQL: SELECT * FROM `t_material` WHERE ( cookbook_id =10 )  [ RunTime:0.000281s ]
SQL: SELECT * FROM `t_collectionnumber` WHERE ( cookbook_id =10 )  [ RunTime:0.000238s ]
SQL: SELECT * FROM `t_browsenumber` WHERE ( cookbook_id =10 )  [ RunTime:0.000237s ]
SQL: SELECT * FROM `t_material` WHERE ( cookbook_id =10 )  [ RunTime:0.000369s ]
SQL: SELECT * FROM `t_collectionnumber` WHERE ( cookbook_id =10 )  [ RunTime:0.000341s ]
SQL: SELECT * FROM `t_browsenumber` WHERE ( cookbook_id =10 )  [ RunTime:0.000730s ]
SQL: SELECT * FROM `t_material` WHERE ( cookbook_id =3 )  [ RunTime:0.000317s ]
SQL: SELECT * FROM `t_collectionnumber` WHERE ( cookbook_id =3 )  [ RunTime:0.000200s ]
SQL: SELECT * FROM `t_browsenumber` WHERE ( cookbook_id =3 )  [ RunTime:0.000210s ]
SQL: SELECT * FROM `t_material` WHERE ( cookbook_id =7 )  [ RunTime:0.000259s ]
SQL: SELECT * FROM `t_collectionnumber` WHERE ( cookbook_id =7 )  [ RunTime:0.000232s ]
SQL: SELECT * FROM `t_browsenumber` WHERE ( cookbook_id =7 )  [ RunTime:0.000274s ]
SQL: SELECT * FROM `t_material` WHERE ( cookbook_id =13 )  [ RunTime:0.001046s ]
SQL: SELECT * FROM `t_collectionnumber` WHERE ( cookbook_id =13 )  [ RunTime:0.001497s ]
SQL: SELECT * FROM `t_browsenumber` WHERE ( cookbook_id =13 )  [ RunTime:0.000849s ]
SQL: SELECT * FROM `t_material` WHERE ( cookbook_id =4 )  [ RunTime:0.000266s ]
SQL: SELECT * FROM `t_collectionnumber` WHERE ( cookbook_id =4 )  [ RunTime:0.000238s ]
SQL: SELECT * FROM `t_browsenumber` WHERE ( cookbook_id =4 )  [ RunTime:0.000219s ]
SQL: SELECT * FROM `t_material` WHERE ( cookbook_id =8 )  [ RunTime:0.000270s ]
SQL: SELECT * FROM `t_collectionnumber` WHERE ( cookbook_id =8 )  [ RunTime:0.000222s ]
SQL: SELECT * FROM `t_browsenumber` WHERE ( cookbook_id =8 )  [ RunTime:0.000197s ]
SQL: SELECT * FROM `t_material` WHERE ( cookbook_id =5 )  [ RunTime:0.000254s ]
SQL: SELECT * FROM `t_collectionnumber` WHERE ( cookbook_id =5 )  [ RunTime:0.000212s ]
SQL: SELECT * FROM `t_browsenumber` WHERE ( cookbook_id =5 )  [ RunTime:0.000173s ]
SQL: SELECT * FROM `t_material` WHERE ( cookbook_id =11 )  [ RunTime:0.000258s ]
SQL: SELECT * FROM `t_collectionnumber` WHERE ( cookbook_id =11 )  [ RunTime:0.000354s ]
SQL: SELECT * FROM `t_browsenumber` WHERE ( cookbook_id =11 )  [ RunTime:0.000395s ]
SQL: SELECT * FROM `t_material` WHERE ( cookbook_id =9 )  [ RunTime:0.000553s ]
SQL: SELECT * FROM `t_collectionnumber` WHERE ( cookbook_id =9 )  [ RunTime:0.000505s ]
SQL: SELECT * FROM `t_browsenumber` WHERE ( cookbook_id =9 )  [ RunTime:0.001240s ]
SQL: SELECT * FROM `t_material` WHERE ( cookbook_id =6 )  [ RunTime:0.000713s ]
SQL: SELECT * FROM `t_collectionnumber` WHERE ( cookbook_id =6 )  [ RunTime:0.001263s ]
SQL: SELECT * FROM `t_browsenumber` WHERE ( cookbook_id =6 )  [ RunTime:0.000404s ]
SQL: SELECT * FROM `t_material` WHERE ( cookbook_id =12 )  [ RunTime:0.000414s ]
SQL: SELECT * FROM `t_collectionnumber` WHERE ( cookbook_id =12 )  [ RunTime:0.000324s ]
SQL: SELECT * FROM `t_browsenumber` WHERE ( cookbook_id =12 )  [ RunTime:0.000335s ]
SQL: SELECT * FROM `t_material` WHERE ( cookbook_id =12 )  [ RunTime:0.000380s ]
SQL: SELECT * FROM `t_collectionnumber` WHERE ( cookbook_id =12 )  [ RunTime:0.000363s ]
SQL: SELECT * FROM `t_browsenumber` WHERE ( cookbook_id =12 )  [ RunTime:0.000231s ]
SQL: SELECT * FROM `t_material` WHERE ( cookbook_id =3 )  [ RunTime:0.000243s ]
SQL: SELECT * FROM `t_collectionnumber` WHERE ( cookbook_id =3 )  [ RunTime:0.000266s ]
SQL: SELECT * FROM `t_browsenumber` WHERE ( cookbook_id =3 )  [ RunTime:0.000294s ]
SQL: SELECT * FROM `t_material` WHERE ( cookbook_id =7 )  [ RunTime:0.000318s ]
SQL: SELECT * FROM `t_collectionnumber` WHERE ( cookbook_id =7 )  [ RunTime:0.000238s ]
SQL: SELECT * FROM `t_browsenumber` WHERE ( cookbook_id =7 )  [ RunTime:0.000252s ]
SQL: SELECT * FROM `t_material` WHERE ( cookbook_id =13 )  [ RunTime:0.000297s ]
SQL: SELECT * FROM `t_collectionnumber` WHERE ( cookbook_id =13 )  [ RunTime:0.000539s ]
SQL: SELECT * FROM `t_browsenumber` WHERE ( cookbook_id =13 )  [ RunTime:0.000395s ]
SQL: SELECT * FROM `t_material` WHERE ( cookbook_id =4 )  [ RunTime:0.001029s ]
SQL: SELECT * FROM `t_collectionnumber` WHERE ( cookbook_id =4 )  [ RunTime:0.000611s ]
SQL: SELECT * FROM `t_browsenumber` WHERE ( cookbook_id =4 )  [ RunTime:0.000324s ]
SQL: SELECT * FROM `t_material` WHERE ( cookbook_id =10 )  [ RunTime:0.000367s ]
SQL: SELECT * FROM `t_collectionnumber` WHERE ( cookbook_id =10 )  [ RunTime:0.000444s ]
SQL: SELECT * FROM `t_browsenumber` WHERE ( cookbook_id =10 )  [ RunTime:0.000569s ]
SQL: SELECT * FROM `t_material` WHERE ( cookbook_id =8 )  [ RunTime:0.000604s ]
SQL: SELECT * FROM `t_collectionnumber` WHERE ( cookbook_id =8 )  [ RunTime:0.000960s ]
SQL: SELECT * FROM `t_browsenumber` WHERE ( cookbook_id =8 )  [ RunTime:0.000424s ]
SQL: SELECT * FROM `t_material` WHERE ( cookbook_id =5 )  [ RunTime:0.000463s ]
SQL: SELECT * FROM `t_collectionnumber` WHERE ( cookbook_id =5 )  [ RunTime:0.000672s ]
SQL: SELECT * FROM `t_browsenumber` WHERE ( cookbook_id =5 )  [ RunTime:0.000345s ]
SQL: SELECT * FROM `t_material` WHERE ( cookbook_id =11 )  [ RunTime:0.000391s ]
SQL: SELECT * FROM `t_collectionnumber` WHERE ( cookbook_id =11 )  [ RunTime:0.001054s ]
SQL: SELECT * FROM `t_browsenumber` WHERE ( cookbook_id =11 )  [ RunTime:0.000378s ]
SQL: SELECT * FROM `t_material` WHERE ( cookbook_id =9 )  [ RunTime:0.001793s ]
SQL: SELECT * FROM `t_collectionnumber` WHERE ( cookbook_id =9 )  [ RunTime:0.008406s ]
SQL: SELECT * FROM `t_browsenumber` WHERE ( cookbook_id =9 )  [ RunTime:0.002368s ]
SQL: SELECT * FROM `t_material` WHERE ( cookbook_id =6 )  [ RunTime:0.002634s ]
SQL: SELECT * FROM `t_collectionnumber` WHERE ( cookbook_id =6 )  [ RunTime:0.000922s ]
SQL: SELECT * FROM `t_browsenumber` WHERE ( cookbook_id =6 )  [ RunTime:0.002216s ]
SQL: SELECT * FROM `t_material` WHERE ( cookbook_id =6 )  [ RunTime:0.000504s ]
SQL: SELECT * FROM `t_collectionnumber` WHERE ( cookbook_id =6 )  [ RunTime:0.001437s ]
SQL: SELECT * FROM `t_browsenumber` WHERE ( cookbook_id =6 )  [ RunTime:0.000523s ]
SQL: SELECT * FROM `t_material` WHERE ( cookbook_id =12 )  [ RunTime:0.000395s ]
SQL: SELECT * FROM `t_collectionnumber` WHERE ( cookbook_id =12 )  [ RunTime:0.000323s ]
SQL: SELECT * FROM `t_browsenumber` WHERE ( cookbook_id =12 )  [ RunTime:0.000265s ]
SQL: SELECT * FROM `t_material` WHERE ( cookbook_id =3 )  [ RunTime:0.000323s ]
SQL: SELECT * FROM `t_collectionnumber` WHERE ( cookbook_id =3 )  [ RunTime:0.000322s ]
SQL: SELECT * FROM `t_browsenumber` WHERE ( cookbook_id =3 )  [ RunTime:0.000298s ]
SQL: SELECT * FROM `t_material` WHERE ( cookbook_id =7 )  [ RunTime:0.000342s ]
SQL: SELECT * FROM `t_collectionnumber` WHERE ( cookbook_id =7 )  [ RunTime:0.000297s ]
SQL: SELECT * FROM `t_browsenumber` WHERE ( cookbook_id =7 )  [ RunTime:0.000251s ]
SQL: SELECT * FROM `t_material` WHERE ( cookbook_id =13 )  [ RunTime:0.000279s ]
SQL: SELECT * FROM `t_collectionnumber` WHERE ( cookbook_id =13 )  [ RunTime:0.000292s ]
SQL: SELECT * FROM `t_browsenumber` WHERE ( cookbook_id =13 )  [ RunTime:0.000288s ]
SQL: SELECT * FROM `t_material` WHERE ( cookbook_id =4 )  [ RunTime:0.000306s ]
SQL: SELECT * FROM `t_collectionnumber` WHERE ( cookbook_id =4 )  [ RunTime:0.000313s ]
SQL: SELECT * FROM `t_browsenumber` WHERE ( cookbook_id =4 )  [ RunTime:0.000295s ]
SQL: SELECT * FROM `t_material` WHERE ( cookbook_id =10 )  [ RunTime:0.000299s ]
SQL: SELECT * FROM `t_collectionnumber` WHERE ( cookbook_id =10 )  [ RunTime:0.000408s ]
SQL: SELECT * FROM `t_browsenumber` WHERE ( cookbook_id =10 )  [ RunTime:0.000557s ]
SQL: SELECT * FROM `t_material` WHERE ( cookbook_id =8 )  [ RunTime:0.000546s ]
SQL: SELECT * FROM `t_collectionnumber` WHERE ( cookbook_id =8 )  [ RunTime:0.000473s ]
SQL: SELECT * FROM `t_browsenumber` WHERE ( cookbook_id =8 )  [ RunTime:0.000551s ]
SQL: SELECT * FROM `t_material` WHERE ( cookbook_id =5 )  [ RunTime:0.000512s ]
SQL: SELECT * FROM `t_collectionnumber` WHERE ( cookbook_id =5 )  [ RunTime:0.000473s ]
SQL: SELECT * FROM `t_browsenumber` WHERE ( cookbook_id =5 )  [ RunTime:0.000332s ]
SQL: SELECT * FROM `t_material` WHERE ( cookbook_id =11 )  [ RunTime:0.000293s ]
SQL: SELECT * FROM `t_collectionnumber` WHERE ( cookbook_id =11 )  [ RunTime:0.000301s ]
SQL: SELECT * FROM `t_browsenumber` WHERE ( cookbook_id =11 )  [ RunTime:0.000277s ]
SQL: SELECT * FROM `t_material` WHERE ( cookbook_id =9 )  [ RunTime:0.000288s ]
SQL: SELECT * FROM `t_collectionnumber` WHERE ( cookbook_id =9 )  [ RunTime:0.000437s ]
SQL: SELECT * FROM `t_browsenumber` WHERE ( cookbook_id =9 )  [ RunTime:0.000399s ]

[ 2016-01-12T22:57:36+08:00 ] ::1 /cookinggod/index.php/Home/detection/shouye
INFO: [ app_init ] --START--
INFO: Run Behavior\BuildLiteBehavior [ RunTime:0.000021s ]
INFO: [ app_init ] --END-- [ RunTime:0.000486s ]
INFO: [ app_begin ] --START--
INFO: Run Behavior\ReadHtmlCacheBehavior [ RunTime:0.000589s ]
INFO: [ app_begin ] --END-- [ RunTime:0.000674s ]
NOTIC: [8192] mysql_connect(): The mysql extension is deprecated and will be removed in the future: use mysqli or PDO instead /Applications/MAMP/htdocs/ThinkPHP/Library/Think/Db/Driver/Mysql.class.php 第 52 行.
SQL: SHOW COLUMNS FROM t_user,t_detection [ RunTime:0.000118s ]
ERR: 1064:You have an error in your SQL syntax; check the manual that corresponds to your MySQL server version for the right syntax to use near 't_detection' at line 1
 [ SQL语句 ] : SHOW COLUMNS FROM t_user,t_detection
SQL: SELECT t_user.user_id,t_user.user_nickname,t_user.user_herderimage,t_detection.* FROM `t_user`,`t_detection` WHERE ( t_user.user_id=t_detection.user_id ) ORDER BY detection_time desc  [ RunTime:0.002365s ]
SQL: SHOW COLUMNS FROM `t_detectioncell` [ RunTime:0.004558s ]
SQL: SELECT * FROM `t_detectioncell` WHERE ( detection_id=38 )  [ RunTime:0.000584s ]
SQL: SELECT * FROM `t_detectioncell` WHERE ( detection_id=39 )  [ RunTime:0.000295s ]
SQL: SELECT * FROM `t_detectioncell` WHERE ( detection_id=40 )  [ RunTime:0.000439s ]
SQL: SELECT * FROM `t_detectioncell` WHERE ( detection_id=35 )  [ RunTime:0.000722s ]
SQL: SELECT * FROM `t_detectioncell` WHERE ( detection_id=31 )  [ RunTime:0.000390s ]
SQL: SELECT * FROM `t_detectioncell` WHERE ( detection_id=36 )  [ RunTime:0.000350s ]
SQL: SELECT * FROM `t_detectioncell` WHERE ( detection_id=37 )  [ RunTime:0.000233s ]
SQL: SELECT * FROM `t_detectioncell` WHERE ( detection_id=41 )  [ RunTime:0.000257s ]
SQL: SELECT * FROM `t_detectioncell` WHERE ( detection_id=33 )  [ RunTime:0.000583s ]

[ 2016-01-12T22:57:36+08:00 ] ::1 /cookinggod/index.php/Home/detection/shouye
INFO: [ app_init ] --START--
INFO: Run Behavior\BuildLiteBehavior [ RunTime:0.000020s ]
INFO: [ app_init ] --END-- [ RunTime:0.000468s ]
INFO: [ app_begin ] --START--
INFO: Run Behavior\ReadHtmlCacheBehavior [ RunTime:0.000582s ]
INFO: [ app_begin ] --END-- [ RunTime:0.000664s ]
NOTIC: [8192] mysql_connect(): The mysql extension is deprecated and will be removed in the future: use mysqli or PDO instead /Applications/MAMP/htdocs/ThinkPHP/Library/Think/Db/Driver/Mysql.class.php 第 52 行.
SQL: SHOW COLUMNS FROM t_user,t_detection [ RunTime:0.000140s ]
ERR: 1064:You have an error in your SQL syntax; check the manual that corresponds to your MySQL server version for the right syntax to use near 't_detection' at line 1
 [ SQL语句 ] : SHOW COLUMNS FROM t_user,t_detection
SQL: SELECT t_user.user_id,t_user.user_nickname,t_user.user_herderimage,t_detection.* FROM `t_user`,`t_detection` WHERE ( t_user.user_id=t_detection.user_id ) ORDER BY detection_time desc  [ RunTime:0.000468s ]
SQL: SHOW COLUMNS FROM `t_detectioncell` [ RunTime:0.002056s ]
SQL: SELECT * FROM `t_detectioncell` WHERE ( detection_id=38 )  [ RunTime:0.000355s ]
SQL: SELECT * FROM `t_detectioncell` WHERE ( detection_id=39 )  [ RunTime:0.000285s ]
SQL: SELECT * FROM `t_detectioncell` WHERE ( detection_id=40 )  [ RunTime:0.000230s ]
SQL: SELECT * FROM `t_detectioncell` WHERE ( detection_id=35 )  [ RunTime:0.000222s ]
SQL: SELECT * FROM `t_detectioncell` WHERE ( detection_id=31 )  [ RunTime:0.000238s ]
SQL: SELECT * FROM `t_detectioncell` WHERE ( detection_id=36 )  [ RunTime:0.000216s ]
SQL: SELECT * FROM `t_detectioncell` WHERE ( detection_id=37 )  [ RunTime:0.000243s ]
SQL: SELECT * FROM `t_detectioncell` WHERE ( detection_id=41 )  [ RunTime:0.000554s ]
SQL: SELECT * FROM `t_detectioncell` WHERE ( detection_id=33 )  [ RunTime:0.001302s ]

[ 2016-01-12T22:57:36+08:00 ] ::1 /cookinggod/index.php/Home/detection/shouye
INFO: [ app_init ] --START--
INFO: Run Behavior\BuildLiteBehavior [ RunTime:0.000018s ]
INFO: [ app_init ] --END-- [ RunTime:0.000434s ]
INFO: [ app_begin ] --START--
INFO: Run Behavior\ReadHtmlCacheBehavior [ RunTime:0.000609s ]
INFO: [ app_begin ] --END-- [ RunTime:0.000689s ]
NOTIC: [8192] mysql_connect(): The mysql extension is deprecated and will be removed in the future: use mysqli or PDO instead /Applications/MAMP/htdocs/ThinkPHP/Library/Think/Db/Driver/Mysql.class.php 第 52 行.
SQL: SHOW COLUMNS FROM t_user,t_detection [ RunTime:0.000231s ]
ERR: 1064:You have an error in your SQL syntax; check the manual that corresponds to your MySQL server version for the right syntax to use near 't_detection' at line 1
 [ SQL语句 ] : SHOW COLUMNS FROM t_user,t_detection
SQL: SELECT t_user.user_id,t_user.user_nickname,t_user.user_herderimage,t_detection.* FROM `t_user`,`t_detection` WHERE ( t_user.user_id=t_detection.user_id ) ORDER BY detection_time desc  [ RunTime:0.001445s ]
SQL: SHOW COLUMNS FROM `t_detectioncell` [ RunTime:0.003691s ]
SQL: SELECT * FROM `t_detectioncell` WHERE ( detection_id=38 )  [ RunTime:0.002490s ]
SQL: SELECT * FROM `t_detectioncell` WHERE ( detection_id=39 )  [ RunTime:0.000788s ]
SQL: SELECT * FROM `t_detectioncell` WHERE ( detection_id=40 )  [ RunTime:0.000351s ]
SQL: SELECT * FROM `t_detectioncell` WHERE ( detection_id=35 )  [ RunTime:0.000279s ]
SQL: SELECT * FROM `t_detectioncell` WHERE ( detection_id=31 )  [ RunTime:0.000755s ]
SQL: SELECT * FROM `t_detectioncell` WHERE ( detection_id=36 )  [ RunTime:0.000457s ]
SQL: SELECT * FROM `t_detectioncell` WHERE ( detection_id=37 )  [ RunTime:0.000339s ]
SQL: SELECT * FROM `t_detectioncell` WHERE ( detection_id=41 )  [ RunTime:0.000324s ]
SQL: SELECT * FROM `t_detectioncell` WHERE ( detection_id=33 )  [ RunTime:0.000367s ]

