[ 2016-12-06T17:30:18+08:00 ] ::1 /cookinggod/index.php/Home/user/daren
INFO: [ app_init ] --START--
INFO: Run Behavior\BuildLiteBehavior [ RunTime:0.000034s ]
INFO: [ app_init ] --END-- [ RunTime:0.000612s ]
INFO: [ app_begin ] --START--
INFO: Run Behavior\ReadHtmlCacheBehavior [ RunTime:0.000742s ]
INFO: [ app_begin ] --END-- [ RunTime:0.000852s ]
NOTIC: [8192] mysql_connect(): The mysql extension is deprecated and will be removed in the future: use mysqli or PDO instead /Applications/MAMP/htdocs/ThinkPHP/Library/Think/Db/Driver/Mysql.class.php 第 52 行.
SQL: SHOW COLUMNS FROM `t_user` [ RunTime:0.004529s ]
SQL: SELECT * FROM `t_user` LIMIT 5   [ RunTime:0.000389s ]

[ 2016-12-06T17:30:18+08:00 ] ::1 /cookinggod/index.php/Home/cookbook/type
INFO: [ app_init ] --START--
INFO: Run Behavior\BuildLiteBehavior [ RunTime:0.000026s ]
INFO: [ app_init ] --END-- [ RunTime:0.000931s ]
INFO: [ app_begin ] --START--
INFO: Run Behavior\ReadHtmlCacheBehavior [ RunTime:0.001179s ]
INFO: [ app_begin ] --END-- [ RunTime:0.001324s ]
NOTIC: [8192] mysql_connect(): The mysql extension is deprecated and will be removed in the future: use mysqli or PDO instead /Applications/MAMP/htdocs/ThinkPHP/Library/Think/Db/Driver/Mysql.class.php 第 52 行.
SQL: SHOW COLUMNS FROM t_browsenumber,t_cookbook [ RunTime:0.001011s ]
ERR: 1064:You have an error in your SQL syntax; check the manual that corresponds to your MySQL server version for the right syntax to use near 't_cookbook' at line 1
 [ SQL语句 ] : SHOW COLUMNS FROM t_browsenumber,t_cookbook
SQL: SELECT t_cookbook.* FROM `t_browsenumber`,`t_cookbook` WHERE ( t_browsenumber.cookbook_id=t_cookbook.cookbook_id ) ORDER BY t_browsenumber.browsenumber_number desc  [ RunTime:0.006152s ]
SQL: SHOW COLUMNS FROM `t_material` [ RunTime:0.003642s ]
SQL: SELECT * FROM `t_material` WHERE ( cookbook_id =5 )  [ RunTime:0.001731s ]
SQL: SHOW COLUMNS FROM `t_collectionnumber` [ RunTime:0.002345s ]
SQL: SELECT * FROM `t_collectionnumber` WHERE ( cookbook_id =5 )  [ RunTime:0.000338s ]
SQL: SHOW COLUMNS FROM `t_browsenumber` [ RunTime:0.004127s ]
SQL: SELECT * FROM `t_browsenumber` WHERE ( cookbook_id =5 )  [ RunTime:0.000307s ]
SQL: SELECT * FROM `t_material` WHERE ( cookbook_id =6 )  [ RunTime:0.000300s ]
SQL: SELECT * FROM `t_collectionnumber` WHERE ( cookbook_id =6 )  [ RunTime:0.000313s ]
SQL: SELECT * FROM `t_browsenumber` WHERE ( cookbook_id =6 )  [ RunTime:0.000432s ]
SQL: SELECT * FROM `t_material` WHERE ( cookbook_id =11 )  [ RunTime:0.000278s ]
SQL: SELECT * FROM `t_collectionnumber` WHERE ( cookbook_id =11 )  [ RunTime:0.000301s ]
SQL: SELECT * FROM `t_browsenumber` WHERE ( cookbook_id =11 )  [ RunTime:0.000281s ]
SQL: SELECT * FROM `t_material` WHERE ( cookbook_id =7 )  [ RunTime:0.000339s ]
SQL: SELECT * FROM `t_collectionnumber` WHERE ( cookbook_id =7 )  [ RunTime:0.000368s ]
SQL: SELECT * FROM `t_browsenumber` WHERE ( cookbook_id =7 )  [ RunTime:0.000311s ]
SQL: SELECT * FROM `t_material` WHERE ( cookbook_id =3 )  [ RunTime:0.000314s ]
SQL: SELECT * FROM `t_collectionnumber` WHERE ( cookbook_id =3 )  [ RunTime:0.000685s ]
SQL: SELECT * FROM `t_browsenumber` WHERE ( cookbook_id =3 )  [ RunTime:0.000220s ]
SQL: SELECT * FROM `t_material` WHERE ( cookbook_id =12 )  [ RunTime:0.000272s ]
SQL: SELECT * FROM `t_collectionnumber` WHERE ( cookbook_id =12 )  [ RunTime:0.000281s ]
SQL: SELECT * FROM `t_browsenumber` WHERE ( cookbook_id =12 )  [ RunTime:0.000304s ]
SQL: SELECT * FROM `t_material` WHERE ( cookbook_id =4 )  [ RunTime:0.000639s ]
SQL: SELECT * FROM `t_collectionnumber` WHERE ( cookbook_id =4 )  [ RunTime:0.000283s ]
SQL: SELECT * FROM `t_browsenumber` WHERE ( cookbook_id =4 )  [ RunTime:0.000239s ]
SQL: SELECT * FROM `t_material` WHERE ( cookbook_id =9 )  [ RunTime:0.000372s ]
SQL: SELECT * FROM `t_collectionnumber` WHERE ( cookbook_id =9 )  [ RunTime:0.000289s ]
SQL: SELECT * FROM `t_browsenumber` WHERE ( cookbook_id =9 )  [ RunTime:0.000333s ]
SQL: SELECT * FROM `t_material` WHERE ( cookbook_id =10 )  [ RunTime:0.000322s ]
SQL: SELECT * FROM `t_collectionnumber` WHERE ( cookbook_id =10 )  [ RunTime:0.000306s ]
SQL: SELECT * FROM `t_browsenumber` WHERE ( cookbook_id =10 )  [ RunTime:0.000271s ]
SQL: SELECT * FROM `t_material` WHERE ( cookbook_id =13 )  [ RunTime:0.000259s ]
SQL: SELECT * FROM `t_collectionnumber` WHERE ( cookbook_id =13 )  [ RunTime:0.000198s ]
SQL: SELECT * FROM `t_browsenumber` WHERE ( cookbook_id =13 )  [ RunTime:0.000184s ]
SQL: SELECT * FROM `t_material` WHERE ( cookbook_id =8 )  [ RunTime:0.000504s ]
SQL: SELECT * FROM `t_collectionnumber` WHERE ( cookbook_id =8 )  [ RunTime:0.000223s ]
SQL: SELECT * FROM `t_browsenumber` WHERE ( cookbook_id =8 )  [ RunTime:0.000189s ]

[ 2016-12-06T17:30:18+08:00 ] ::1 /cookinggod/index.php/Home/cookbook/cookbytime
INFO: [ app_init ] --START--
INFO: Run Behavior\BuildLiteBehavior [ RunTime:0.000023s ]
INFO: [ app_init ] --END-- [ RunTime:0.000933s ]
INFO: [ app_begin ] --START--
INFO: Run Behavior\ReadHtmlCacheBehavior [ RunTime:0.001179s ]
INFO: [ app_begin ] --END-- [ RunTime:0.001324s ]
NOTIC: [8192] mysql_connect(): The mysql extension is deprecated and will be removed in the future: use mysqli or PDO instead /Applications/MAMP/htdocs/ThinkPHP/Library/Think/Db/Driver/Mysql.class.php 第 52 行.
SQL: SHOW COLUMNS FROM `t_cookbook` [ RunTime:0.008677s ]
SQL: SELECT * FROM `t_cookbook` WHERE ( cookbook_eattime='晚餐' )  [ RunTime:0.000404s ]
SQL: SHOW COLUMNS FROM `t_material` [ RunTime:0.013487s ]
SQL: SELECT * FROM `t_material` WHERE ( cookbook_id =10 )  [ RunTime:0.000287s ]
SQL: SHOW COLUMNS FROM `t_collectionnumber` [ RunTime:0.002177s ]
SQL: SELECT * FROM `t_collectionnumber` WHERE ( cookbook_id =10 )  [ RunTime:0.000265s ]
SQL: SHOW COLUMNS FROM `t_browsenumber` [ RunTime:0.002020s ]
SQL: SELECT * FROM `t_browsenumber` WHERE ( cookbook_id =10 )  [ RunTime:0.000258s ]
SQL: SELECT * FROM `t_material` WHERE ( cookbook_id =11 )  [ RunTime:0.000238s ]
SQL: SELECT * FROM `t_collectionnumber` WHERE ( cookbook_id =11 )  [ RunTime:0.000215s ]
SQL: SELECT * FROM `t_browsenumber` WHERE ( cookbook_id =11 )  [ RunTime:0.010657s ]
SQL: SELECT * FROM `t_material` WHERE ( cookbook_id =12 )  [ RunTime:0.001042s ]
SQL: SELECT * FROM `t_collectionnumber` WHERE ( cookbook_id =12 )  [ RunTime:0.000327s ]
SQL: SELECT * FROM `t_browsenumber` WHERE ( cookbook_id =12 )  [ RunTime:0.000295s ]

[ 2016-12-06T17:30:18+08:00 ] ::1 /cookinggod/index.php/Home/cookbook/type?type=14
INFO: [ app_init ] --START--
INFO: Run Behavior\BuildLiteBehavior [ RunTime:0.000034s ]
INFO: [ app_init ] --END-- [ RunTime:0.000610s ]
INFO: [ app_begin ] --START--
INFO: Run Behavior\ReadHtmlCacheBehavior [ RunTime:0.000818s ]
INFO: [ app_begin ] --END-- [ RunTime:0.000938s ]
NOTIC: [8192] mysql_connect(): The mysql extension is deprecated and will be removed in the future: use mysqli or PDO instead /Applications/MAMP/htdocs/ThinkPHP/Library/Think/Db/Driver/Mysql.class.php 第 52 行.
SQL: SHOW COLUMNS FROM t_collectionnumber,t_cookbook [ RunTime:0.000133s ]
ERR: 1064:You have an error in your SQL syntax; check the manual that corresponds to your MySQL server version for the right syntax to use near 't_cookbook' at line 1
 [ SQL语句 ] : SHOW COLUMNS FROM t_collectionnumber,t_cookbook
SQL: SELECT t_cookbook.* FROM `t_collectionnumber`,`t_cookbook` WHERE ( t_collectionnumber.cookbook_id ) ORDER BY t_collectionnumber.collectionnumber_number desc  [ RunTime:0.005536s ]
SQL: SHOW COLUMNS FROM `t_material` [ RunTime:0.001644s ]
SQL: SELECT * FROM `t_material` WHERE ( cookbook_id =5 )  [ RunTime:0.000301s ]
SQL: SHOW COLUMNS FROM `t_collectionnumber` [ RunTime:0.002013s ]
SQL: SELECT * FROM `t_collectionnumber` WHERE ( cookbook_id =5 )  [ RunTime:0.000188s ]
SQL: SHOW COLUMNS FROM `t_browsenumber` [ RunTime:0.003579s ]
SQL: SELECT * FROM `t_browsenumber` WHERE ( cookbook_id =5 )  [ RunTime:0.000343s ]
SQL: SELECT * FROM `t_material` WHERE ( cookbook_id =9 )  [ RunTime:0.000335s ]
SQL: SELECT * FROM `t_collectionnumber` WHERE ( cookbook_id =9 )  [ RunTime:0.000336s ]
SQL: SELECT * FROM `t_browsenumber` WHERE ( cookbook_id =9 )  [ RunTime:0.000254s ]
SQL: SELECT * FROM `t_material` WHERE ( cookbook_id =13 )  [ RunTime:0.000337s ]
SQL: SELECT * FROM `t_collectionnumber` WHERE ( cookbook_id =13 )  [ RunTime:0.000315s ]
SQL: SELECT * FROM `t_browsenumber` WHERE ( cookbook_id =13 )  [ RunTime:0.000300s ]
SQL: SELECT * FROM `t_material` WHERE ( cookbook_id =6 )  [ RunTime:0.000402s ]
SQL: SELECT * FROM `t_collectionnumber` WHERE ( cookbook_id =6 )  [ RunTime:0.000289s ]
SQL: SELECT * FROM `t_browsenumber` WHERE ( cookbook_id =6 )  [ RunTime:0.000319s ]
SQL: SELECT * FROM `t_material` WHERE ( cookbook_id =10 )  [ RunTime:0.000313s ]
SQL: SELECT * FROM `t_collectionnumber` WHERE ( cookbook_id =10 )  [ RunTime:0.000324s ]
SQL: SELECT * FROM `t_browsenumber` WHERE ( cookbook_id =10 )  [ RunTime:0.000281s ]
SQL: SELECT * FROM `t_material` WHERE ( cookbook_id =3 )  [ RunTime:0.000236s ]
SQL: SELECT * FROM `t_collectionnumber` WHERE ( cookbook_id =3 )  [ RunTime:0.000238s ]
SQL: SELECT * FROM `t_browsenumber` WHERE ( cookbook_id =3 )  [ RunTime:0.000253s ]
SQL: SELECT * FROM `t_material` WHERE ( cookbook_id =7 )  [ RunTime:0.000245s ]
SQL: SELECT * FROM `t_collectionnumber` WHERE ( cookbook_id =7 )  [ RunTime:0.000321s ]
SQL: SELECT * FROM `t_browsenumber` WHERE ( cookbook_id =7 )  [ RunTime:0.000355s ]
SQL: SELECT * FROM `t_material` WHERE ( cookbook_id =11 )  [ RunTime:0.000352s ]
SQL: SELECT * FROM `t_collectionnumber` WHERE ( cookbook_id =11 )  [ RunTime:0.000365s ]
SQL: SELECT * FROM `t_browsenumber` WHERE ( cookbook_id =11 )  [ RunTime:0.010406s ]
SQL: SELECT * FROM `t_material` WHERE ( cookbook_id =4 )  [ RunTime:0.000327s ]
SQL: SELECT * FROM `t_collectionnumber` WHERE ( cookbook_id =4 )  [ RunTime:0.000268s ]
SQL: SELECT * FROM `t_browsenumber` WHERE ( cookbook_id =4 )  [ RunTime:0.000242s ]
SQL: SELECT * FROM `t_material` WHERE ( cookbook_id =8 )  [ RunTime:0.000298s ]
SQL: SELECT * FROM `t_collectionnumber` WHERE ( cookbook_id =8 )  [ RunTime:0.000770s ]
SQL: SELECT * FROM `t_browsenumber` WHERE ( cookbook_id =8 )  [ RunTime:0.000273s ]
SQL: SELECT * FROM `t_material` WHERE ( cookbook_id =12 )  [ RunTime:0.000227s ]
SQL: SELECT * FROM `t_collectionnumber` WHERE ( cookbook_id =12 )  [ RunTime:0.000203s ]
SQL: SELECT * FROM `t_browsenumber` WHERE ( cookbook_id =12 )  [ RunTime:0.000223s ]
SQL: SELECT * FROM `t_material` WHERE ( cookbook_id =12 )  [ RunTime:0.000348s ]
SQL: SELECT * FROM `t_collectionnumber` WHERE ( cookbook_id =12 )  [ RunTime:0.000244s ]
SQL: SELECT * FROM `t_browsenumber` WHERE ( cookbook_id =12 )  [ RunTime:0.000208s ]
SQL: SELECT * FROM `t_material` WHERE ( cookbook_id =5 )  [ RunTime:0.000218s ]
SQL: SELECT * FROM `t_collectionnumber` WHERE ( cookbook_id =5 )  [ RunTime:0.000213s ]
SQL: SELECT * FROM `t_browsenumber` WHERE ( cookbook_id =5 )  [ RunTime:0.000242s ]
SQL: SELECT * FROM `t_material` WHERE ( cookbook_id =9 )  [ RunTime:0.000238s ]
SQL: SELECT * FROM `t_collectionnumber` WHERE ( cookbook_id =9 )  [ RunTime:0.000233s ]
SQL: SELECT * FROM `t_browsenumber` WHERE ( cookbook_id =9 )  [ RunTime:0.000216s ]
SQL: SELECT * FROM `t_material` WHERE ( cookbook_id =13 )  [ RunTime:0.000226s ]
SQL: SELECT * FROM `t_collectionnumber` WHERE ( cookbook_id =13 )  [ RunTime:0.000246s ]
SQL: SELECT * FROM `t_browsenumber` WHERE ( cookbook_id =13 )  [ RunTime:0.000203s ]
SQL: SELECT * FROM `t_material` WHERE ( cookbook_id =6 )  [ RunTime:0.000230s ]
SQL: SELECT * FROM `t_collectionnumber` WHERE ( cookbook_id =6 )  [ RunTime:0.000188s ]
SQL: SELECT * FROM `t_browsenumber` WHERE ( cookbook_id =6 )  [ RunTime:0.000190s ]
SQL: SELECT * FROM `t_material` WHERE ( cookbook_id =10 )  [ RunTime:0.000220s ]
SQL: SELECT * FROM `t_collectionnumber` WHERE ( cookbook_id =10 )  [ RunTime:0.000190s ]
SQL: SELECT * FROM `t_browsenumber` WHERE ( cookbook_id =10 )  [ RunTime:0.000239s ]
SQL: SELECT * FROM `t_material` WHERE ( cookbook_id =3 )  [ RunTime:0.000291s ]
SQL: SELECT * FROM `t_collectionnumber` WHERE ( cookbook_id =3 )  [ RunTime:0.000228s ]
SQL: SELECT * FROM `t_browsenumber` WHERE ( cookbook_id =3 )  [ RunTime:0.000188s ]
SQL: SELECT * FROM `t_material` WHERE ( cookbook_id =7 )  [ RunTime:0.000216s ]
SQL: SELECT * FROM `t_collectionnumber` WHERE ( cookbook_id =7 )  [ RunTime:0.000277s ]
SQL: SELECT * FROM `t_browsenumber` WHERE ( cookbook_id =7 )  [ RunTime:0.000222s ]
SQL: SELECT * FROM `t_material` WHERE ( cookbook_id =11 )  [ RunTime:0.000213s ]
SQL: SELECT * FROM `t_collectionnumber` WHERE ( cookbook_id =11 )  [ RunTime:0.000201s ]
SQL: SELECT * FROM `t_browsenumber` WHERE ( cookbook_id =11 )  [ RunTime:0.000195s ]
SQL: SELECT * FROM `t_material` WHERE ( cookbook_id =4 )  [ RunTime:0.000223s ]
SQL: SELECT * FROM `t_collectionnumber` WHERE ( cookbook_id =4 )  [ RunTime:0.000218s ]
SQL: SELECT * FROM `t_browsenumber` WHERE ( cookbook_id =4 )  [ RunTime:0.000241s ]
SQL: SELECT * FROM `t_material` WHERE ( cookbook_id =8 )  [ RunTime:0.000225s ]
SQL: SELECT * FROM `t_collectionnumber` WHERE ( cookbook_id =8 )  [ RunTime:0.000214s ]
SQL: SELECT * FROM `t_browsenumber` WHERE ( cookbook_id =8 )  [ RunTime:0.000250s ]
SQL: SELECT * FROM `t_material` WHERE ( cookbook_id =12 )  [ RunTime:0.000261s ]
SQL: SELECT * FROM `t_collectionnumber` WHERE ( cookbook_id =12 )  [ RunTime:0.000223s ]
SQL: SELECT * FROM `t_browsenumber` WHERE ( cookbook_id =12 )  [ RunTime:0.000276s ]
SQL: SELECT * FROM `t_material` WHERE ( cookbook_id =5 )  [ RunTime:0.000293s ]
SQL: SELECT * FROM `t_collectionnumber` WHERE ( cookbook_id =5 )  [ RunTime:0.000232s ]
SQL: SELECT * FROM `t_browsenumber` WHERE ( cookbook_id =5 )  [ RunTime:0.000218s ]
SQL: SELECT * FROM `t_material` WHERE ( cookbook_id =9 )  [ RunTime:0.000216s ]
SQL: SELECT * FROM `t_collectionnumber` WHERE ( cookbook_id =9 )  [ RunTime:0.000206s ]
SQL: SELECT * FROM `t_browsenumber` WHERE ( cookbook_id =9 )  [ RunTime:0.000236s ]
SQL: SELECT * FROM `t_material` WHERE ( cookbook_id =13 )  [ RunTime:0.000295s ]
SQL: SELECT * FROM `t_collectionnumber` WHERE ( cookbook_id =13 )  [ RunTime:0.000237s ]
SQL: SELECT * FROM `t_browsenumber` WHERE ( cookbook_id =13 )  [ RunTime:0.000203s ]
SQL: SELECT * FROM `t_material` WHERE ( cookbook_id =6 )  [ RunTime:0.000291s ]
SQL: SELECT * FROM `t_collectionnumber` WHERE ( cookbook_id =6 )  [ RunTime:0.000249s ]
SQL: SELECT * FROM `t_browsenumber` WHERE ( cookbook_id =6 )  [ RunTime:0.000291s ]
SQL: SELECT * FROM `t_material` WHERE ( cookbook_id =10 )  [ RunTime:0.000319s ]
SQL: SELECT * FROM `t_collectionnumber` WHERE ( cookbook_id =10 )  [ RunTime:0.000274s ]
SQL: SELECT * FROM `t_browsenumber` WHERE ( cookbook_id =10 )  [ RunTime:0.000262s ]
SQL: SELECT * FROM `t_material` WHERE ( cookbook_id =3 )  [ RunTime:0.000271s ]
SQL: SELECT * FROM `t_collectionnumber` WHERE ( cookbook_id =3 )  [ RunTime:0.000223s ]
SQL: SELECT * FROM `t_browsenumber` WHERE ( cookbook_id =3 )  [ RunTime:0.000269s ]
SQL: SELECT * FROM `t_material` WHERE ( cookbook_id =7 )  [ RunTime:0.000225s ]
SQL: SELECT * FROM `t_collectionnumber` WHERE ( cookbook_id =7 )  [ RunTime:0.000231s ]
SQL: SELECT * FROM `t_browsenumber` WHERE ( cookbook_id =7 )  [ RunTime:0.000213s ]
SQL: SELECT * FROM `t_material` WHERE ( cookbook_id =11 )  [ RunTime:0.000218s ]
SQL: SELECT * FROM `t_collectionnumber` WHERE ( cookbook_id =11 )  [ RunTime:0.000221s ]
SQL: SELECT * FROM `t_browsenumber` WHERE ( cookbook_id =11 )  [ RunTime:0.000239s ]
SQL: SELECT * FROM `t_material` WHERE ( cookbook_id =4 )  [ RunTime:0.000231s ]
SQL: SELECT * FROM `t_collectionnumber` WHERE ( cookbook_id =4 )  [ RunTime:0.000206s ]
SQL: SELECT * FROM `t_browsenumber` WHERE ( cookbook_id =4 )  [ RunTime:0.000190s ]
SQL: SELECT * FROM `t_material` WHERE ( cookbook_id =8 )  [ RunTime:0.000215s ]
SQL: SELECT * FROM `t_collectionnumber` WHERE ( cookbook_id =8 )  [ RunTime:0.000234s ]
SQL: SELECT * FROM `t_browsenumber` WHERE ( cookbook_id =8 )  [ RunTime:0.000188s ]
SQL: SELECT * FROM `t_material` WHERE ( cookbook_id =5 )  [ RunTime:0.000250s ]
SQL: SELECT * FROM `t_collectionnumber` WHERE ( cookbook_id =5 )  [ RunTime:0.000297s ]
SQL: SELECT * FROM `t_browsenumber` WHERE ( cookbook_id =5 )  [ RunTime:0.000267s ]
SQL: SELECT * FROM `t_material` WHERE ( cookbook_id =9 )  [ RunTime:0.000232s ]
SQL: SELECT * FROM `t_collectionnumber` WHERE ( cookbook_id =9 )  [ RunTime:0.000204s ]
SQL: SELECT * FROM `t_browsenumber` WHERE ( cookbook_id =9 )  [ RunTime:0.000212s ]
SQL: SELECT * FROM `t_material` WHERE ( cookbook_id =13 )  [ RunTime:0.000229s ]
SQL: SELECT * FROM `t_collectionnumber` WHERE ( cookbook_id =13 )  [ RunTime:0.000213s ]
SQL: SELECT * FROM `t_browsenumber` WHERE ( cookbook_id =13 )  [ RunTime:0.000221s ]
SQL: SELECT * FROM `t_material` WHERE ( cookbook_id =6 )  [ RunTime:0.000252s ]
SQL: SELECT * FROM `t_collectionnumber` WHERE ( cookbook_id =6 )  [ RunTime:0.000215s ]
SQL: SELECT * FROM `t_browsenumber` WHERE ( cookbook_id =6 )  [ RunTime:0.000233s ]
SQL: SELECT * FROM `t_material` WHERE ( cookbook_id =10 )  [ RunTime:0.000306s ]
SQL: SELECT * FROM `t_collectionnumber` WHERE ( cookbook_id =10 )  [ RunTime:0.000298s ]
SQL: SELECT * FROM `t_browsenumber` WHERE ( cookbook_id =10 )  [ RunTime:0.000252s ]
SQL: SELECT * FROM `t_material` WHERE ( cookbook_id =3 )  [ RunTime:0.000265s ]
SQL: SELECT * FROM `t_collectionnumber` WHERE ( cookbook_id =3 )  [ RunTime:0.000208s ]
SQL: SELECT * FROM `t_browsenumber` WHERE ( cookbook_id =3 )  [ RunTime:0.000186s ]
SQL: SELECT * FROM `t_material` WHERE ( cookbook_id =7 )  [ RunTime:0.000254s ]
SQL: SELECT * FROM `t_collectionnumber` WHERE ( cookbook_id =7 )  [ RunTime:0.000239s ]
SQL: SELECT * FROM `t_browsenumber` WHERE ( cookbook_id =7 )  [ RunTime:0.000204s ]
SQL: SELECT * FROM `t_material` WHERE ( cookbook_id =11 )  [ RunTime:0.000228s ]
SQL: SELECT * FROM `t_collectionnumber` WHERE ( cookbook_id =11 )  [ RunTime:0.000226s ]
SQL: SELECT * FROM `t_browsenumber` WHERE ( cookbook_id =11 )  [ RunTime:0.000226s ]
SQL: SELECT * FROM `t_material` WHERE ( cookbook_id =4 )  [ RunTime:0.000215s ]
SQL: SELECT * FROM `t_collectionnumber` WHERE ( cookbook_id =4 )  [ RunTime:0.000207s ]
SQL: SELECT * FROM `t_browsenumber` WHERE ( cookbook_id =4 )  [ RunTime:0.000198s ]
SQL: SELECT * FROM `t_material` WHERE ( cookbook_id =8 )  [ RunTime:0.000229s ]
SQL: SELECT * FROM `t_collectionnumber` WHERE ( cookbook_id =8 )  [ RunTime:0.000188s ]
SQL: SELECT * FROM `t_browsenumber` WHERE ( cookbook_id =8 )  [ RunTime:0.000206s ]
SQL: SELECT * FROM `t_material` WHERE ( cookbook_id =12 )  [ RunTime:0.000280s ]
SQL: SELECT * FROM `t_collectionnumber` WHERE ( cookbook_id =12 )  [ RunTime:0.000241s ]
SQL: SELECT * FROM `t_browsenumber` WHERE ( cookbook_id =12 )  [ RunTime:0.000202s ]
SQL: SELECT * FROM `t_material` WHERE ( cookbook_id =5 )  [ RunTime:0.000225s ]
SQL: SELECT * FROM `t_collectionnumber` WHERE ( cookbook_id =5 )  [ RunTime:0.000215s ]
SQL: SELECT * FROM `t_browsenumber` WHERE ( cookbook_id =5 )  [ RunTime:0.000187s ]
SQL: SELECT * FROM `t_material` WHERE ( cookbook_id =9 )  [ RunTime:0.000233s ]
SQL: SELECT * FROM `t_collectionnumber` WHERE ( cookbook_id =9 )  [ RunTime:0.000238s ]
SQL: SELECT * FROM `t_browsenumber` WHERE ( cookbook_id =9 )  [ RunTime:0.000194s ]
SQL: SELECT * FROM `t_material` WHERE ( cookbook_id =13 )  [ RunTime:0.000181s ]
SQL: SELECT * FROM `t_collectionnumber` WHERE ( cookbook_id =13 )  [ RunTime:0.000217s ]
SQL: SELECT * FROM `t_browsenumber` WHERE ( cookbook_id =13 )  [ RunTime:0.000252s ]
SQL: SELECT * FROM `t_material` WHERE ( cookbook_id =6 )  [ RunTime:0.000300s ]
SQL: SELECT * FROM `t_collectionnumber` WHERE ( cookbook_id =6 )  [ RunTime:0.000306s ]
SQL: SELECT * FROM `t_browsenumber` WHERE ( cookbook_id =6 )  [ RunTime:0.000261s ]
SQL: SELECT * FROM `t_material` WHERE ( cookbook_id =10 )  [ RunTime:0.000300s ]
SQL: SELECT * FROM `t_collectionnumber` WHERE ( cookbook_id =10 )  [ RunTime:0.000281s ]
SQL: SELECT * FROM `t_browsenumber` WHERE ( cookbook_id =10 )  [ RunTime:0.000298s ]
SQL: SELECT * FROM `t_material` WHERE ( cookbook_id =3 )  [ RunTime:0.000452s ]
SQL: SELECT * FROM `t_collectionnumber` WHERE ( cookbook_id =3 )  [ RunTime:0.000286s ]
SQL: SELECT * FROM `t_browsenumber` WHERE ( cookbook_id =3 )  [ RunTime:0.000339s ]
SQL: SELECT * FROM `t_material` WHERE ( cookbook_id =7 )  [ RunTime:0.000320s ]
SQL: SELECT * FROM `t_collectionnumber` WHERE ( cookbook_id =7 )  [ RunTime:0.000278s ]
SQL: SELECT * FROM `t_browsenumber` WHERE ( cookbook_id =7 )  [ RunTime:0.000233s ]
SQL: SELECT * FROM `t_material` WHERE ( cookbook_id =11 )  [ RunTime:0.000313s ]
SQL: SELECT * FROM `t_collectionnumber` WHERE ( cookbook_id =11 )  [ RunTime:0.000257s ]
SQL: SELECT * FROM `t_browsenumber` WHERE ( cookbook_id =11 )  [ RunTime:0.000233s ]
SQL: SELECT * FROM `t_material` WHERE ( cookbook_id =4 )  [ RunTime:0.000280s ]
SQL: SELECT * FROM `t_collectionnumber` WHERE ( cookbook_id =4 )  [ RunTime:0.000271s ]
SQL: SELECT * FROM `t_browsenumber` WHERE ( cookbook_id =4 )  [ RunTime:0.000249s ]
SQL: SELECT * FROM `t_material` WHERE ( cookbook_id =8 )  [ RunTime:0.000295s ]
SQL: SELECT * FROM `t_collectionnumber` WHERE ( cookbook_id =8 )  [ RunTime:0.000261s ]
SQL: SELECT * FROM `t_browsenumber` WHERE ( cookbook_id =8 )  [ RunTime:0.000281s ]
SQL: SELECT * FROM `t_material` WHERE ( cookbook_id =12 )  [ RunTime:0.000251s ]
SQL: SELECT * FROM `t_collectionnumber` WHERE ( cookbook_id =12 )  [ RunTime:0.000276s ]
SQL: SELECT * FROM `t_browsenumber` WHERE ( cookbook_id =12 )  [ RunTime:0.000250s ]
SQL: SELECT * FROM `t_material` WHERE ( cookbook_id =5 )  [ RunTime:0.000300s ]
SQL: SELECT * FROM `t_collectionnumber` WHERE ( cookbook_id =5 )  [ RunTime:0.000340s ]
SQL: SELECT * FROM `t_browsenumber` WHERE ( cookbook_id =5 )  [ RunTime:0.000229s ]
SQL: SELECT * FROM `t_material` WHERE ( cookbook_id =9 )  [ RunTime:0.000261s ]
SQL: SELECT * FROM `t_collectionnumber` WHERE ( cookbook_id =9 )  [ RunTime:0.000273s ]
SQL: SELECT * FROM `t_browsenumber` WHERE ( cookbook_id =9 )  [ RunTime:0.000295s ]
SQL: SELECT * FROM `t_material` WHERE ( cookbook_id =13 )  [ RunTime:0.000296s ]
SQL: SELECT * FROM `t_collectionnumber` WHERE ( cookbook_id =13 )  [ RunTime:0.000229s ]
SQL: SELECT * FROM `t_browsenumber` WHERE ( cookbook_id =13 )  [ RunTime:0.000307s ]
SQL: SELECT * FROM `t_material` WHERE ( cookbook_id =6 )  [ RunTime:0.000345s ]
SQL: SELECT * FROM `t_collectionnumber` WHERE ( cookbook_id =6 )  [ RunTime:0.000333s ]
SQL: SELECT * FROM `t_browsenumber` WHERE ( cookbook_id =6 )  [ RunTime:0.000323s ]
SQL: SELECT * FROM `t_material` WHERE ( cookbook_id =10 )  [ RunTime:0.000311s ]
SQL: SELECT * FROM `t_collectionnumber` WHERE ( cookbook_id =10 )  [ RunTime:0.000338s ]
SQL: SELECT * FROM `t_browsenumber` WHERE ( cookbook_id =10 )  [ RunTime:0.000283s ]
SQL: SELECT * FROM `t_material` WHERE ( cookbook_id =3 )  [ RunTime:0.000266s ]
SQL: SELECT * FROM `t_collectionnumber` WHERE ( cookbook_id =3 )  [ RunTime:0.000286s ]
SQL: SELECT * FROM `t_browsenumber` WHERE ( cookbook_id =3 )  [ RunTime:0.000276s ]
SQL: SELECT * FROM `t_material` WHERE ( cookbook_id =7 )  [ RunTime:0.000303s ]
SQL: SELECT * FROM `t_collectionnumber` WHERE ( cookbook_id =7 )  [ RunTime:0.000292s ]
SQL: SELECT * FROM `t_browsenumber` WHERE ( cookbook_id =7 )  [ RunTime:0.000236s ]
SQL: SELECT * FROM `t_material` WHERE ( cookbook_id =11 )  [ RunTime:0.000296s ]
SQL: SELECT * FROM `t_collectionnumber` WHERE ( cookbook_id =11 )  [ RunTime:0.000302s ]
SQL: SELECT * FROM `t_browsenumber` WHERE ( cookbook_id =11 )  [ RunTime:0.000241s ]
SQL: SELECT * FROM `t_material` WHERE ( cookbook_id =4 )  [ RunTime:0.000269s ]
SQL: SELECT * FROM `t_collectionnumber` WHERE ( cookbook_id =4 )  [ RunTime:0.000272s ]
SQL: SELECT * FROM `t_browsenumber` WHERE ( cookbook_id =4 )  [ RunTime:0.000329s ]
SQL: SELECT * FROM `t_material` WHERE ( cookbook_id =8 )  [ RunTime:0.000284s ]
SQL: SELECT * FROM `t_collectionnumber` WHERE ( cookbook_id =8 )  [ RunTime:0.000319s ]
SQL: SELECT * FROM `t_browsenumber` WHERE ( cookbook_id =8 )  [ RunTime:0.000293s ]
SQL: SELECT * FROM `t_material` WHERE ( cookbook_id =12 )  [ RunTime:0.000273s ]
SQL: SELECT * FROM `t_collectionnumber` WHERE ( cookbook_id =12 )  [ RunTime:0.000292s ]
SQL: SELECT * FROM `t_browsenumber` WHERE ( cookbook_id =12 )  [ RunTime:0.000261s ]
SQL: SELECT * FROM `t_material` WHERE ( cookbook_id =5 )  [ RunTime:0.000259s ]
SQL: SELECT * FROM `t_collectionnumber` WHERE ( cookbook_id =5 )  [ RunTime:0.000247s ]
SQL: SELECT * FROM `t_browsenumber` WHERE ( cookbook_id =5 )  [ RunTime:0.000302s ]
SQL: SELECT * FROM `t_material` WHERE ( cookbook_id =9 )  [ RunTime:0.000268s ]
SQL: SELECT * FROM `t_collectionnumber` WHERE ( cookbook_id =9 )  [ RunTime:0.000307s ]
SQL: SELECT * FROM `t_browsenumber` WHERE ( cookbook_id =9 )  [ RunTime:0.000255s ]
SQL: SELECT * FROM `t_material` WHERE ( cookbook_id =13 )  [ RunTime:0.000281s ]
SQL: SELECT * FROM `t_collectionnumber` WHERE ( cookbook_id =13 )  [ RunTime:0.000308s ]
SQL: SELECT * FROM `t_browsenumber` WHERE ( cookbook_id =13 )  [ RunTime:0.000287s ]
SQL: SELECT * FROM `t_material` WHERE ( cookbook_id =6 )  [ RunTime:0.000280s ]
SQL: SELECT * FROM `t_collectionnumber` WHERE ( cookbook_id =6 )  [ RunTime:0.000242s ]
SQL: SELECT * FROM `t_browsenumber` WHERE ( cookbook_id =6 )  [ RunTime:0.000322s ]
SQL: SELECT * FROM `t_material` WHERE ( cookbook_id =10 )  [ RunTime:0.000260s ]
SQL: SELECT * FROM `t_collectionnumber` WHERE ( cookbook_id =10 )  [ RunTime:0.000217s ]
SQL: SELECT * FROM `t_browsenumber` WHERE ( cookbook_id =10 )  [ RunTime:0.000247s ]
SQL: SELECT * FROM `t_material` WHERE ( cookbook_id =3 )  [ RunTime:0.000228s ]
SQL: SELECT * FROM `t_collectionnumber` WHERE ( cookbook_id =3 )  [ RunTime:0.000205s ]
SQL: SELECT * FROM `t_browsenumber` WHERE ( cookbook_id =3 )  [ RunTime:0.000237s ]
SQL: SELECT * FROM `t_material` WHERE ( cookbook_id =7 )  [ RunTime:0.000268s ]
SQL: SELECT * FROM `t_collectionnumber` WHERE ( cookbook_id =7 )  [ RunTime:0.000220s ]
SQL: SELECT * FROM `t_browsenumber` WHERE ( cookbook_id =7 )  [ RunTime:0.000186s ]
SQL: SELECT * FROM `t_material` WHERE ( cookbook_id =11 )  [ RunTime:0.000213s ]
SQL: SELECT * FROM `t_collectionnumber` WHERE ( cookbook_id =11 )  [ RunTime:0.000207s ]
SQL: SELECT * FROM `t_browsenumber` WHERE ( cookbook_id =11 )  [ RunTime:0.000235s ]
SQL: SELECT * FROM `t_material` WHERE ( cookbook_id =4 )  [ RunTime:0.000242s ]
SQL: SELECT * FROM `t_collectionnumber` WHERE ( cookbook_id =4 )  [ RunTime:0.000234s ]
SQL: SELECT * FROM `t_browsenumber` WHERE ( cookbook_id =4 )  [ RunTime:0.000297s ]
SQL: SELECT * FROM `t_material` WHERE ( cookbook_id =8 )  [ RunTime:0.000313s ]
SQL: SELECT * FROM `t_collectionnumber` WHERE ( cookbook_id =8 )  [ RunTime:0.000317s ]
SQL: SELECT * FROM `t_browsenumber` WHERE ( cookbook_id =8 )  [ RunTime:0.000528s ]
SQL: SELECT * FROM `t_material` WHERE ( cookbook_id =12 )  [ RunTime:0.000561s ]
SQL: SELECT * FROM `t_collectionnumber` WHERE ( cookbook_id =12 )  [ RunTime:0.000318s ]
SQL: SELECT * FROM `t_browsenumber` WHERE ( cookbook_id =12 )  [ RunTime:0.000265s ]
SQL: SELECT * FROM `t_material` WHERE ( cookbook_id =5 )  [ RunTime:0.000304s ]
SQL: SELECT * FROM `t_collectionnumber` WHERE ( cookbook_id =5 )  [ RunTime:0.000290s ]
SQL: SELECT * FROM `t_browsenumber` WHERE ( cookbook_id =5 )  [ RunTime:0.000267s ]
SQL: SELECT * FROM `t_material` WHERE ( cookbook_id =9 )  [ RunTime:0.000334s ]
SQL: SELECT * FROM `t_collectionnumber` WHERE ( cookbook_id =9 )  [ RunTime:0.000261s ]
SQL: SELECT * FROM `t_browsenumber` WHERE ( cookbook_id =9 )  [ RunTime:0.000278s ]
SQL: SELECT * FROM `t_material` WHERE ( cookbook_id =13 )  [ RunTime:0.000251s ]
SQL: SELECT * FROM `t_collectionnumber` WHERE ( cookbook_id =13 )  [ RunTime:0.000232s ]
SQL: SELECT * FROM `t_browsenumber` WHERE ( cookbook_id =13 )  [ RunTime:0.000391s ]
SQL: SELECT * FROM `t_material` WHERE ( cookbook_id =6 )  [ RunTime:0.000381s ]
SQL: SELECT * FROM `t_collectionnumber` WHERE ( cookbook_id =6 )  [ RunTime:0.000255s ]
SQL: SELECT * FROM `t_browsenumber` WHERE ( cookbook_id =6 )  [ RunTime:0.000268s ]
SQL: SELECT * FROM `t_material` WHERE ( cookbook_id =10 )  [ RunTime:0.000261s ]
SQL: SELECT * FROM `t_collectionnumber` WHERE ( cookbook_id =10 )  [ RunTime:0.000311s ]
SQL: SELECT * FROM `t_browsenumber` WHERE ( cookbook_id =10 )  [ RunTime:0.000323s ]
SQL: SELECT * FROM `t_material` WHERE ( cookbook_id =3 )  [ RunTime:0.000290s ]
SQL: SELECT * FROM `t_collectionnumber` WHERE ( cookbook_id =3 )  [ RunTime:0.000234s ]
SQL: SELECT * FROM `t_browsenumber` WHERE ( cookbook_id =3 )  [ RunTime:0.000286s ]
SQL: SELECT * FROM `t_material` WHERE ( cookbook_id =7 )  [ RunTime:0.000223s ]
SQL: SELECT * FROM `t_collectionnumber` WHERE ( cookbook_id =7 )  [ RunTime:0.000268s ]
SQL: SELECT * FROM `t_browsenumber` WHERE ( cookbook_id =7 )  [ RunTime:0.000324s ]
SQL: SELECT * FROM `t_material` WHERE ( cookbook_id =11 )  [ RunTime:0.000347s ]
SQL: SELECT * FROM `t_collectionnumber` WHERE ( cookbook_id =11 )  [ RunTime:0.000455s ]
SQL: SELECT * FROM `t_browsenumber` WHERE ( cookbook_id =11 )  [ RunTime:0.000386s ]
SQL: SELECT * FROM `t_material` WHERE ( cookbook_id =4 )  [ RunTime:0.000298s ]
SQL: SELECT * FROM `t_collectionnumber` WHERE ( cookbook_id =4 )  [ RunTime:0.000266s ]
SQL: SELECT * FROM `t_browsenumber` WHERE ( cookbook_id =4 )  [ RunTime:0.000298s ]
SQL: SELECT * FROM `t_material` WHERE ( cookbook_id =8 )  [ RunTime:0.000340s ]
SQL: SELECT * FROM `t_collectionnumber` WHERE ( cookbook_id =8 )  [ RunTime:0.000294s ]
SQL: SELECT * FROM `t_browsenumber` WHERE ( cookbook_id =8 )  [ RunTime:0.000268s ]
SQL: SELECT * FROM `t_material` WHERE ( cookbook_id =12 )  [ RunTime:0.000326s ]
SQL: SELECT * FROM `t_collectionnumber` WHERE ( cookbook_id =12 )  [ RunTime:0.000290s ]
SQL: SELECT * FROM `t_browsenumber` WHERE ( cookbook_id =12 )  [ RunTime:0.000283s ]
SQL: SELECT * FROM `t_material` WHERE ( cookbook_id =5 )  [ RunTime:0.000295s ]
SQL: SELECT * FROM `t_collectionnumber` WHERE ( cookbook_id =5 )  [ RunTime:0.000318s ]
SQL: SELECT * FROM `t_browsenumber` WHERE ( cookbook_id =5 )  [ RunTime:0.000337s ]
SQL: SELECT * FROM `t_material` WHERE ( cookbook_id =9 )  [ RunTime:0.000426s ]
SQL: SELECT * FROM `t_collectionnumber` WHERE ( cookbook_id =9 )  [ RunTime:0.000388s ]
SQL: SELECT * FROM `t_browsenumber` WHERE ( cookbook_id =9 )  [ RunTime:0.000319s ]
SQL: SELECT * FROM `t_material` WHERE ( cookbook_id =13 )  [ RunTime:0.000302s ]
SQL: SELECT * FROM `t_collectionnumber` WHERE ( cookbook_id =13 )  [ RunTime:0.000290s ]
SQL: SELECT * FROM `t_browsenumber` WHERE ( cookbook_id =13 )  [ RunTime:0.000276s ]
SQL: SELECT * FROM `t_material` WHERE ( cookbook_id =6 )  [ RunTime:0.000293s ]
SQL: SELECT * FROM `t_collectionnumber` WHERE ( cookbook_id =6 )  [ RunTime:0.000339s ]
SQL: SELECT * FROM `t_browsenumber` WHERE ( cookbook_id =6 )  [ RunTime:0.000324s ]
SQL: SELECT * FROM `t_material` WHERE ( cookbook_id =10 )  [ RunTime:0.000334s ]
SQL: SELECT * FROM `t_collectionnumber` WHERE ( cookbook_id =10 )  [ RunTime:0.000301s ]
SQL: SELECT * FROM `t_browsenumber` WHERE ( cookbook_id =10 )  [ RunTime:0.000323s ]
SQL: SELECT * FROM `t_material` WHERE ( cookbook_id =3 )  [ RunTime:0.000364s ]
SQL: SELECT * FROM `t_collectionnumber` WHERE ( cookbook_id =3 )  [ RunTime:0.000370s ]
SQL: SELECT * FROM `t_browsenumber` WHERE ( cookbook_id =3 )  [ RunTime:0.000297s ]
SQL: SELECT * FROM `t_material` WHERE ( cookbook_id =7 )  [ RunTime:0.000248s ]
SQL: SELECT * FROM `t_collectionnumber` WHERE ( cookbook_id =7 )  [ RunTime:0.000273s ]
SQL: SELECT * FROM `t_browsenumber` WHERE ( cookbook_id =7 )  [ RunTime:0.000228s ]
SQL: SELECT * FROM `t_material` WHERE ( cookbook_id =11 )  [ RunTime:0.000278s ]
SQL: SELECT * FROM `t_collectionnumber` WHERE ( cookbook_id =11 )  [ RunTime:0.000301s ]
SQL: SELECT * FROM `t_browsenumber` WHERE ( cookbook_id =11 )  [ RunTime:0.000270s ]
SQL: SELECT * FROM `t_material` WHERE ( cookbook_id =4 )  [ RunTime:0.000219s ]
SQL: SELECT * FROM `t_collectionnumber` WHERE ( cookbook_id =4 )  [ RunTime:0.000268s ]
SQL: SELECT * FROM `t_browsenumber` WHERE ( cookbook_id =4 )  [ RunTime:0.000248s ]
SQL: SELECT * FROM `t_material` WHERE ( cookbook_id =8 )  [ RunTime:0.000285s ]
SQL: SELECT * FROM `t_collectionnumber` WHERE ( cookbook_id =8 )  [ RunTime:0.000271s ]
SQL: SELECT * FROM `t_browsenumber` WHERE ( cookbook_id =8 )  [ RunTime:0.000266s ]
SQL: SELECT * FROM `t_material` WHERE ( cookbook_id =12 )  [ RunTime:0.000477s ]
SQL: SELECT * FROM `t_collectionnumber` WHERE ( cookbook_id =12 )  [ RunTime:0.000361s ]
SQL: SELECT * FROM `t_browsenumber` WHERE ( cookbook_id =12 )  [ RunTime:0.000324s ]
SQL: SELECT * FROM `t_material` WHERE ( cookbook_id =5 )  [ RunTime:0.000288s ]
SQL: SELECT * FROM `t_collectionnumber` WHERE ( cookbook_id =5 )  [ RunTime:0.000252s ]
SQL: SELECT * FROM `t_browsenumber` WHERE ( cookbook_id =5 )  [ RunTime:0.000298s ]
SQL: SELECT * FROM `t_material` WHERE ( cookbook_id =9 )  [ RunTime:0.000275s ]
SQL: SELECT * FROM `t_collectionnumber` WHERE ( cookbook_id =9 )  [ RunTime:0.000285s ]
SQL: SELECT * FROM `t_browsenumber` WHERE ( cookbook_id =9 )  [ RunTime:0.000259s ]
SQL: SELECT * FROM `t_material` WHERE ( cookbook_id =13 )  [ RunTime:0.000258s ]
SQL: SELECT * FROM `t_collectionnumber` WHERE ( cookbook_id =13 )  [ RunTime:0.000249s ]
SQL: SELECT * FROM `t_browsenumber` WHERE ( cookbook_id =13 )  [ RunTime:0.000232s ]
SQL: SELECT * FROM `t_material` WHERE ( cookbook_id =6 )  [ RunTime:0.000285s ]
SQL: SELECT * FROM `t_collectionnumber` WHERE ( cookbook_id =6 )  [ RunTime:0.000267s ]
SQL: SELECT * FROM `t_browsenumber` WHERE ( cookbook_id =6 )  [ RunTime:0.000377s ]
SQL: SELECT * FROM `t_material` WHERE ( cookbook_id =10 )  [ RunTime:0.000320s ]
SQL: SELECT * FROM `t_collectionnumber` WHERE ( cookbook_id =10 )  [ RunTime:0.000322s ]
SQL: SELECT * FROM `t_browsenumber` WHERE ( cookbook_id =10 )  [ RunTime:0.000273s ]
SQL: SELECT * FROM `t_material` WHERE ( cookbook_id =3 )  [ RunTime:0.000321s ]
SQL: SELECT * FROM `t_collectionnumber` WHERE ( cookbook_id =3 )  [ RunTime:0.000251s ]
SQL: SELECT * FROM `t_browsenumber` WHERE ( cookbook_id =3 )  [ RunTime:0.000242s ]
SQL: SELECT * FROM `t_material` WHERE ( cookbook_id =7 )  [ RunTime:0.000330s ]
SQL: SELECT * FROM `t_collectionnumber` WHERE ( cookbook_id =7 )  [ RunTime:0.000285s ]
SQL: SELECT * FROM `t_browsenumber` WHERE ( cookbook_id =7 )  [ RunTime:0.000272s ]
SQL: SELECT * FROM `t_material` WHERE ( cookbook_id =11 )  [ RunTime:0.000289s ]
SQL: SELECT * FROM `t_collectionnumber` WHERE ( cookbook_id =11 )  [ RunTime:0.000281s ]
SQL: SELECT * FROM `t_browsenumber` WHERE ( cookbook_id =11 )  [ RunTime:0.000270s ]
SQL: SELECT * FROM `t_material` WHERE ( cookbook_id =4 )  [ RunTime:0.000319s ]
SQL: SELECT * FROM `t_collectionnumber` WHERE ( cookbook_id =4 )  [ RunTime:0.000254s ]
SQL: SELECT * FROM `t_browsenumber` WHERE ( cookbook_id =4 )  [ RunTime:0.000362s ]
SQL: SELECT * FROM `t_material` WHERE ( cookbook_id =8 )  [ RunTime:0.000433s ]
SQL: SELECT * FROM `t_collectionnumber` WHERE ( cookbook_id =8 )  [ RunTime:0.000329s ]
SQL: SELECT * FROM `t_browsenumber` WHERE ( cookbook_id =8 )  [ RunTime:0.000292s ]
SQL: SELECT * FROM `t_material` WHERE ( cookbook_id =12 )  [ RunTime:0.000281s ]
SQL: SELECT * FROM `t_collectionnumber` WHERE ( cookbook_id =12 )  [ RunTime:0.000265s ]
SQL: SELECT * FROM `t_browsenumber` WHERE ( cookbook_id =12 )  [ RunTime:0.000232s ]
SQL: SELECT * FROM `t_material` WHERE ( cookbook_id =8 )  [ RunTime:0.000280s ]
SQL: SELECT * FROM `t_collectionnumber` WHERE ( cookbook_id =8 )  [ RunTime:0.000210s ]
SQL: SELECT * FROM `t_browsenumber` WHERE ( cookbook_id =8 )  [ RunTime:0.000198s ]
SQL: SELECT * FROM `t_material` WHERE ( cookbook_id =12 )  [ RunTime:0.000228s ]
SQL: SELECT * FROM `t_collectionnumber` WHERE ( cookbook_id =12 )  [ RunTime:0.000197s ]
SQL: SELECT * FROM `t_browsenumber` WHERE ( cookbook_id =12 )  [ RunTime:0.000246s ]
SQL: SELECT * FROM `t_material` WHERE ( cookbook_id =5 )  [ RunTime:0.000226s ]
SQL: SELECT * FROM `t_collectionnumber` WHERE ( cookbook_id =5 )  [ RunTime:0.000303s ]
SQL: SELECT * FROM `t_browsenumber` WHERE ( cookbook_id =5 )  [ RunTime:0.000261s ]
SQL: SELECT * FROM `t_material` WHERE ( cookbook_id =9 )  [ RunTime:0.000275s ]
SQL: SELECT * FROM `t_collectionnumber` WHERE ( cookbook_id =9 )  [ RunTime:0.000233s ]
SQL: SELECT * FROM `t_browsenumber` WHERE ( cookbook_id =9 )  [ RunTime:0.000216s ]
SQL: SELECT * FROM `t_material` WHERE ( cookbook_id =13 )  [ RunTime:0.000243s ]
SQL: SELECT * FROM `t_collectionnumber` WHERE ( cookbook_id =13 )  [ RunTime:0.000254s ]
SQL: SELECT * FROM `t_browsenumber` WHERE ( cookbook_id =13 )  [ RunTime:0.000232s ]
SQL: SELECT * FROM `t_material` WHERE ( cookbook_id =6 )  [ RunTime:0.000230s ]
SQL: SELECT * FROM `t_collectionnumber` WHERE ( cookbook_id =6 )  [ RunTime:0.000268s ]
SQL: SELECT * FROM `t_browsenumber` WHERE ( cookbook_id =6 )  [ RunTime:0.000235s ]
SQL: SELECT * FROM `t_material` WHERE ( cookbook_id =10 )  [ RunTime:0.000235s ]
SQL: SELECT * FROM `t_collectionnumber` WHERE ( cookbook_id =10 )  [ RunTime:0.000226s ]
SQL: SELECT * FROM `t_browsenumber` WHERE ( cookbook_id =10 )  [ RunTime:0.000235s ]
SQL: SELECT * FROM `t_material` WHERE ( cookbook_id =3 )  [ RunTime:0.000260s ]
SQL: SELECT * FROM `t_collectionnumber` WHERE ( cookbook_id =3 )  [ RunTime:0.000282s ]
SQL: SELECT * FROM `t_browsenumber` WHERE ( cookbook_id =3 )  [ RunTime:0.000267s ]
SQL: SELECT * FROM `t_material` WHERE ( cookbook_id =7 )  [ RunTime:0.000270s ]
SQL: SELECT * FROM `t_collectionnumber` WHERE ( cookbook_id =7 )  [ RunTime:0.000398s ]
SQL: SELECT * FROM `t_browsenumber` WHERE ( cookbook_id =7 )  [ RunTime:0.000346s ]
SQL: SELECT * FROM `t_material` WHERE ( cookbook_id =11 )  [ RunTime:0.000317s ]
SQL: SELECT * FROM `t_collectionnumber` WHERE ( cookbook_id =11 )  [ RunTime:0.000290s ]
SQL: SELECT * FROM `t_browsenumber` WHERE ( cookbook_id =11 )  [ RunTime:0.000236s ]
SQL: SELECT * FROM `t_material` WHERE ( cookbook_id =4 )  [ RunTime:0.000216s ]
SQL: SELECT * FROM `t_collectionnumber` WHERE ( cookbook_id =4 )  [ RunTime:0.000212s ]
SQL: SELECT * FROM `t_browsenumber` WHERE ( cookbook_id =4 )  [ RunTime:0.000191s ]

[ 2016-12-06T17:30:32+08:00 ] ::1 /cookinggod/index.php/Home/user/userdetail
INFO: [ app_init ] --START--
INFO: Run Behavior\BuildLiteBehavior [ RunTime:0.000043s ]
INFO: [ app_init ] --END-- [ RunTime:0.002502s ]
INFO: [ app_begin ] --START--
INFO: Run Behavior\ReadHtmlCacheBehavior [ RunTime:0.002138s ]
INFO: [ app_begin ] --END-- [ RunTime:0.002276s ]
NOTIC: [8192] mysql_connect(): The mysql extension is deprecated and will be removed in the future: use mysqli or PDO instead /Applications/MAMP/htdocs/ThinkPHP/Library/Think/Db/Driver/Mysql.class.php 第 52 行.
SQL: SHOW COLUMNS FROM `t_user` [ RunTime:0.002693s ]
SQL: SELECT * FROM `t_user` WHERE ( user_id=2 )  [ RunTime:0.000417s ]
SQL: SHOW COLUMNS FROM `t_fans` [ RunTime:0.002769s ]
SQL: SELECT * FROM `t_fans` WHERE ( user_id=2 )  [ RunTime:0.000681s ]
SQL: SELECT * FROM `t_fans` WHERE ( user_fans=2 )  [ RunTime:0.000896s ]

[ 2016-12-06T17:30:33+08:00 ] ::1 /cookinggod/index.php/Home/user/userdetail
INFO: [ app_init ] --START--
INFO: Run Behavior\BuildLiteBehavior [ RunTime:0.000039s ]
INFO: [ app_init ] --END-- [ RunTime:0.002206s ]
INFO: [ app_begin ] --START--
INFO: Run Behavior\ReadHtmlCacheBehavior [ RunTime:0.002142s ]
INFO: [ app_begin ] --END-- [ RunTime:0.002282s ]
NOTIC: [8192] mysql_connect(): The mysql extension is deprecated and will be removed in the future: use mysqli or PDO instead /Applications/MAMP/htdocs/ThinkPHP/Library/Think/Db/Driver/Mysql.class.php 第 52 行.
SQL: SHOW COLUMNS FROM `t_user` [ RunTime:0.002432s ]
SQL: SELECT * FROM `t_user` WHERE ( user_id=2 )  [ RunTime:0.000438s ]
SQL: SHOW COLUMNS FROM `t_fans` [ RunTime:0.006388s ]
SQL: SELECT * FROM `t_fans` WHERE ( user_id=2 )  [ RunTime:0.000341s ]
SQL: SELECT * FROM `t_fans` WHERE ( user_fans=2 )  [ RunTime:0.000310s ]

